*------------------------------------------------------------*
* Score Log
Date:                December 12, 2017
Time:                13:10:13
*------------------------------------------------------------*
16644  %let EMEXCEPTIONSTRING=;
16645  *------------------------------------------------------------*;
16646  * SCORE: Tree3;
16647  *------------------------------------------------------------*;
16648  %let EM_ACTION = SCORE;
16649  %let syscc = 0;
16650  %macro main;
16651  
16652    %if %upcase(&EM_ACTION) = CREATE %then %do;
16653      filename temp catalog 'sashelp.emmodl.tree_create.source';
16654      %include temp;
16655      filename temp;
16656  
16657      %em_tree_create;
16658    %end;
16659  
16660     %else
16661     %if %upcase(&EM_ACTION) = TRAIN %then %do;
16662  
16663         filename temp catalog 'sashelp.emmodl.tree_train.source';
16664         %include temp;
16665         filename temp;
16666         %em_tree_train;
16667     %end;
16668  
16669    %else
16670    %if %upcase(&EM_ACTION) = SCORE %then %do;
16671      filename temp catalog 'sashelp.emmodl.tree_score.source';
16672      %include temp;
16673      filename temp;
16674  
16675      %em_tree_score;
16676  
16677    %end;
16678  
16679    %else
16680    %if %upcase(&EM_ACTION) = REPORT %then %do;
16681  
16682         filename temp catalog 'sashelp.emmodl.tree_report.source';
16683         %include temp;
16684         filename temp;
16685  
16686         %em_tree_report;
16687     %end;
16688  
16689    %else
16690    %if %upcase(&EM_ACTION) = OPENINT %then %do;
16691  
16692         filename temp catalog 'sashelp.emmodl.tree_actions.source';
16693         %include temp;
16694         filename temp;
16695         %EM_TREE_OPENTREEVIEWER;
16696  
16697     %end;
16698  
16699    %else
16700    %if %upcase(&EM_ACTION) = CLOSEINT %then %do;
16701  
16702         filename temp catalog 'sashelp.emmodl.tree_actions.source';
16703         %include temp;
16704         filename temp;
16705         %EM_TREE_CLOSETREEVIEWER;
16706  
16707     %end;
16708  
16709  
16710     %doendm:
16711  %mend main;
16712  
16713  %main;
NOTE: %INCLUDE (level 1) file TEMP is file SASHELP.EMMODL.TREE_SCORE.SOURCE.
16715 +%macro em_tree_score;
16717 +   /* determine if multiple targets will be processed */
16718 +   %let em_tree_multipleTargets=N;
16719 +   %let em_tree_numTarget=1;
16720 +   %if "&EM_PROPERTY_USEMULTIPLETARGET" eq "Y" %then %do;
16721 +      /* determine if there are any ordinal target variables - if so, multiple targets are not supported */
16722 +      %if &EM_NUM_ORDINAL_TARGET gt 0 %then %do;
16723 +         %let em_tree_multipleTargets=N;
16724 +      %end;
16725 +      %else %do;
16726 +         /* create macro array of targets  */
16727 +         data _null_;
16728 +           set &EM_DATA_VARIABLESET(where=(ROLE='TARGET' AND LEVEL^='ORDINAL')) end=eof;
16729 +           call symput('em_tree_targetVars'!!strip(put(_N_, BEST.)), strip(Name));
16730 +           if eof then
16731 +             call symput('em_tree_numTarget', strip(put(_N_, BEST.)));
16732 +        run;
16734 +        %if &em_tree_numTarget gt 1 %then %do;
16735 +           %let em_tree_multipleTargets=Y;
16736 +        %end;
16737 +      %end;
16738 +   %end;
16740 +   /* build flow and publish scoring code */
16741 +   %EM_GETNAME(key=TREEFLOW, type=FILE, extension=sas);
16742 +   %EM_GETNAME(key=TREEPUBLISH, type=FILE, extension=sas);
16744 +   filename treeflow "&EM_USER_TREEFLOW";
16745 +   filename treepub "&EM_USER_TREEPUBLISH";
16747 +   filename flowref  "&EM_FILE_EMFLOWSCORECODE";
16748 +   filename pubref   "&EM_FILE_EMPUBLISHSCORECODE";
16750 +   %em_copyfile(infref=treeflow, outfref=flowref);
16751 +   %em_copyfile(infref=treepub, outfref=pubref);
16753 +   filename treeflow;
16754 +   filename treepub;
16756 +   /* if priors are used, add code to generate unadjusted residuals in export */
16757 +   %let useAdjPriors = N;
16758 +   data _null_;
16759 +     set &EM_DEC_DECMETA(where=(_TYPE_="DECPRIOR"));
16760 +     if USE="Y" then call symput('useAdjPriors', 'Y');
16761 +   run;
16762 +   %if (("&em_tree_multipleTargets" eq "N") AND ("&useAdjPriors" eq "Y")) %then %do;
16763 +      filename temp catalog 'sashelp.emutil.em_makeunadjustedresidualvars.source';
16764 +      %include temp;
16765 +      filename temp;
16767 +      %EM_GETNAME(key=adjResidualCode, type=FILE, extension=sas);
16768 +      filename adjref "&EM_USER_adjResidualCode";
16769 +      %makeUnadjustedResidualVars(target=%EM_TARGET, decmeta=&EM_DEC_DECMETA, fref=adjref);
16771 +      %em_copyfile(infref=adjref, outfref=flowref, append=Y);
16773 +      filename adjref;
16774 +   %end;
16776 +   /* LEAF */
16777 +   %if "&EM_PROPERTY_LEAFID" eq "Y" %then %do;
16778 +      data _null_;
16779 +        file flowref mod;
16780 +        put 'drop _LEAF_;';
16781 +      run;
16783 +      data _null_;
16784 +        file pubref mod;
16785 +        put 'drop _LEAF_;';
16786 +      run;
16788 +   %end;
16790 +   filename flowref;
16791 +   filename pubref;
16793 +   /* em_metachange code */
16794 +   %if "&EM_PROPERTY_LEAFID" eq "Y" %then %do;
16795 +     %EM_METACHANGE(name=_NODE_, role=&EM_PROPERTY_NODEROLE, LEVEL=NOMINAL);
16796 +   %end;
16798 +   /* variable selection based on importance stat    */
16799 +   %if "&EM_PROPERTY_VARSELECTION" eq "Y" %then %do;
16800 +     %EM_GETNAME(key=OUTIMPORT, type=DATA);
16801 +     %let dsid = %sysfunc(open(&EM_USER_OUTIMPORT(where=(IMPORTANCE<0.05))));
16802 +     %let varnum = %sysfunc(varnum(&dsid, NAME));
16803 +     %let obs = %sysfunc(fetch(&dsid));
16804 +     %do %while(&obs=0);
16805 +       %let temp = %nrbquote(%sysfunc(getvarc(&dsid, &varnum)));
16806 +       %let varname = %nrbquote(%sysfunc(tranwrd(&temp,  %str(%"),"")));
16807 +       %EM_METACHANGE(name=&varname, role=REJECTED);
16808 +       %let obs = %sysfunc(fetch(&dsid));
16809 +     %end;
16810 +     %if &dsid %then %let dsid=%sysfunc(close(&dsid));
16811 +   %end;
16813 +   /* set Q_ varaibles to role of ASSESS when in the presense of prior probabilities */
16814 +   %if %sysfunc(exist(&EM_DEC_DECMETA)) %then %do;
16815 +    %let tree_pred_vars = ;
16816 +    %let tree_pred_lvl =;
16817 +    %let numpred= 0;
16819 +    data _null_;
16820 +     set &EM_DEC_DECMETA(where=(_TYPE_="PREDICTED")) end=eof;
16821 +     call symput('tree_pred_vars'!!strip(put(_N_, BEST.)), strip(VARIABLE));
16822 +     call symput('tree_pred_lvl'!!strip(put(_N_, BEST.)), strip(LEVEL));
16823 +     if eof then
16824 +       call symput('numpred', strip(put(_N_, BEST.)));
16825 +    run;
16826 +   %end;
16828 +   %if &numpred ne 0 %then %do;
16829 +    %do i=1 %to &numpred;
16830 +      %let qpred = Q%substr(&&tree_pred_vars&i,2);
16831 +      %EM_METACHANGE(name=&qpred, role=ASSESS);
16832 +    %end;
16833 +   %end;
16835 +   /* determine if multiple targets will be processed */
16836 +   %let em_tree_multipleTargets=N;
16837 +   %let em_tree_numTarget=1;
16838 +   %if "&EM_PROPERTY_USEMULTIPLETARGET" eq "Y" %then %do;
16839 +      /* determine if there are any ordinal target variables - if so, multiple targets are not supported */
16840 +      %if &EM_NUM_ORDINAL_TARGET gt 0 %then %do;
16841 +         %let em_tree_multipleTargets=N;
16842 +      %end;
16843 +      %else %do;
16844 +        data _null_;
16845 +          set &EM_DATA_VARIABLESET(where=(ROLE='TARGET' AND LEVEL^='ORDINAL')) end=eof;
16846 +          if eof then
16847 +            call symput('em_tree_numTarget', strip(put(_N_, BEST.)));
16848 +        run;
16850 +        %if &em_tree_numTarget gt 1 %then %do;
16851 +           %let em_tree_multipleTargets=Y;
16852 +        %end;
16853 +     %end;
16854 +   %end;
16856 +   /* need to include this code to do the %em_report for OUTIMPORT here instead of in Report code so _loop data set is created when group processing */
16857 +   %if "&em_tree_multipleTargets" eq "N" %then %do;
16859 +      /* variable importance */
16860 +      %EM_GETNAME(key=OUTIMPORT, type=DATA);
16861 +      %if %sysfunc(exist(&EM_USER_OUTIMPORT)) eq 1 %then %do;
16863 +         %let validexist=0;
16864 +         %if (("&EM_IMPORT_VALIDATE" ne "") AND (%sysfunc(exist(&EM_IMPORT_VALIDATE)) or %sysfunc(exist(&EM_IMPORT_VALIDATE,VIEW)))) %then %do;
16865 +           %let validexist=1;
16866 +         %end;
16868 +         /* determine if vars exists - properties could indicate they are they but freeze=Y would mean the node wasn't retrained */
16869 +         /* and the columns may not be generated                                                                                 */
16870 +         %let em_tree_cvexists=;
16871 +         %let em_tree_surrexists=.;
16872 +         data _null_;
16873 +            set &EM_USER_OUTIMPORT (obs=2) end=eof;
16874 +            if eof then do ;
16875 +               call symput("em_tree_cvexists" , strip(put(cvimportance,best.))) ;
16876 +               call symput("em_tree_surrexists", strip(put(nsurrogates, best.)));
16877 +            end;
16878 +         run;
16880 +         data &EM_USER_OUTIMPORT;
16881 +            set &EM_USER_OUTIMPORT;
16883 +            /* format columns based on Precison value specified */
16884 +            format importance 15.&EM_PROPERTY_PRECISION
16885 +                 %if &validexist %then %do;
16886 +                   vimportance ratio 15.&EM_PROPERTY_PRECISION
16887 +                 %end;
16888 +                 %if "&EM_TREE_CVEXISTS" ne "." %then %do;
16889 +                   cvimportance vimportance ratio 15.&EM_PROPERTY_PRECISION
16890 +                 %end;
16891 +            ;
16892 +            label  NAME       = "%sysfunc(sasmsg(sashelp.dmine, meta_name_vlabel, noquote))"
16893 +                 LABEL        = "%sysfunc(sasmsg(sashelp.dmine, meta_label_vlabel, noquote))"
16894 +                 NRULES       = "%sysfunc(sasmsg(sashelp.dmine, rpt_nrules_vlabel, noquote))"
16895 +                 IMPORTANCE   = "%sysfunc(sasmsg(sashelp.dmine, rpt_importance_vlabel, noquote))"
16896 +                 %if "&em_tree_surrexists" ne "" %then %do;
16897 +                   NSURROGATES  = "%sysfunc(sasmsg(sashelp.dmine, rpt_nsurrogates_vlabel, noquote))"
16898 +                 %end;
16899 +                 %if &validexist %then %do;
16900 +                   VIMPORTANCE = "%sysfunc(sasmsg(sashelp.dmine, rpt_vimportance_vlabel, noquote))"
16901 +                   RATIO       = "%sysfunc(sasmsg(sashelp.dmine, rpt_ratio_vlabel, noquote))"
16902 +                 %end;
16903 +                 %if "&EM_TREE_CVEXISTS" ne "" %then %do;
16904 +                   VIMPORTANCE = "%sysfunc(sasmsg(sashelp.dmine, rpt_vimportance_vlabel, noquote))"
16905 +                   CVIMPORTANCE =  "%sysfunc(sasmsg(sashelp.dmine, rpt_cvimport_vlabel, noquote))"
16906 +                   CVRULES= "%sysfunc(sasmsg(sashelp.dmine, rpt_cvrules_vlabel, noquote))"
16907 +                   RATIO = "%sysfunc(sasmsg(sashelp.dmine, rpt_ratio_vlabel, noquote))"
16908 +                 %end;
16909 +            ;
16910 +         run;
16912 +         %EM_REPORT(key=OUTIMPORT, viewtype=DATA, block=MODEL, description=IMPORTANCE, autodisplay=N);
16913 +      %end;
16914 +   %end;
16916 +   %doendm:
16917 +%mend em_tree_score;
NOTE: %INCLUDE (level 1) ending.
NOTE: Fileref TEMP has been deassigned.

NOTE: The file FLOWREF is:
      Filename=\\filer.uncc.edu\home\hkatrag1\Predictive Analytics_modified\Workspaces\EMWS4\Tree3\EMFLOWSCORE.sas,
      RECFM=V,LRECL=20000,File Size (bytes)=0,
      Last Modified=12Dec2017:13:10:17,
      Create Time=12Dec2017:13:10:17

NOTE: 245 records were written to the file FLOWREF.
      The minimum record length was 1.
      The maximum record length was 65.
NOTE: DATA statement used (Total process time):
      real time           0.01 seconds
      cpu time            0.00 seconds
      


NOTE: The file PUBREF is:
      Filename=\\filer.uncc.edu\home\hkatrag1\Predictive Analytics_modified\Workspaces\EMWS4\Tree3\EMPUBLISHSCORE.sas,
      RECFM=V,LRECL=20000,File Size (bytes)=0,
      Last Modified=12Dec2017:13:10:17,
      Create Time=12Dec2017:13:10:17

NOTE: 223 records were written to the file PUBREF.
      The minimum record length was 1.
      The maximum record length was 65.
NOTE: DATA statement used (Total process time):
      real time           0.01 seconds
      cpu time            0.01 seconds
      

NOTE: Fileref TREEFLOW has been deassigned.
NOTE: Fileref TREEPUB has been deassigned.

NOTE: There were 1 observations read from the data set EMWS4.IDS_RESPOND_DM.
      WHERE _TYPE_='DECPRIOR';
NOTE: DATA statement used (Total process time):
      real time           0.01 seconds
      cpu time            0.00 seconds
      


NOTE: The file FLOWREF is:
      Filename=\\filer.uncc.edu\home\hkatrag1\Predictive Analytics_modified\Workspaces\EMWS4\Tree3\EMFLOWSCORE.sas,
      RECFM=V,LRECL=32767,File Size (bytes)=9226,
      Last Modified=12Dec2017:13:10:17,
      Create Time=12Dec2017:13:10:17

NOTE: 1 record was written to the file FLOWREF.
      The minimum record length was 12.
      The maximum record length was 12.
NOTE: DATA statement used (Total process time):
      real time           0.00 seconds
      cpu time            0.00 seconds
      


NOTE: The file PUBREF is:
      Filename=\\filer.uncc.edu\home\hkatrag1\Predictive Analytics_modified\Workspaces\EMWS4\Tree3\EMPUBLISHSCORE.sas,
      RECFM=V,LRECL=32767,File Size (bytes)=8597,
      Last Modified=12Dec2017:13:10:17,
      Create Time=12Dec2017:13:10:17

NOTE: 1 record was written to the file PUBREF.
      The minimum record length was 12.
      The maximum record length was 12.
NOTE: DATA statement used (Total process time):
      real time           0.00 seconds
      cpu time            0.00 seconds
      

NOTE: Fileref FLOWREF has been deassigned.
NOTE: Fileref PUBREF has been deassigned.

NOTE: The data set WORK.EM_METACHANGE has 1 observations and 9 variables.
NOTE: DATA statement used (Total process time):
      real time           0.00 seconds
      cpu time            0.00 seconds
      


NOTE: There were 1 observations read from the data set WORK.EM_METACHANGE.
NOTE: The data set WORK.EM_METACHANGE has 2 observations and 9 variables.
NOTE: DATA statement used (Total process time):
      real time           0.01 seconds
      cpu time            0.01 seconds
      


NOTE: There were 2 observations read from the data set WORK.EM_METACHANGE.
NOTE: The data set WORK.EM_METACHANGE has 3 observations and 9 variables.
NOTE: DATA statement used (Total process time):
      real time           0.00 seconds
      cpu time            0.00 seconds
      


NOTE: There were 3 observations read from the data set WORK.EM_METACHANGE.
NOTE: The data set WORK.EM_METACHANGE has 4 observations and 9 variables.
NOTE: DATA statement used (Total process time):
      real time           0.01 seconds
      cpu time            0.01 seconds
      


NOTE: There were 4 observations read from the data set WORK.EM_METACHANGE.
NOTE: The data set WORK.EM_METACHANGE has 5 observations and 9 variables.
NOTE: DATA statement used (Total process time):
      real time           0.00 seconds
      cpu time            0.00 seconds
      


NOTE: There were 5 observations read from the data set WORK.EM_METACHANGE.
NOTE: The data set WORK.EM_METACHANGE has 6 observations and 9 variables.
NOTE: DATA statement used (Total process time):
      real time           0.01 seconds
      cpu time            0.01 seconds
      


NOTE: There were 6 observations read from the data set WORK.EM_METACHANGE.
NOTE: The data set WORK.EM_METACHANGE has 7 observations and 9 variables.
NOTE: DATA statement used (Total process time):
      real time           0.01 seconds
      cpu time            0.01 seconds
      


NOTE: There were 7 observations read from the data set WORK.EM_METACHANGE.
NOTE: The data set WORK.EM_METACHANGE has 8 observations and 9 variables.
NOTE: DATA statement used (Total process time):
      real time           0.00 seconds
      cpu time            0.00 seconds
      


NOTE: There were 8 observations read from the data set WORK.EM_METACHANGE.
NOTE: The data set WORK.EM_METACHANGE has 9 observations and 9 variables.
NOTE: DATA statement used (Total process time):
      real time           0.01 seconds
      cpu time            0.01 seconds
      


NOTE: There were 9 observations read from the data set WORK.EM_METACHANGE.
NOTE: The data set WORK.EM_METACHANGE has 10 observations and 9 variables.
NOTE: DATA statement used (Total process time):
      real time           0.00 seconds
      cpu time            0.00 seconds
      


NOTE: There were 10 observations read from the data set WORK.EM_METACHANGE.
NOTE: The data set WORK.EM_METACHANGE has 11 observations and 9 variables.
NOTE: DATA statement used (Total process time):
      real time           0.00 seconds
      cpu time            0.00 seconds
      


NOTE: There were 11 observations read from the data set WORK.EM_METACHANGE.
NOTE: The data set WORK.EM_METACHANGE has 12 observations and 9 variables.
NOTE: DATA statement used (Total process time):
      real time           0.00 seconds
      cpu time            0.00 seconds
      


NOTE: There were 12 observations read from the data set WORK.EM_METACHANGE.
NOTE: The data set WORK.EM_METACHANGE has 13 observations and 9 variables.
NOTE: DATA statement used (Total process time):
      real time           0.00 seconds
      cpu time            0.00 seconds
      


NOTE: There were 13 observations read from the data set WORK.EM_METACHANGE.
NOTE: The data set WORK.EM_METACHANGE has 14 observations and 9 variables.
NOTE: DATA statement used (Total process time):
      real time           0.01 seconds
      cpu time            0.01 seconds
      


NOTE: There were 14 observations read from the data set WORK.EM_METACHANGE.
NOTE: The data set WORK.EM_METACHANGE has 15 observations and 9 variables.
NOTE: DATA statement used (Total process time):
      real time           0.00 seconds
      cpu time            0.00 seconds
      


NOTE: There were 15 observations read from the data set WORK.EM_METACHANGE.
NOTE: The data set WORK.EM_METACHANGE has 16 observations and 9 variables.
NOTE: DATA statement used (Total process time):
      real time           0.01 seconds
      cpu time            0.01 seconds
      


NOTE: There were 16 observations read from the data set WORK.EM_METACHANGE.
NOTE: The data set WORK.EM_METACHANGE has 17 observations and 9 variables.
NOTE: DATA statement used (Total process time):
      real time           0.00 seconds
      cpu time            0.00 seconds
      


NOTE: There were 17 observations read from the data set WORK.EM_METACHANGE.
NOTE: The data set WORK.EM_METACHANGE has 18 observations and 9 variables.
NOTE: DATA statement used (Total process time):
      real time           0.00 seconds
      cpu time            0.00 seconds
      


NOTE: There were 18 observations read from the data set WORK.EM_METACHANGE.
NOTE: The data set WORK.EM_METACHANGE has 19 observations and 9 variables.
NOTE: DATA statement used (Total process time):
      real time           0.00 seconds
      cpu time            0.00 seconds
      


NOTE: There were 19 observations read from the data set WORK.EM_METACHANGE.
NOTE: The data set WORK.EM_METACHANGE has 20 observations and 9 variables.
NOTE: DATA statement used (Total process time):
      real time           0.00 seconds
      cpu time            0.00 seconds
      


NOTE: There were 20 observations read from the data set WORK.EM_METACHANGE.
NOTE: The data set WORK.EM_METACHANGE has 21 observations and 9 variables.
NOTE: DATA statement used (Total process time):
      real time           0.00 seconds
      cpu time            0.00 seconds
      


NOTE: There were 21 observations read from the data set WORK.EM_METACHANGE.
NOTE: The data set WORK.EM_METACHANGE has 22 observations and 9 variables.
NOTE: DATA statement used (Total process time):
      real time           0.00 seconds
      cpu time            0.00 seconds
      


NOTE: There were 22 observations read from the data set WORK.EM_METACHANGE.
NOTE: The data set WORK.EM_METACHANGE has 23 observations and 9 variables.
NOTE: DATA statement used (Total process time):
      real time           0.01 seconds
      cpu time            0.00 seconds
      


NOTE: There were 23 observations read from the data set WORK.EM_METACHANGE.
NOTE: The data set WORK.EM_METACHANGE has 24 observations and 9 variables.
NOTE: DATA statement used (Total process time):
      real time           0.00 seconds
      cpu time            0.00 seconds
      


NOTE: There were 24 observations read from the data set WORK.EM_METACHANGE.
NOTE: The data set WORK.EM_METACHANGE has 25 observations and 9 variables.
NOTE: DATA statement used (Total process time):
      real time           0.01 seconds
      cpu time            0.01 seconds
      


NOTE: There were 25 observations read from the data set WORK.EM_METACHANGE.
NOTE: The data set WORK.EM_METACHANGE has 26 observations and 9 variables.
NOTE: DATA statement used (Total process time):
      real time           0.00 seconds
      cpu time            0.00 seconds
      


NOTE: There were 26 observations read from the data set WORK.EM_METACHANGE.
NOTE: The data set WORK.EM_METACHANGE has 27 observations and 9 variables.
NOTE: DATA statement used (Total process time):
      real time           0.01 seconds
      cpu time            0.01 seconds
      


NOTE: There were 27 observations read from the data set WORK.EM_METACHANGE.
NOTE: The data set WORK.EM_METACHANGE has 28 observations and 9 variables.
NOTE: DATA statement used (Total process time):
      real time           0.00 seconds
      cpu time            0.00 seconds
      


NOTE: There were 28 observations read from the data set WORK.EM_METACHANGE.
NOTE: The data set WORK.EM_METACHANGE has 29 observations and 9 variables.
NOTE: DATA statement used (Total process time):
      real time           0.00 seconds
      cpu time            0.00 seconds
      


NOTE: There were 29 observations read from the data set WORK.EM_METACHANGE.
NOTE: The data set WORK.EM_METACHANGE has 30 observations and 9 variables.
NOTE: DATA statement used (Total process time):
      real time           0.00 seconds
      cpu time            0.00 seconds
      


NOTE: There were 30 observations read from the data set WORK.EM_METACHANGE.
NOTE: The data set WORK.EM_METACHANGE has 31 observations and 9 variables.
NOTE: DATA statement used (Total process time):
      real time           0.00 seconds
      cpu time            0.00 seconds
      


NOTE: There were 31 observations read from the data set WORK.EM_METACHANGE.
NOTE: The data set WORK.EM_METACHANGE has 32 observations and 9 variables.
NOTE: DATA statement used (Total process time):
      real time           0.01 seconds
      cpu time            0.01 seconds
      


NOTE: There were 32 observations read from the data set WORK.EM_METACHANGE.
NOTE: The data set WORK.EM_METACHANGE has 33 observations and 9 variables.
NOTE: DATA statement used (Total process time):
      real time           0.00 seconds
      cpu time            0.00 seconds
      


NOTE: There were 33 observations read from the data set WORK.EM_METACHANGE.
NOTE: The data set WORK.EM_METACHANGE has 34 observations and 9 variables.
NOTE: DATA statement used (Total process time):
      real time           0.01 seconds
      cpu time            0.01 seconds
      


NOTE: There were 34 observations read from the data set WORK.EM_METACHANGE.
NOTE: The data set WORK.EM_METACHANGE has 35 observations and 9 variables.
NOTE: DATA statement used (Total process time):
      real time           0.00 seconds
      cpu time            0.00 seconds
      


NOTE: There were 35 observations read from the data set WORK.EM_METACHANGE.
NOTE: The data set WORK.EM_METACHANGE has 36 observations and 9 variables.
NOTE: DATA statement used (Total process time):
      real time           0.01 seconds
      cpu time            0.01 seconds
      


NOTE: There were 36 observations read from the data set WORK.EM_METACHANGE.
NOTE: The data set WORK.EM_METACHANGE has 37 observations and 9 variables.
NOTE: DATA statement used (Total process time):
      real time           0.00 seconds
      cpu time            0.00 seconds
      


NOTE: There were 37 observations read from the data set WORK.EM_METACHANGE.
NOTE: The data set WORK.EM_METACHANGE has 38 observations and 9 variables.
NOTE: DATA statement used (Total process time):
      real time           0.01 seconds
      cpu time            0.01 seconds
      


NOTE: There were 38 observations read from the data set WORK.EM_METACHANGE.
NOTE: The data set WORK.EM_METACHANGE has 39 observations and 9 variables.
NOTE: DATA statement used (Total process time):
      real time           0.00 seconds
      cpu time            0.00 seconds
      


NOTE: There were 39 observations read from the data set WORK.EM_METACHANGE.
NOTE: The data set WORK.EM_METACHANGE has 40 observations and 9 variables.
NOTE: DATA statement used (Total process time):
      real time           0.00 seconds
      cpu time            0.00 seconds
      


NOTE: There were 40 observations read from the data set WORK.EM_METACHANGE.
NOTE: The data set WORK.EM_METACHANGE has 41 observations and 9 variables.
NOTE: DATA statement used (Total process time):
      real time           0.01 seconds
      cpu time            0.01 seconds
      


NOTE: There were 41 observations read from the data set WORK.EM_METACHANGE.
NOTE: The data set WORK.EM_METACHANGE has 42 observations and 9 variables.
NOTE: DATA statement used (Total process time):
      real time           0.00 seconds
      cpu time            0.00 seconds
      


NOTE: There were 42 observations read from the data set WORK.EM_METACHANGE.
NOTE: The data set WORK.EM_METACHANGE has 43 observations and 9 variables.
NOTE: DATA statement used (Total process time):
      real time           0.01 seconds
      cpu time            0.01 seconds
      


NOTE: There were 43 observations read from the data set WORK.EM_METACHANGE.
NOTE: The data set WORK.EM_METACHANGE has 44 observations and 9 variables.
NOTE: DATA statement used (Total process time):
      real time           0.00 seconds
      cpu time            0.00 seconds
      


NOTE: There were 44 observations read from the data set WORK.EM_METACHANGE.
NOTE: The data set WORK.EM_METACHANGE has 45 observations and 9 variables.
NOTE: DATA statement used (Total process time):
      real time           0.01 seconds
      cpu time            0.01 seconds
      


NOTE: There were 45 observations read from the data set WORK.EM_METACHANGE.
NOTE: The data set WORK.EM_METACHANGE has 46 observations and 9 variables.
NOTE: DATA statement used (Total process time):
      real time           0.00 seconds
      cpu time            0.00 seconds
      


NOTE: There were 46 observations read from the data set WORK.EM_METACHANGE.
NOTE: The data set WORK.EM_METACHANGE has 47 observations and 9 variables.
NOTE: DATA statement used (Total process time):
      real time           0.01 seconds
      cpu time            0.01 seconds
      


NOTE: There were 47 observations read from the data set WORK.EM_METACHANGE.
NOTE: The data set WORK.EM_METACHANGE has 48 observations and 9 variables.
NOTE: DATA statement used (Total process time):
      real time           0.00 seconds
      cpu time            0.00 seconds
      


NOTE: There were 48 observations read from the data set WORK.EM_METACHANGE.
NOTE: The data set WORK.EM_METACHANGE has 49 observations and 9 variables.
NOTE: DATA statement used (Total process time):
      real time           0.01 seconds
      cpu time            0.01 seconds
      


NOTE: There were 49 observations read from the data set WORK.EM_METACHANGE.
NOTE: The data set WORK.EM_METACHANGE has 50 observations and 9 variables.
NOTE: DATA statement used (Total process time):
      real time           0.00 seconds
      cpu time            0.00 seconds
      


NOTE: There were 50 observations read from the data set WORK.EM_METACHANGE.
NOTE: The data set WORK.EM_METACHANGE has 51 observations and 9 variables.
NOTE: DATA statement used (Total process time):
      real time           0.00 seconds
      cpu time            0.00 seconds
      


NOTE: There were 51 observations read from the data set WORK.EM_METACHANGE.
NOTE: The data set WORK.EM_METACHANGE has 52 observations and 9 variables.
NOTE: DATA statement used (Total process time):
      real time           0.01 seconds
      cpu time            0.01 seconds
      


NOTE: There were 52 observations read from the data set WORK.EM_METACHANGE.
NOTE: The data set WORK.EM_METACHANGE has 53 observations and 9 variables.
NOTE: DATA statement used (Total process time):
      real time           0.00 seconds
      cpu time            0.00 seconds
      


NOTE: There were 53 observations read from the data set WORK.EM_METACHANGE.
NOTE: The data set WORK.EM_METACHANGE has 54 observations and 9 variables.
NOTE: DATA statement used (Total process time):
      real time           0.01 seconds
      cpu time            0.01 seconds
      


NOTE: There were 54 observations read from the data set WORK.EM_METACHANGE.
NOTE: The data set WORK.EM_METACHANGE has 55 observations and 9 variables.
NOTE: DATA statement used (Total process time):
      real time           0.00 seconds
      cpu time            0.00 seconds
      


NOTE: There were 55 observations read from the data set WORK.EM_METACHANGE.
NOTE: The data set WORK.EM_METACHANGE has 56 observations and 9 variables.
NOTE: DATA statement used (Total process time):
      real time           0.01 seconds
      cpu time            0.01 seconds
      


NOTE: There were 56 observations read from the data set WORK.EM_METACHANGE.
NOTE: The data set WORK.EM_METACHANGE has 57 observations and 9 variables.
NOTE: DATA statement used (Total process time):
      real time           0.00 seconds
      cpu time            0.00 seconds
      


NOTE: There were 57 observations read from the data set WORK.EM_METACHANGE.
NOTE: The data set WORK.EM_METACHANGE has 58 observations and 9 variables.
NOTE: DATA statement used (Total process time):
      real time           0.01 seconds
      cpu time            0.01 seconds
      


NOTE: There were 58 observations read from the data set WORK.EM_METACHANGE.
NOTE: The data set WORK.EM_METACHANGE has 59 observations and 9 variables.
NOTE: DATA statement used (Total process time):
      real time           0.00 seconds
      cpu time            0.00 seconds
      


NOTE: There were 59 observations read from the data set WORK.EM_METACHANGE.
NOTE: The data set WORK.EM_METACHANGE has 60 observations and 9 variables.
NOTE: DATA statement used (Total process time):
      real time           0.01 seconds
      cpu time            0.01 seconds
      


NOTE: There were 60 observations read from the data set WORK.EM_METACHANGE.
NOTE: The data set WORK.EM_METACHANGE has 61 observations and 9 variables.
NOTE: DATA statement used (Total process time):
      real time           0.00 seconds
      cpu time            0.00 seconds
      


NOTE: There were 61 observations read from the data set WORK.EM_METACHANGE.
NOTE: The data set WORK.EM_METACHANGE has 62 observations and 9 variables.
NOTE: DATA statement used (Total process time):
      real time           0.01 seconds
      cpu time            0.01 seconds
      


NOTE: There were 62 observations read from the data set WORK.EM_METACHANGE.
NOTE: The data set WORK.EM_METACHANGE has 63 observations and 9 variables.
NOTE: DATA statement used (Total process time):
      real time           0.00 seconds
      cpu time            0.00 seconds
      


NOTE: There were 63 observations read from the data set WORK.EM_METACHANGE.
NOTE: The data set WORK.EM_METACHANGE has 64 observations and 9 variables.
NOTE: DATA statement used (Total process time):
      real time           0.01 seconds
      cpu time            0.01 seconds
      


NOTE: There were 64 observations read from the data set WORK.EM_METACHANGE.
NOTE: The data set WORK.EM_METACHANGE has 65 observations and 9 variables.
NOTE: DATA statement used (Total process time):
      real time           0.00 seconds
      cpu time            0.00 seconds
      


NOTE: There were 65 observations read from the data set WORK.EM_METACHANGE.
NOTE: The data set WORK.EM_METACHANGE has 66 observations and 9 variables.
NOTE: DATA statement used (Total process time):
      real time           0.01 seconds
      cpu time            0.01 seconds
      


NOTE: There were 66 observations read from the data set WORK.EM_METACHANGE.
NOTE: The data set WORK.EM_METACHANGE has 67 observations and 9 variables.
NOTE: DATA statement used (Total process time):
      real time           0.00 seconds
      cpu time            0.00 seconds
      


NOTE: There were 67 observations read from the data set WORK.EM_METACHANGE.
NOTE: The data set WORK.EM_METACHANGE has 68 observations and 9 variables.
NOTE: DATA statement used (Total process time):
      real time           0.00 seconds
      cpu time            0.00 seconds
      


NOTE: There were 68 observations read from the data set WORK.EM_METACHANGE.
NOTE: The data set WORK.EM_METACHANGE has 69 observations and 9 variables.
NOTE: DATA statement used (Total process time):
      real time           0.00 seconds
      cpu time            0.00 seconds
      


NOTE: There were 69 observations read from the data set WORK.EM_METACHANGE.
NOTE: The data set WORK.EM_METACHANGE has 70 observations and 9 variables.
NOTE: DATA statement used (Total process time):
      real time           0.00 seconds
      cpu time            0.00 seconds
      


NOTE: There were 70 observations read from the data set WORK.EM_METACHANGE.
NOTE: The data set WORK.EM_METACHANGE has 71 observations and 9 variables.
NOTE: DATA statement used (Total process time):
      real time           0.01 seconds
      cpu time            0.01 seconds
      


NOTE: There were 71 observations read from the data set WORK.EM_METACHANGE.
NOTE: The data set WORK.EM_METACHANGE has 72 observations and 9 variables.
NOTE: DATA statement used (Total process time):
      real time           0.00 seconds
      cpu time            0.00 seconds
      


NOTE: There were 72 observations read from the data set WORK.EM_METACHANGE.
NOTE: The data set WORK.EM_METACHANGE has 73 observations and 9 variables.
NOTE: DATA statement used (Total process time):
      real time           0.01 seconds
      cpu time            0.01 seconds
      


NOTE: There were 73 observations read from the data set WORK.EM_METACHANGE.
NOTE: The data set WORK.EM_METACHANGE has 74 observations and 9 variables.
NOTE: DATA statement used (Total process time):
      real time           0.00 seconds
      cpu time            0.00 seconds
      


NOTE: There were 74 observations read from the data set WORK.EM_METACHANGE.
NOTE: The data set WORK.EM_METACHANGE has 75 observations and 9 variables.
NOTE: DATA statement used (Total process time):
      real time           0.01 seconds
      cpu time            0.01 seconds
      


NOTE: There were 75 observations read from the data set WORK.EM_METACHANGE.
NOTE: The data set WORK.EM_METACHANGE has 76 observations and 9 variables.
NOTE: DATA statement used (Total process time):
      real time           0.00 seconds
      cpu time            0.00 seconds
      


NOTE: There were 76 observations read from the data set WORK.EM_METACHANGE.
NOTE: The data set WORK.EM_METACHANGE has 77 observations and 9 variables.
NOTE: DATA statement used (Total process time):
      real time           0.00 seconds
      cpu time            0.00 seconds
      


NOTE: There were 77 observations read from the data set WORK.EM_METACHANGE.
NOTE: The data set WORK.EM_METACHANGE has 78 observations and 9 variables.
NOTE: DATA statement used (Total process time):
      real time           0.01 seconds
      cpu time            0.01 seconds
      


NOTE: There were 78 observations read from the data set WORK.EM_METACHANGE.
NOTE: The data set WORK.EM_METACHANGE has 79 observations and 9 variables.
NOTE: DATA statement used (Total process time):
      real time           0.00 seconds
      cpu time            0.00 seconds
      


NOTE: There were 79 observations read from the data set WORK.EM_METACHANGE.
NOTE: The data set WORK.EM_METACHANGE has 80 observations and 9 variables.
NOTE: DATA statement used (Total process time):
      real time           0.01 seconds
      cpu time            0.01 seconds
      


NOTE: There were 80 observations read from the data set WORK.EM_METACHANGE.
NOTE: The data set WORK.EM_METACHANGE has 81 observations and 9 variables.
NOTE: DATA statement used (Total process time):
      real time           0.00 seconds
      cpu time            0.00 seconds
      


NOTE: There were 81 observations read from the data set WORK.EM_METACHANGE.
NOTE: The data set WORK.EM_METACHANGE has 82 observations and 9 variables.
NOTE: DATA statement used (Total process time):
      real time           0.01 seconds
      cpu time            0.01 seconds
      


NOTE: There were 82 observations read from the data set WORK.EM_METACHANGE.
NOTE: The data set WORK.EM_METACHANGE has 83 observations and 9 variables.
NOTE: DATA statement used (Total process time):
      real time           0.00 seconds
      cpu time            0.00 seconds
      


NOTE: There were 83 observations read from the data set WORK.EM_METACHANGE.
NOTE: The data set WORK.EM_METACHANGE has 84 observations and 9 variables.
NOTE: DATA statement used (Total process time):
      real time           0.01 seconds
      cpu time            0.01 seconds
      


NOTE: There were 2 observations read from the data set EMWS4.IDS_RESPOND_DM.
      WHERE _TYPE_='PREDICTED';
NOTE: DATA statement used (Total process time):
      real time           0.00 seconds
      cpu time            0.00 seconds
      


NOTE: There were 84 observations read from the data set WORK.EM_METACHANGE.
NOTE: The data set WORK.EM_METACHANGE has 85 observations and 9 variables.
NOTE: DATA statement used (Total process time):
      real time           0.01 seconds
      cpu time            0.01 seconds
      


NOTE: There were 85 observations read from the data set WORK.EM_METACHANGE.
NOTE: The data set WORK.EM_METACHANGE has 86 observations and 9 variables.
NOTE: DATA statement used (Total process time):
      real time           0.00 seconds
      cpu time            0.00 seconds
      


NOTE: Variable cvimportance is uninitialized.
NOTE: Variable nsurrogates is uninitialized.
NOTE: There were 2 observations read from the data set EMWS4.TREE3_OUTIMPORT.
NOTE: DATA statement used (Total process time):
      real time           0.01 seconds
      cpu time            0.00 seconds
      


NOTE: Variable NSURROGATES is uninitialized.
NOTE: Variable CVIMPORTANCE is uninitialized.
NOTE: Variable CVRULES is uninitialized.
NOTE: There were 92 observations read from the data set EMWS4.TREE3_OUTIMPORT.
NOTE: The data set EMWS4.TREE3_OUTIMPORT has 92 observations and 6 variables.
NOTE: DATA statement used (Total process time):
      real time           0.04 seconds
      cpu time            0.03 seconds
      


NOTE: The data set WORK.EM_USER_REPORT has 132 observations and 4 variables.
NOTE: DATA statement used (Total process time):
      real time           0.03 seconds
      cpu time            0.03 seconds
      

16918  
16919  *------------------------------------------------------------*;
16920  * End SCORE: Tree3;
16921  *------------------------------------------------------------*;

16922  proc sort data=WORK.EM_METACHANGE;
16923  by key uname;
16924  run;

NOTE: There were 86 observations read from the data set WORK.EM_METACHANGE.
NOTE: The data set WORK.EM_METACHANGE has 86 observations and 9 variables.
NOTE: PROCEDURE SORT used (Total process time):
      real time           0.01 seconds
      cpu time            0.01 seconds
      

16925  filename x "\\filer.uncc.edu\home\hkatrag1\Predictive Analytics_modified\Workspaces\EMWS4\Tree3\CDELTA_TRAIN.sas";
16926  data _null_;
16927  file x;
16928  put 'if upcase(NAME) = "BOTHPAYM" then do;';
16929  put 'ROLE = "REJECTED";';
16930  put 'end;';
16931  put 'else ';
16932  put 'if upcase(NAME) = "BUYPROP" then do;';
16933  put 'ROLE = "REJECTED";';
16934  put 'end;';
16935  put 'else ';
16936  put 'if upcase(NAME) = "CATALOGCNT" then do;';
16937  put 'ROLE = "REJECTED";';
16938  put 'end;';
16939  put 'else ';
16940  put 'if upcase(NAME) = "CCPAYM" then do;';
16941  put 'ROLE = "REJECTED";';
16942  put 'end;';
16943  put 'else ';
16944  put 'if upcase(NAME) = "DEPT01" then do;';
16945  put 'ROLE = "REJECTED";';
16946  put 'end;';
16947  put 'else ';
16948  put 'if upcase(NAME) = "DEPT02" then do;';
16949  put 'ROLE = "REJECTED";';
16950  put 'end;';
16951  put 'else ';
16952  put 'if upcase(NAME) = "DEPT03" then do;';
16953  put 'ROLE = "REJECTED";';
16954  put 'end;';
16955  put 'else ';
16956  put 'if upcase(NAME) = "DEPT05" then do;';
16957  put 'ROLE = "REJECTED";';
16958  put 'end;';
16959  put 'else ';
16960  put 'if upcase(NAME) = "DEPT06" then do;';
16961  put 'ROLE = "REJECTED";';
16962  put 'end;';
16963  put 'else ';
16964  put 'if upcase(NAME) = "DEPT07" then do;';
16965  put 'ROLE = "REJECTED";';
16966  put 'end;';
16967  put 'else ';
16968  put 'if upcase(NAME) = "DEPT08" then do;';
16969  put 'ROLE = "REJECTED";';
16970  put 'end;';
16971  put 'else ';
16972  put 'if upcase(NAME) = "DEPT09" then do;';
16973  put 'ROLE = "REJECTED";';
16974  put 'end;';
16975  put 'else ';
16976  put 'if upcase(NAME) = "DEPT10" then do;';
16977  put 'ROLE = "REJECTED";';
16978  put 'end;';
16979  put 'else ';
16980  put 'if upcase(NAME) = "DEPT11" then do;';
16981  put 'ROLE = "REJECTED";';
16982  put 'end;';
16983  put 'else ';
16984  put 'if upcase(NAME) = "DEPT12" then do;';
16985  put 'ROLE = "REJECTED";';
16986  put 'end;';
16987  put 'else ';
16988  put 'if upcase(NAME) = "DEPT13" then do;';
16989  put 'ROLE = "REJECTED";';
16990  put 'end;';
16991  put 'else ';
16992  put 'if upcase(NAME) = "DEPT14" then do;';
16993  put 'ROLE = "REJECTED";';
16994  put 'end;';
16995  put 'else ';
16996  put 'if upcase(NAME) = "DEPT15" then do;';
16997  put 'ROLE = "REJECTED";';
16998  put 'end;';
16999  put 'else ';
17000  put 'if upcase(NAME) = "DEPT16" then do;';
17001  put 'ROLE = "REJECTED";';
17002  put 'end;';
17003  put 'else ';
17004  put 'if upcase(NAME) = "DEPT17" then do;';
17005  put 'ROLE = "REJECTED";';
17006  put 'end;';
17007  put 'else ';
17008  put 'if upcase(NAME) = "DEPT18" then do;';
17009  put 'ROLE = "REJECTED";';
17010  put 'end;';
17011  put 'else ';
17012  put 'if upcase(NAME) = "DEPT19" then do;';
17013  put 'ROLE = "REJECTED";';
17014  put 'end;';
17015  put 'else ';
17016  put 'if upcase(NAME) = "DEPT20" then do;';
17017  put 'ROLE = "REJECTED";';
17018  put 'end;';
17019  put 'else ';
17020  put 'if upcase(NAME) = "DEPT21" then do;';
17021  put 'ROLE = "REJECTED";';
17022  put 'end;';
17023  put 'else ';
17024  put 'if upcase(NAME) = "DEPT22" then do;';
17025  put 'ROLE = "REJECTED";';
17026  put 'end;';
17027  put 'else ';
17028  put 'if upcase(NAME) = "DEPT23" then do;';
17029  put 'ROLE = "REJECTED";';
17030  put 'end;';
17031  put 'else ';
17032  put 'if upcase(NAME) = "DEPT24" then do;';
17033  put 'ROLE = "REJECTED";';
17034  put 'end;';
17035  put 'else ';
17036  put 'if upcase(NAME) = "DEPT26" then do;';
17037  put 'ROLE = "REJECTED";';
17038  put 'end;';
17039  put 'else ';
17040  put 'if upcase(NAME) = "DEPT27" then do;';
17041  put 'ROLE = "REJECTED";';
17042  put 'end;';
17043  put 'else ';
17044  put 'if upcase(NAME) = "DOLINDEA" then do;';
17045  put 'ROLE = "REJECTED";';
17046  put 'end;';
17047  put 'else ';
17048  put 'if upcase(NAME) = "DOLINDET" then do;';
17049  put 'ROLE = "REJECTED";';
17050  put 'end;';
17051  put 'else ';
17052  put 'if upcase(NAME) = "DOLLARQ01" then do;';
17053  put 'ROLE = "REJECTED";';
17054  put 'end;';
17055  put 'else ';
17056  put 'if upcase(NAME) = "DOLLARQ02" then do;';
17057  put 'ROLE = "REJECTED";';
17058  put 'end;';
17059  put 'else ';
17060  put 'if upcase(NAME) = "DOLLARQ03" then do;';
17061  put 'ROLE = "REJECTED";';
17062  put 'end;';
17063  put 'else ';
17064  put 'if upcase(NAME) = "DOLLARQ04" then do;';
17065  put 'ROLE = "REJECTED";';
17066  put 'end;';
17067  put 'else ';
17068  put 'if upcase(NAME) = "DOLLARQ05" then do;';
17069  put 'ROLE = "REJECTED";';
17070  put 'end;';
17071  put 'else ';
17072  put 'if upcase(NAME) = "DOLLARQ06" then do;';
17073  put 'ROLE = "REJECTED";';
17074  put 'end;';
17075  put 'else ';
17076  put 'if upcase(NAME) = "DOLLARQ07" then do;';
17077  put 'ROLE = "REJECTED";';
17078  put 'end;';
17079  put 'else ';
17080  put 'if upcase(NAME) = "DOLLARQ08" then do;';
17081  put 'ROLE = "REJECTED";';
17082  put 'end;';
17083  put 'else ';
17084  put 'if upcase(NAME) = "DOLLARQ09" then do;';
17085  put 'ROLE = "REJECTED";';
17086  put 'end;';
17087  put 'else ';
17088  put 'if upcase(NAME) = "DOLLARQ10" then do;';
17089  put 'ROLE = "REJECTED";';
17090  put 'end;';
17091  put 'else ';
17092  put 'if upcase(NAME) = "DOLLARQ11" then do;';
17093  put 'ROLE = "REJECTED";';
17094  put 'end;';
17095  put 'else ';
17096  put 'if upcase(NAME) = "DOLLARQ12" then do;';
17097  put 'ROLE = "REJECTED";';
17098  put 'end;';
17099  put 'else ';
17100  put 'if upcase(NAME) = "DOLLARQ13" then do;';
17101  put 'ROLE = "REJECTED";';
17102  put 'end;';
17103  put 'else ';
17104  put 'if upcase(NAME) = "DOLLARQ14" then do;';
17105  put 'ROLE = "REJECTED";';
17106  put 'end;';
17107  put 'else ';
17108  put 'if upcase(NAME) = "DOLLARQ15" then do;';
17109  put 'ROLE = "REJECTED";';
17110  put 'end;';
17111  put 'else ';
17112  put 'if upcase(NAME) = "DOLLARQ16" then do;';
17113  put 'ROLE = "REJECTED";';
17114  put 'end;';
17115  put 'else ';
17116  put 'if upcase(NAME) = "DOLLARQ17" then do;';
17117  put 'ROLE = "REJECTED";';
17118  put 'end;';
17119  put 'else ';
17120  put 'if upcase(NAME) = "DOLLARQ18" then do;';
17121  put 'ROLE = "REJECTED";';
17122  put 'end;';
17123  put 'else ';
17124  put 'if upcase(NAME) = "DOLLARQ19" then do;';
17125  put 'ROLE = "REJECTED";';
17126  put 'end;';
17127  put 'else ';
17128  put 'if upcase(NAME) = "DOLLARQ20" then do;';
17129  put 'ROLE = "REJECTED";';
17130  put 'end;';
17131  put 'else ';
17132  put 'if upcase(NAME) = "DOLLARQ21" then do;';
17133  put 'ROLE = "REJECTED";';
17134  put 'end;';
17135  put 'else ';
17136  put 'if upcase(NAME) = "DOLLARQ22" then do;';
17137  put 'ROLE = "REJECTED";';
17138  put 'end;';
17139  put 'else ';
17140  put 'if upcase(NAME) = "DOLNETDA" then do;';
17141  put 'ROLE = "REJECTED";';
17142  put 'end;';
17143  put 'else ';
17144  put 'if upcase(NAME) = "DTBUYLST" then do;';
17145  put 'ROLE = "REJECTED";';
17146  put 'end;';
17147  put 'else ';
17148  put 'if upcase(NAME) = "METHPAYM" then do;';
17149  put 'ROLE = "REJECTED";';
17150  put 'end;';
17151  put 'else ';
17152  put 'if upcase(NAME) = "MONLAST" then do;';
17153  put 'ROLE = "REJECTED";';
17154  put 'end;';
17155  put 'else ';
17156  put 'if upcase(NAME) = "PCPAYM" then do;';
17157  put 'ROLE = "REJECTED";';
17158  put 'end;';
17159  put 'else ';
17160  put 'if upcase(NAME) = "Q_RESPOND0" then do;';
17161  put 'ROLE = "ASSESS";';
17162  put 'end;';
17163  put 'else ';
17164  put 'if upcase(NAME) = "Q_RESPOND1" then do;';
17165  put 'ROLE = "ASSESS";';
17166  put 'end;';
17167  put 'else ';
17168  put 'if upcase(NAME) = "TENURE" then do;';
17169  put 'ROLE = "REJECTED";';
17170  put 'end;';
17171  put 'else ';
17172  put 'if upcase(NAME) = "TOTORDQ01" then do;';
17173  put 'ROLE = "REJECTED";';
17174  put 'end;';
17175  put 'else ';
17176  put 'if upcase(NAME) = "TOTORDQ02" then do;';
17177  put 'ROLE = "REJECTED";';
17178  put 'end;';
17179  put 'else ';
17180  put 'if upcase(NAME) = "TOTORDQ03" then do;';
17181  put 'ROLE = "REJECTED";';
17182  put 'end;';
17183  put 'else ';
17184  put 'if upcase(NAME) = "TOTORDQ04" then do;';
17185  put 'ROLE = "REJECTED";';
17186  put 'end;';
17187  put 'else ';
17188  put 'if upcase(NAME) = "TOTORDQ05" then do;';
17189  put 'ROLE = "REJECTED";';
17190  put 'end;';
17191  put 'else ';
17192  put 'if upcase(NAME) = "TOTORDQ06" then do;';
17193  put 'ROLE = "REJECTED";';
17194  put 'end;';
17195  put 'else ';
17196  put 'if upcase(NAME) = "TOTORDQ07" then do;';
17197  put 'ROLE = "REJECTED";';
17198  put 'end;';
17199  put 'else ';
17200  put 'if upcase(NAME) = "TOTORDQ08" then do;';
17201  put 'ROLE = "REJECTED";';
17202  put 'end;';
17203  put 'else ';
17204  put 'if upcase(NAME) = "TOTORDQ09" then do;';
17205  put 'ROLE = "REJECTED";';
17206  put 'end;';
17207  put 'else ';
17208  put 'if upcase(NAME) = "TOTORDQ10" then do;';
17209  put 'ROLE = "REJECTED";';
17210  put 'end;';
17211  put 'else ';
17212  put 'if upcase(NAME) = "TOTORDQ11" then do;';
17213  put 'ROLE = "REJECTED";';
17214  put 'end;';
17215  put 'else ';
17216  put 'if upcase(NAME) = "TOTORDQ12" then do;';
17217  put 'ROLE = "REJECTED";';
17218  put 'end;';
17219  put 'else ';
17220  put 'if upcase(NAME) = "TOTORDQ13" then do;';
17221  put 'ROLE = "REJECTED";';
17222  put 'end;';
17223  put 'else ';
17224  put 'if upcase(NAME) = "TOTORDQ14" then do;';
17225  put 'ROLE = "REJECTED";';
17226  put 'end;';
17227  put 'else ';
17228  put 'if upcase(NAME) = "TOTORDQ15" then do;';
17229  put 'ROLE = "REJECTED";';
17230  put 'end;';
17231  put 'else ';
17232  put 'if upcase(NAME) = "TOTORDQ16" then do;';
17233  put 'ROLE = "REJECTED";';
17234  put 'end;';
17235  put 'else ';
17236  put 'if upcase(NAME) = "TOTORDQ17" then do;';
17237  put 'ROLE = "REJECTED";';
17238  put 'end;';
17239  put 'else ';
17240  put 'if upcase(NAME) = "TOTORDQ18" then do;';
17241  put 'ROLE = "REJECTED";';
17242  put 'end;';
17243  put 'else ';
17244  put 'if upcase(NAME) = "TOTORDQ19" then do;';
17245  put 'ROLE = "REJECTED";';
17246  put 'end;';
17247  put 'else ';
17248  put 'if upcase(NAME) = "TOTORDQ20" then do;';
17249  put 'ROLE = "REJECTED";';
17250  put 'end;';
17251  put 'else ';
17252  put 'if upcase(NAME) = "TOTORDQ21" then do;';
17253  put 'ROLE = "REJECTED";';
17254  put 'end;';
17255  put 'else ';
17256  put 'if upcase(NAME) = "UNITSIDD" then do;';
17257  put 'ROLE = "REJECTED";';
17258  put 'end;';
17259  put 'else ';
17260  put 'if upcase(NAME) = "UNITSLAP" then do;';
17261  put 'ROLE = "REJECTED";';
17262  put 'end;';
17263  put 'else ';
17264  put 'if upcase(NAME) = "UNTLANPO" then do;';
17265  put 'ROLE = "REJECTED";';
17266  put 'end;';
17267  put 'else ';
17268  put 'if upcase(NAME) = "_NODE_" then do;';
17269  put 'ROLE = "SEGMENT";';
17270  put 'LEVEL = "NOMINAL";';
17271  put 'end;';
17272  run;

NOTE: The file X is:
      Filename=\\filer.uncc.edu\home\hkatrag1\Predictive Analytics_modified\Workspaces\EMWS4\Tree3\CDELTA_TRAIN.sas,
      RECFM=V,LRECL=32767,File Size (bytes)=0,
      Last Modified=12Dec2017:13:10:18,
      Create Time=12Dec2017:13:08:17

NOTE: 344 records were written to the file X.
      The minimum record length was 4.
      The maximum record length was 39.
NOTE: DATA statement used (Total process time):
      real time           0.01 seconds
      cpu time            0.01 seconds
      

17273  filename x;
NOTE: Fileref X has been deassigned.

17274  filename emflow "\\filer.uncc.edu\home\hkatrag1\Predictive Analytics_modified\Workspaces\EMWS4\Tree3\EMFLOWSCORE.sas";
17275  *------------------------------------------------------------*;
17276  * Tree3: Scoring DATA data;
17277  *------------------------------------------------------------*;
17278  data EMWS4.Tree3_TRAIN
17279  / view=EMWS4.Tree3_TRAIN
17280  ;
17281  set EMWS4.Part_TRAIN
17282  ;
17283  %inc emflow;
NOTE: %INCLUDE (level 1) file EMFLOW is file \\filer.uncc.edu\home\hkatrag1\Predictive Analytics_modified\Workspaces\EMWS4\Tree3\EMFLOWSCORE.sas.
17284 +****************************************************************;
17285 +******             DECISION TREE SCORING CODE             ******;
17286 +****************************************************************;
17287 +
17288 +******         LENGTHS OF NEW CHARACTER VARIABLES         ******;
17289 +LENGTH F_RESPOND  $   12;
17290 +LENGTH I_RESPOND  $   12;
17291 +LENGTH _WARN_  $    4;
17292 +
17293 +******              LABELS FOR NEW VARIABLES              ******;
17294 +label _NODE_ = 'Node' ;
17295 +label _LEAF_ = 'Leaf' ;
17296 +label P_RESPOND1 = 'Predicted: RESPOND=1' ;
17297 +label P_RESPOND0 = 'Predicted: RESPOND=0' ;
17298 +label Q_RESPOND1 = 'Unadjusted P: RESPOND=1' ;
17299 +label Q_RESPOND0 = 'Unadjusted P: RESPOND=0' ;
17300 +label V_RESPOND1 = 'Validated: RESPOND=1' ;
17301 +label V_RESPOND0 = 'Validated: RESPOND=0' ;
17302 +label R_RESPOND1 = 'Residual: RESPOND=1' ;
17303 +label R_RESPOND0 = 'Residual: RESPOND=0' ;
17304 +label F_RESPOND = 'From: RESPOND' ;
17305 +label I_RESPOND = 'Into: RESPOND' ;
17306 +label U_RESPOND = 'Unnormalized Into: RESPOND' ;
17307 +label _WARN_ = 'Warnings' ;
17308 +
17309 +
17310 +******      TEMPORARY VARIABLES FOR FORMATTED VALUES      ******;
17311 +LENGTH _ARBFMT_12 $     12; DROP _ARBFMT_12;
17312 +_ARBFMT_12 = ' '; /* Initialize to avoid warning. */
17313 +
17314 +
17315 +_ARBFMT_12 = PUT( RESPOND , BEST12.);
17316 + %DMNORMCP( _ARBFMT_12, F_RESPOND );
17317 +
17318 +******             ASSIGN OBSERVATION TO NODE             ******;
17319 +IF  NOT MISSING(DTBUYORG ) AND
17320 +               17715.5 <= DTBUYORG  THEN DO;
17321 +  _NODE_  =                    3;
17322 +  _LEAF_  =                   13;
17323 +  P_RESPOND1  =                    1;
17324 +  P_RESPOND0  =                    0;
17325 +  Q_RESPOND1  =                    1;
17326 +  Q_RESPOND0  =                    0;
17327 +  V_RESPOND1  =                    1;
17328 +  V_RESPOND0  =                    0;
17329 +  I_RESPOND  = '1' ;
17330 +  U_RESPOND  =                    1;
17331 +  END;
17332 +ELSE DO;
17333 +  IF  NOT MISSING(DOLL24 ) AND
17334 +                 119.975 <= DOLL24  THEN DO;
17335 +    IF  NOT MISSING(DEPT25 ) AND
17336 +                      32.5 <= DEPT25  THEN DO;
17337 +      _NODE_  =                    9;
17338 +      _LEAF_  =                   12;
17339 +      P_RESPOND1  =      0.4390243902439;
17340 +      P_RESPOND0  =     0.56097560975609;
17341 +      Q_RESPOND1  =      0.4390243902439;
17342 +      Q_RESPOND0  =     0.56097560975609;
17343 +      V_RESPOND1  =      0.3076923076923;
17344 +      V_RESPOND0  =     0.69230769230769;
17345 +      I_RESPOND  = '0' ;
17346 +      U_RESPOND  =                    0;
17347 +      END;
17348 +    ELSE DO;
17349 +      IF  NOT MISSING(FREQPRCH ) AND
17350 +                         6.5 <= FREQPRCH  THEN DO;
17351 +        IF  NOT MISSING(TOTORDQ22 ) AND
17352 +                           2.5 <= TOTORDQ22  THEN DO;
17353 +          _NODE_  =                   27;
17354 +          _LEAF_  =                   11;
17355 +          P_RESPOND1  =     0.52380952380952;
17356 +          P_RESPOND0  =     0.47619047619047;
17357 +          Q_RESPOND1  =     0.52380952380952;
17358 +          Q_RESPOND0  =     0.47619047619047;
17359 +          V_RESPOND1  =     0.66666666666666;
17360 +          V_RESPOND0  =     0.33333333333333;
17361 +          I_RESPOND  = '1' ;
17362 +          U_RESPOND  =                    1;
17363 +          END;
17364 +        ELSE DO;
17365 +          IF  NOT MISSING(DOLL24 ) AND
17366 +                         293.525 <= DOLL24  THEN DO;
17367 +            _NODE_  =                   41;
17368 +            _LEAF_  =                   10;
17369 +            P_RESPOND1  =     0.23019801980198;
17370 +            P_RESPOND0  =     0.76980198019802;
17371 +            Q_RESPOND1  =     0.23019801980198;
17372 +            Q_RESPOND0  =     0.76980198019802;
17373 +            V_RESPOND1  =     0.20171673819742;
17374 +            V_RESPOND0  =     0.79828326180257;
17375 +            I_RESPOND  = '0' ;
17376 +            U_RESPOND  =                    0;
17377 +            END;
17378 +          ELSE DO;
17379 +            _NODE_  =                   40;
17380 +            _LEAF_  =                    9;
17381 +            P_RESPOND1  =     0.13790035587188;
17382 +            P_RESPOND0  =     0.86209964412811;
17383 +            Q_RESPOND1  =     0.13790035587188;
17384 +            Q_RESPOND0  =     0.86209964412811;
17385 +            V_RESPOND1  =     0.15535714285714;
17386 +            V_RESPOND0  =     0.84464285714285;
17387 +            I_RESPOND  = '0' ;
17388 +            U_RESPOND  =                    0;
17389 +            END;
17390 +          END;
17391 +        END;
17392 +      ELSE DO;
17393 +        _NODE_  =                   14;
17394 +        _LEAF_  =                    8;
17395 +        P_RESPOND1  =     0.09039548022598;
17396 +        P_RESPOND0  =     0.90960451977401;
17397 +        Q_RESPOND1  =     0.09039548022598;
17398 +        Q_RESPOND0  =     0.90960451977401;
17399 +        V_RESPOND1  =     0.07944389275074;
17400 +        V_RESPOND0  =     0.92055610724925;
17401 +        I_RESPOND  = '0' ;
17402 +        U_RESPOND  =                    0;
17403 +        END;
17404 +      END;
17405 +    END;
17406 +  ELSE DO;
17407 +    IF  NOT MISSING(DAYLAST ) AND
17408 +      DAYLAST  <                684.5 THEN DO;
17409 +      IF  NOT MISSING(ACTBUY ) AND
17410 +                         1.5 <= ACTBUY  THEN DO;
17411 +        IF  NOT MISSING(DEPT04 ) AND
17412 +                           8.5 <= DEPT04  THEN DO;
17413 +          _NODE_  =                   21;
17414 +          _LEAF_  =                    6;
17415 +          P_RESPOND1  =     0.22302158273381;
17416 +          P_RESPOND0  =     0.77697841726618;
17417 +          Q_RESPOND1  =     0.22302158273381;
17418 +          Q_RESPOND0  =     0.77697841726618;
17419 +          V_RESPOND1  =     0.16666666666666;
17420 +          V_RESPOND0  =     0.83333333333333;
17421 +          I_RESPOND  = '0' ;
17422 +          U_RESPOND  =                    0;
17423 +          END;
17424 +        ELSE DO;
17425 +          IF  NOT MISSING(ACTBUY ) AND
17426 +                             3.5 <= ACTBUY  THEN DO;
17427 +            _NODE_  =                   33;
17428 +            _LEAF_  =                    5;
17429 +            P_RESPOND1  =     0.13412228796844;
17430 +            P_RESPOND0  =     0.86587771203155;
17431 +            Q_RESPOND1  =     0.13412228796844;
17432 +            Q_RESPOND0  =     0.86587771203155;
17433 +            V_RESPOND1  =     0.14396887159533;
17434 +            V_RESPOND0  =     0.85603112840466;
17435 +            I_RESPOND  = '0' ;
17436 +            U_RESPOND  =                    0;
17437 +            END;
17438 +          ELSE DO;
17439 +            _NODE_  =                   32;
17440 +            _LEAF_  =                    4;
17441 +            P_RESPOND1  =     0.08362919132149;
17442 +            P_RESPOND0  =      0.9163708086785;
17443 +            Q_RESPOND1  =     0.08362919132149;
17444 +            Q_RESPOND0  =      0.9163708086785;
17445 +            V_RESPOND1  =     0.07595993322203;
17446 +            V_RESPOND0  =     0.92404006677796;
17447 +            I_RESPOND  = '0' ;
17448 +            U_RESPOND  =                    0;
17449 +            END;
17450 +          END;
17451 +        END;
17452 +      ELSE DO;
17453 +        IF  NOT MISSING(DOLNETDT ) AND
17454 +          DOLNETDT  <               52.675 THEN DO;
17455 +          _NODE_  =                   18;
17456 +          _LEAF_  =                    1;
17457 +          P_RESPOND1  =     0.03650231544538;
17458 +          P_RESPOND0  =     0.96349768455461;
17459 +          Q_RESPOND1  =     0.03650231544538;
17460 +          Q_RESPOND0  =     0.96349768455461;
17461 +          V_RESPOND1  =     0.04773996952767;
17462 +          V_RESPOND0  =     0.95226003047232;
17463 +          I_RESPOND  = '0' ;
17464 +          U_RESPOND  =                    0;
17465 +          END;
17466 +        ELSE DO;
17467 +          IF  NOT MISSING(DEPT25 ) AND
17468 +                             1.5 <= DEPT25  THEN DO;
17469 +            _NODE_  =                   31;
17470 +            _LEAF_  =                    3;
17471 +            P_RESPOND1  =     0.08140262993112;
17472 +            P_RESPOND0  =     0.91859737006887;
17473 +            Q_RESPOND1  =     0.08140262993112;
17474 +            Q_RESPOND0  =     0.91859737006887;
17475 +            V_RESPOND1  =     0.07115135834411;
17476 +            V_RESPOND0  =     0.92884864165588;
17477 +            I_RESPOND  = '0' ;
17478 +            U_RESPOND  =                    0;
17479 +            END;
17480 +          ELSE DO;
17481 +            _NODE_  =                   30;
17482 +            _LEAF_  =                    2;
17483 +            P_RESPOND1  =     0.05296145408962;
17484 +            P_RESPOND0  =     0.94703854591037;
17485 +            Q_RESPOND1  =     0.05296145408962;
17486 +            Q_RESPOND0  =     0.94703854591037;
17487 +            V_RESPOND1  =     0.05428747686613;
17488 +            V_RESPOND0  =     0.94571252313386;
17489 +            I_RESPOND  = '0' ;
17490 +            U_RESPOND  =                    0;
17491 +            END;
17492 +          END;
17493 +        END;
17494 +      END;
17495 +    ELSE DO;
17496 +      _NODE_  =                    7;
17497 +      _LEAF_  =                    7;
17498 +      P_RESPOND1  =      0.0343143025309;
17499 +      P_RESPOND0  =     0.96568569746909;
17500 +      Q_RESPOND1  =      0.0343143025309;
17501 +      Q_RESPOND0  =     0.96568569746909;
17502 +      V_RESPOND1  =     0.03600810778585;
17503 +      V_RESPOND0  =     0.96399189221414;
17504 +      I_RESPOND  = '0' ;
17505 +      U_RESPOND  =                    0;
17506 +      END;
17507 +    END;
17508 +  END;
17509 +
17510 +*****  RESIDUALS R_ *************;
17511 +IF  F_RESPOND  NE '1'
17512 +AND F_RESPOND  NE '0'  THEN DO;
17513 +        R_RESPOND1  = .;
17514 +        R_RESPOND0  = .;
17515 + END;
17516 + ELSE DO;
17517 +       R_RESPOND1  =  -P_RESPOND1 ;
17518 +       R_RESPOND0  =  -P_RESPOND0 ;
17519 +       SELECT( F_RESPOND  );
17520 +          WHEN( '1'  ) R_RESPOND1  = R_RESPOND1  +1;
17521 +          WHEN( '0'  ) R_RESPOND0  = R_RESPOND0  +1;
17522 +       END;
17523 + END;
17524 +
17525 +****************************************************************;
17526 +******          END OF DECISION TREE SCORING CODE         ******;
17527 +****************************************************************;
17528 +
17529 +drop _LEAF_;
NOTE: %INCLUDE (level 1) ending.
17530  run;

NOTE: DATA STEP view saved on file EMWS4.TREE3_TRAIN.
NOTE: A stored DATA STEP view cannot run under a different operating system.
NOTE: DATA statement used (Total process time):
      real time           0.03 seconds
      cpu time            0.01 seconds
      

17531  quit;
17532  filename emflow;
NOTE: Fileref EMFLOW has been deassigned.

17533  filename emflow "\\filer.uncc.edu\home\hkatrag1\Predictive Analytics_modified\Workspaces\EMWS4\Tree3\EMFLOWSCORE.sas";
17534  *------------------------------------------------------------*;
17535  * Tree3: Scoring VALIDATE data;
17536  *------------------------------------------------------------*;
17537  data EMWS4.Tree3_VALIDATE
17538  / view=EMWS4.Tree3_VALIDATE
17539  ;
17540  set EMWS4.Part_VALIDATE
17541  ;
17542  %inc emflow;
NOTE: %INCLUDE (level 1) file EMFLOW is file \\filer.uncc.edu\home\hkatrag1\Predictive Analytics_modified\Workspaces\EMWS4\Tree3\EMFLOWSCORE.sas.
17543 +****************************************************************;
17544 +******             DECISION TREE SCORING CODE             ******;
17545 +****************************************************************;
17546 +
17547 +******         LENGTHS OF NEW CHARACTER VARIABLES         ******;
17548 +LENGTH F_RESPOND  $   12;
17549 +LENGTH I_RESPOND  $   12;
17550 +LENGTH _WARN_  $    4;
17551 +
17552 +******              LABELS FOR NEW VARIABLES              ******;
17553 +label _NODE_ = 'Node' ;
17554 +label _LEAF_ = 'Leaf' ;
17555 +label P_RESPOND1 = 'Predicted: RESPOND=1' ;
17556 +label P_RESPOND0 = 'Predicted: RESPOND=0' ;
17557 +label Q_RESPOND1 = 'Unadjusted P: RESPOND=1' ;
17558 +label Q_RESPOND0 = 'Unadjusted P: RESPOND=0' ;
17559 +label V_RESPOND1 = 'Validated: RESPOND=1' ;
17560 +label V_RESPOND0 = 'Validated: RESPOND=0' ;
17561 +label R_RESPOND1 = 'Residual: RESPOND=1' ;
17562 +label R_RESPOND0 = 'Residual: RESPOND=0' ;
17563 +label F_RESPOND = 'From: RESPOND' ;
17564 +label I_RESPOND = 'Into: RESPOND' ;
17565 +label U_RESPOND = 'Unnormalized Into: RESPOND' ;
17566 +label _WARN_ = 'Warnings' ;
17567 +
17568 +
17569 +******      TEMPORARY VARIABLES FOR FORMATTED VALUES      ******;
17570 +LENGTH _ARBFMT_12 $     12; DROP _ARBFMT_12;
17571 +_ARBFMT_12 = ' '; /* Initialize to avoid warning. */
17572 +
17573 +
17574 +_ARBFMT_12 = PUT( RESPOND , BEST12.);
17575 + %DMNORMCP( _ARBFMT_12, F_RESPOND );
17576 +
17577 +******             ASSIGN OBSERVATION TO NODE             ******;
17578 +IF  NOT MISSING(DTBUYORG ) AND
17579 +               17715.5 <= DTBUYORG  THEN DO;
17580 +  _NODE_  =                    3;
17581 +  _LEAF_  =                   13;
17582 +  P_RESPOND1  =                    1;
17583 +  P_RESPOND0  =                    0;
17584 +  Q_RESPOND1  =                    1;
17585 +  Q_RESPOND0  =                    0;
17586 +  V_RESPOND1  =                    1;
17587 +  V_RESPOND0  =                    0;
17588 +  I_RESPOND  = '1' ;
17589 +  U_RESPOND  =                    1;
17590 +  END;
17591 +ELSE DO;
17592 +  IF  NOT MISSING(DOLL24 ) AND
17593 +                 119.975 <= DOLL24  THEN DO;
17594 +    IF  NOT MISSING(DEPT25 ) AND
17595 +                      32.5 <= DEPT25  THEN DO;
17596 +      _NODE_  =                    9;
17597 +      _LEAF_  =                   12;
17598 +      P_RESPOND1  =      0.4390243902439;
17599 +      P_RESPOND0  =     0.56097560975609;
17600 +      Q_RESPOND1  =      0.4390243902439;
17601 +      Q_RESPOND0  =     0.56097560975609;
17602 +      V_RESPOND1  =      0.3076923076923;
17603 +      V_RESPOND0  =     0.69230769230769;
17604 +      I_RESPOND  = '0' ;
17605 +      U_RESPOND  =                    0;
17606 +      END;
17607 +    ELSE DO;
17608 +      IF  NOT MISSING(FREQPRCH ) AND
17609 +                         6.5 <= FREQPRCH  THEN DO;
17610 +        IF  NOT MISSING(TOTORDQ22 ) AND
17611 +                           2.5 <= TOTORDQ22  THEN DO;
17612 +          _NODE_  =                   27;
17613 +          _LEAF_  =                   11;
17614 +          P_RESPOND1  =     0.52380952380952;
17615 +          P_RESPOND0  =     0.47619047619047;
17616 +          Q_RESPOND1  =     0.52380952380952;
17617 +          Q_RESPOND0  =     0.47619047619047;
17618 +          V_RESPOND1  =     0.66666666666666;
17619 +          V_RESPOND0  =     0.33333333333333;
17620 +          I_RESPOND  = '1' ;
17621 +          U_RESPOND  =                    1;
17622 +          END;
17623 +        ELSE DO;
17624 +          IF  NOT MISSING(DOLL24 ) AND
17625 +                         293.525 <= DOLL24  THEN DO;
17626 +            _NODE_  =                   41;
17627 +            _LEAF_  =                   10;
17628 +            P_RESPOND1  =     0.23019801980198;
17629 +            P_RESPOND0  =     0.76980198019802;
17630 +            Q_RESPOND1  =     0.23019801980198;
17631 +            Q_RESPOND0  =     0.76980198019802;
17632 +            V_RESPOND1  =     0.20171673819742;
17633 +            V_RESPOND0  =     0.79828326180257;
17634 +            I_RESPOND  = '0' ;
17635 +            U_RESPOND  =                    0;
17636 +            END;
17637 +          ELSE DO;
17638 +            _NODE_  =                   40;
17639 +            _LEAF_  =                    9;
17640 +            P_RESPOND1  =     0.13790035587188;
17641 +            P_RESPOND0  =     0.86209964412811;
17642 +            Q_RESPOND1  =     0.13790035587188;
17643 +            Q_RESPOND0  =     0.86209964412811;
17644 +            V_RESPOND1  =     0.15535714285714;
17645 +            V_RESPOND0  =     0.84464285714285;
17646 +            I_RESPOND  = '0' ;
17647 +            U_RESPOND  =                    0;
17648 +            END;
17649 +          END;
17650 +        END;
17651 +      ELSE DO;
17652 +        _NODE_  =                   14;
17653 +        _LEAF_  =                    8;
17654 +        P_RESPOND1  =     0.09039548022598;
17655 +        P_RESPOND0  =     0.90960451977401;
17656 +        Q_RESPOND1  =     0.09039548022598;
17657 +        Q_RESPOND0  =     0.90960451977401;
17658 +        V_RESPOND1  =     0.07944389275074;
17659 +        V_RESPOND0  =     0.92055610724925;
17660 +        I_RESPOND  = '0' ;
17661 +        U_RESPOND  =                    0;
17662 +        END;
17663 +      END;
17664 +    END;
17665 +  ELSE DO;
17666 +    IF  NOT MISSING(DAYLAST ) AND
17667 +      DAYLAST  <                684.5 THEN DO;
17668 +      IF  NOT MISSING(ACTBUY ) AND
17669 +                         1.5 <= ACTBUY  THEN DO;
17670 +        IF  NOT MISSING(DEPT04 ) AND
17671 +                           8.5 <= DEPT04  THEN DO;
17672 +          _NODE_  =                   21;
17673 +          _LEAF_  =                    6;
17674 +          P_RESPOND1  =     0.22302158273381;
17675 +          P_RESPOND0  =     0.77697841726618;
17676 +          Q_RESPOND1  =     0.22302158273381;
17677 +          Q_RESPOND0  =     0.77697841726618;
17678 +          V_RESPOND1  =     0.16666666666666;
17679 +          V_RESPOND0  =     0.83333333333333;
17680 +          I_RESPOND  = '0' ;
17681 +          U_RESPOND  =                    0;
17682 +          END;
17683 +        ELSE DO;
17684 +          IF  NOT MISSING(ACTBUY ) AND
17685 +                             3.5 <= ACTBUY  THEN DO;
17686 +            _NODE_  =                   33;
17687 +            _LEAF_  =                    5;
17688 +            P_RESPOND1  =     0.13412228796844;
17689 +            P_RESPOND0  =     0.86587771203155;
17690 +            Q_RESPOND1  =     0.13412228796844;
17691 +            Q_RESPOND0  =     0.86587771203155;
17692 +            V_RESPOND1  =     0.14396887159533;
17693 +            V_RESPOND0  =     0.85603112840466;
17694 +            I_RESPOND  = '0' ;
17695 +            U_RESPOND  =                    0;
17696 +            END;
17697 +          ELSE DO;
17698 +            _NODE_  =                   32;
17699 +            _LEAF_  =                    4;
17700 +            P_RESPOND1  =     0.08362919132149;
17701 +            P_RESPOND0  =      0.9163708086785;
17702 +            Q_RESPOND1  =     0.08362919132149;
17703 +            Q_RESPOND0  =      0.9163708086785;
17704 +            V_RESPOND1  =     0.07595993322203;
17705 +            V_RESPOND0  =     0.92404006677796;
17706 +            I_RESPOND  = '0' ;
17707 +            U_RESPOND  =                    0;
17708 +            END;
17709 +          END;
17710 +        END;
17711 +      ELSE DO;
17712 +        IF  NOT MISSING(DOLNETDT ) AND
17713 +          DOLNETDT  <               52.675 THEN DO;
17714 +          _NODE_  =                   18;
17715 +          _LEAF_  =                    1;
17716 +          P_RESPOND1  =     0.03650231544538;
17717 +          P_RESPOND0  =     0.96349768455461;
17718 +          Q_RESPOND1  =     0.03650231544538;
17719 +          Q_RESPOND0  =     0.96349768455461;
17720 +          V_RESPOND1  =     0.04773996952767;
17721 +          V_RESPOND0  =     0.95226003047232;
17722 +          I_RESPOND  = '0' ;
17723 +          U_RESPOND  =                    0;
17724 +          END;
17725 +        ELSE DO;
17726 +          IF  NOT MISSING(DEPT25 ) AND
17727 +                             1.5 <= DEPT25  THEN DO;
17728 +            _NODE_  =                   31;
17729 +            _LEAF_  =                    3;
17730 +            P_RESPOND1  =     0.08140262993112;
17731 +            P_RESPOND0  =     0.91859737006887;
17732 +            Q_RESPOND1  =     0.08140262993112;
17733 +            Q_RESPOND0  =     0.91859737006887;
17734 +            V_RESPOND1  =     0.07115135834411;
17735 +            V_RESPOND0  =     0.92884864165588;
17736 +            I_RESPOND  = '0' ;
17737 +            U_RESPOND  =                    0;
17738 +            END;
17739 +          ELSE DO;
17740 +            _NODE_  =                   30;
17741 +            _LEAF_  =                    2;
17742 +            P_RESPOND1  =     0.05296145408962;
17743 +            P_RESPOND0  =     0.94703854591037;
17744 +            Q_RESPOND1  =     0.05296145408962;
17745 +            Q_RESPOND0  =     0.94703854591037;
17746 +            V_RESPOND1  =     0.05428747686613;
17747 +            V_RESPOND0  =     0.94571252313386;
17748 +            I_RESPOND  = '0' ;
17749 +            U_RESPOND  =                    0;
17750 +            END;
17751 +          END;
17752 +        END;
17753 +      END;
17754 +    ELSE DO;
17755 +      _NODE_  =                    7;
17756 +      _LEAF_  =                    7;
17757 +      P_RESPOND1  =      0.0343143025309;
17758 +      P_RESPOND0  =     0.96568569746909;
17759 +      Q_RESPOND1  =      0.0343143025309;
17760 +      Q_RESPOND0  =     0.96568569746909;
17761 +      V_RESPOND1  =     0.03600810778585;
17762 +      V_RESPOND0  =     0.96399189221414;
17763 +      I_RESPOND  = '0' ;
17764 +      U_RESPOND  =                    0;
17765 +      END;
17766 +    END;
17767 +  END;
17768 +
17769 +*****  RESIDUALS R_ *************;
17770 +IF  F_RESPOND  NE '1'
17771 +AND F_RESPOND  NE '0'  THEN DO;
17772 +        R_RESPOND1  = .;
17773 +        R_RESPOND0  = .;
17774 + END;
17775 + ELSE DO;
17776 +       R_RESPOND1  =  -P_RESPOND1 ;
17777 +       R_RESPOND0  =  -P_RESPOND0 ;
17778 +       SELECT( F_RESPOND  );
17779 +          WHEN( '1'  ) R_RESPOND1  = R_RESPOND1  +1;
17780 +          WHEN( '0'  ) R_RESPOND0  = R_RESPOND0  +1;
17781 +       END;
17782 + END;
17783 +
17784 +****************************************************************;
17785 +******          END OF DECISION TREE SCORING CODE         ******;
17786 +****************************************************************;
17787 +
17788 +drop _LEAF_;
NOTE: %INCLUDE (level 1) ending.
17789  run;

NOTE: DATA STEP view saved on file EMWS4.TREE3_VALIDATE.
NOTE: A stored DATA STEP view cannot run under a different operating system.
NOTE: DATA statement used (Total process time):
      real time           0.03 seconds
      cpu time            0.01 seconds
      

17790  quit;
17791  filename emflow;
NOTE: Fileref EMFLOW has been deassigned.

NOTE: View EMWS4.TREE3_TRAIN.VIEW used (Total process time):
      real time           0.03 seconds
      cpu time            0.03 seconds
      
17793  proc sort data=WORK.EM_USER_REPORT;
17794  by ID VIEW;
17795  run;

NOTE: There were 132 observations read from the data set WORK.EM_USER_REPORT.
NOTE: The data set WORK.EM_USER_REPORT has 132 observations and 4 variables.
NOTE: PROCEDURE SORT used (Total process time):
      real time           0.01 seconds
      cpu time            0.01 seconds
      

17796  *------------------------------------------------------------*;
17797  * Tree3: Computing metadata for TRAIN data;
17798  *------------------------------------------------------------*;

NOTE: View EMWS4.TREE3_TRAIN.VIEW used (Total process time):
      real time           0.03 seconds
      cpu time            0.03 seconds
      
18487  data EMWS4.Tree3_EMINFO;
18488  length TARGET KEY $32 DATA $43;
18489  input TARGET KEY DATA $;
18490  cards;

NOTE: The data set EMWS4.TREE3_EMINFO has 3 observations and 3 variables.
NOTE: DATA statement used (Total process time):
      real time           0.03 seconds
      cpu time            0.01 seconds
      

18494  run;
18495  proc sort data = EMWS4.Tree3_EMINFO NOTHREADS;
18496  by TARGET KEY;
18497  run;

NOTE: There were 3 observations read from the data set EMWS4.TREE3_EMINFO.
NOTE: The data set EMWS4.TREE3_EMINFO has 3 observations and 3 variables.
NOTE: PROCEDURE SORT used (Total process time):
      real time           0.03 seconds
      cpu time            0.00 seconds
      

18498  proc sort data = EMWS4.Ids_EMINFO OUT=WORK.SORTEDEMINFO NOTHREADS;
18499  by TARGET KEY;
18500  run;

NOTE: There were 3 observations read from the data set EMWS4.IDS_EMINFO.
NOTE: The data set WORK.SORTEDEMINFO has 3 observations and 3 variables.
NOTE: PROCEDURE SORT used (Total process time):
      real time           0.00 seconds
      cpu time            0.00 seconds
      

18501  proc sort data = EMWS4.Tree3_EMINFO OUT=WORK.TEMP_INFO NOTHREADS;
18502  by TARGET KEY;
18503  run;

NOTE: Input data set is already sorted; it has been copied to the output data set.
NOTE: There were 3 observations read from the data set EMWS4.TREE3_EMINFO.
NOTE: The data set WORK.TEMP_INFO has 3 observations and 3 variables.
NOTE: PROCEDURE SORT used (Total process time):
      real time           0.01 seconds
      cpu time            0.01 seconds
      

18504  data EMWS4.Tree3_EMINFO;
18505  merge WORK.SORTEDEMINFO WORK.TEMP_INFO;
18506  by TARGET KEY;
18507  run;

NOTE: There were 3 observations read from the data set WORK.SORTEDEMINFO.
NOTE: There were 3 observations read from the data set WORK.TEMP_INFO.
NOTE: The data set EMWS4.TREE3_EMINFO has 4 observations and 3 variables.
NOTE: DATA statement used (Total process time):
      real time           0.01 seconds
      cpu time            0.00 seconds
      

18508  proc datasets lib=work nolist;
18509  delete TEMP_INFO SORTEDEMINFO;
18510  run;

NOTE: Deleting WORK.TEMP_INFO (memtype=DATA).
NOTE: Deleting WORK.SORTEDEMINFO (memtype=DATA).
18511  quit;

NOTE: PROCEDURE DATASETS used (Total process time):
      real time           0.00 seconds
      cpu time            0.00 seconds
      

NOTE: View EMWS4.TREE3_TRAIN.VIEW used (Total process time):
      real time           0.03 seconds
      cpu time            0.03 seconds
      
NOTE: View EMWS4.TREE3_VALIDATE.VIEW used (Total process time):
      real time           0.03 seconds
      cpu time            0.03 seconds
      
