 
                                                                                                                                                                                                                                                                
 
Variable Importance

                                                                                           Ratio of
                                 Number of                                               Validation
Variable                         Splitting                            Validation        to Training
Name         Label                 Rules           Importance         Importance         Importance

DTBUYORG                             1                 1.0000             0.8722             0.8722
DOLL24       $ last 24 months        1                 0.9808             1.0000             1.0196
DEPT25       food                    1                 0.5742             0.2831             0.4930
FREQPRCH     lifetime orders         1                 0.4600             0.6221             1.3523
TOTORDQ22    tot orders 98Q2         1                 0.3355             0.2644             0.7881
 
                                                                                                                                                                                                                                                                
 
Tree Leaf Report

                                 Training
Node               Training       Percent     Validation     Validation
 Id     Depth    Observations        1       Observations     Percent 1

  4       2          28630         0.05          14271          0.05   
 14       4           1947         0.09           1007          0.08   
 26       5           1528         0.16            793          0.17   
  9       3             82         0.44             39          0.31   
  3       1             27         1.00              8          1.00   
 27       5             21         0.52              3          0.67   
 
                                                                                               
 
 
Fit Statistics

Target=RESPOND Target Label=response target

   Fit
Statistics    Statistics Label                 Train    Validation

  _NOBS_      Sum of Frequencies            32235.00     16121.00 
  _MISC_      Misclassification Rate            0.06         0.06 
  _MAX_       Maximum Absolute Error            0.95         0.95 
  _SSE_       Sum of Squared Errors          3317.53      1681.35 
  _ASE_       Average Squared Error             0.05         0.05 
  _RASE_      Root Average Squared Error        0.23         0.23 
  _DIV_       Divisor for ASE               64470.00     32242.00 
  _DFT_       Total Degrees of Freedom      32235.00          .   
 
                                                                                               
 
 
Classification Table

Data Role=TRAIN Target Variable=RESPOND Target Label=response target

                       Target        Outcome     Frequency       Total
Target    Outcome    Percentage    Percentage      Count      Percentage

  0          0         94.4481       99.9671       30400        94.3074 
  1          0          5.5519       97.9178        1787         5.5437 
  0          1         20.8333        0.0329          10         0.0310 
  1          1         79.1667        2.0822          38         0.1179 


Data Role=VALIDATE Target Variable=RESPOND Target Label=response target

                       Target        Outcome     Frequency       Total
Target    Outcome    Percentage    Percentage      Count      Percentage

  0          0         94.3886       99.9934       15206        94.3242 
  1          0          5.6114       98.9059         904         5.6076 
  0          1          9.0909        0.0066           1         0.0062 
  1          1         90.9091        1.0941          10         0.0620 
 
                                                                                               
 
 
Event Classification Table

Data Role=TRAIN Target=RESPOND Target Label=response target

  False       True        False       True
Negative    Negative    Positive    Positive

  1787        30400        10          38   


Data Role=VALIDATE Target=RESPOND Target Label=response target

  False       True        False       True
Negative    Negative    Positive    Positive

   904        15206         1          10   
 
                                                                                               
 
 
Assessment Score Rankings

Data Role=TRAIN Target Variable=RESPOND Target Label=response target

                                                                                    Mean
                            Cumulative       %      Cumulative     Number of     Posterior
Depth      Gain     Lift       Lift      Response   % Response   Observations   Probability

   5    244.641   3.44641     3.44641     19.5120     19.5120        1612         0.19512  
  10    153.966   1.63290     2.53966      9.2447     14.3784        1612         0.09245  
  15    102.729   1.00256     2.02729      5.6760     11.4776        1612         0.05676  
  20     72.528   0.81868     1.72528      4.6350      9.7677        1611         0.04635  
  25     54.394   0.81868     1.54394      4.6350      8.7411        1612         0.04635  
  30     42.305   0.81868     1.42305      4.6350      8.0567        1612         0.04635  
  35     33.670   0.81868     1.33670      4.6350      7.5678        1612         0.04635  
  40     27.198   0.81868     1.27198      4.6350      7.2014        1611         0.04635  
  45     22.161   0.81868     1.22161      4.6350      6.9162        1612         0.04635  
  50     18.131   0.81868     1.18131      4.6350      6.6880        1612         0.04635  
  55     14.834   0.81868     1.14834      4.6350      6.5014        1612         0.04635  
  60     12.088   0.81868     1.12088      4.6350      6.3459        1611         0.04635  
  65      9.763   0.81868     1.09763      4.6350      6.2143        1612         0.04635  
  70      7.770   0.81868     1.07770      4.6350      6.1015        1612         0.04635  
  75      6.043   0.81868     1.06043      4.6350      6.0037        1612         0.04635  
  80      4.533   0.81868     1.04533      4.6350      5.9182        1611         0.04635  
  85      3.200   0.81868     1.03200      4.6350      5.8427        1612         0.04635  
  90      2.014   0.81868     1.02014      4.6350      5.7756        1612         0.04635  
  95      0.954   0.81868     1.00954      4.6350      5.7156        1612         0.04635  
 100      0.000   0.81868     1.00000      4.6350      5.6615        1611         0.04635  


Data Role=VALIDATE Target Variable=RESPOND Target Label=response target

                                                                                    Mean
                            Cumulative       %      Cumulative     Number of     Posterior
Depth      Gain     Lift       Lift      Response   % Response   Observations   Probability

   5    227.659   3.27659     3.27659     18.5770     18.5770         807         0.18532  
  10    137.473   1.47175     2.37473      8.3443     13.4638         806         0.09361  
  15     91.787   1.00358     1.91787      5.6899     10.8736         806         0.05930  
  20     64.798   0.83796     1.64798      4.7509      9.3434         806         0.04635  
  25     48.601   0.83796     1.48601      4.7509      8.4251         806         0.04635  
  30     37.803   0.83796     1.37803      4.7509      7.8129         806         0.04635  
  35     30.089   0.83796     1.30089      4.7509      7.3755         806         0.04635  
  40     24.303   0.83796     1.24303      4.7509      7.0475         806         0.04635  
  45     19.803   0.83796     1.19803      4.7509      6.7924         806         0.04635  
  50     16.202   0.83796     1.16202      4.7509      6.5882         806         0.04635  
  55     13.257   0.83796     1.13257      4.7509      6.4212         806         0.04635  
  60     10.802   0.83796     1.10802      4.7509      6.2820         806         0.04635  
  65      8.725   0.83796     1.08725      4.7509      6.1643         806         0.04635  
  70      6.944   0.83796     1.06944      4.7509      6.0633         806         0.04635  
  75      5.401   0.83796     1.05401      4.7509      5.9758         806         0.04635  
  80      4.051   0.83796     1.04051      4.7509      5.8993         806         0.04635  
  85      2.859   0.83796     1.02859      4.7509      5.8317         806         0.04635  
  90      1.800   0.83796     1.01800      4.7509      5.7717         806         0.04635  
  95      0.853   0.83796     1.00853      4.7509      5.7180         806         0.04635  
 100      0.000   0.83796     1.00000      4.7509      5.6696         806         0.04635  
 
                                                                                               
 
 
Assessment Score Distribution

Data Role=TRAIN Target Variable=RESPOND Target Label=response target

 Posterior     Number                     Mean
Probability      of      Number of     Posterior
   Range       Events    Nonevents    Probability    Percentage

 0.95-1.00        27           0        1.00000         0.0838 
 0.50-0.55        11          10        0.52381         0.0651 
 0.40-0.45        36          46        0.43902         0.2544 
 0.15-0.20       248        1280        0.16230         4.7402 
 0.05-0.10       176        1771        0.09040         6.0400 
 0.00-0.05      1327       27303        0.04635        88.8165 


Data Role=VALIDATE Target Variable=RESPOND Target Label=response target

 Posterior     Number                     Mean
Probability      of      Number of     Posterior
   Range       Events    Nonevents    Probability    Percentage

 0.95-1.00         8           0        1.00000         0.0496 
 0.50-0.55         2           1        0.52381         0.0186 
 0.40-0.45        12          27        0.43902         0.2419 
 0.15-0.20       134         659        0.16230         4.9190 
 0.05-0.10        80         927        0.09040         6.2465 
 0.00-0.05       678       13593        0.04635        88.5243 
