*------------------------------------------------------------*
* Training Log
Date:                December 12, 2017
Time:                11:44:53
*------------------------------------------------------------*
10866  proc freq data=EMWS2.Trans3_VariableSet noprint;
10867  table ROLE*LEVEL/out=WORK.Trans3META;
10868  run;

NOTE: There were 28 observations read from the data set EMWS2.TRANS3_VARIABLESET.
NOTE: The data set WORK.TRANS3META has 5 observations and 4 variables.
NOTE: PROCEDURE FREQ used (Total process time):
      real time           0.01 seconds
      cpu time            0.00 seconds
      

10869  proc print data=WORK.Trans3META label noobs;
10870  var ROLE LEVEL COUNT;
10871  label ROLE = "%sysfunc(sasmsg(sashelp.dmine, meta_role_vlabel, NOQUOTE))" LEVEL = "%sysfunc(sasmsg(sashelp.dmine, meta_level_vlabel, NOQUOTE))" COUNT = "%sysfunc(sasmsg(sashelp.dmine, rpt_count_vlabel, NOQUOTE))";
10872  title9 ' ';
10873  title10 "%sysfunc(sasmsg(sashelp.dmine, rpt_varSummary_title  , NOQUOTE))";
10874  run;

NOTE: There were 5 observations read from the data set WORK.TRANS3META.
NOTE: The PROCEDURE PRINT printed page 1.
NOTE: PROCEDURE PRINT used (Total process time):
      real time           0.00 seconds
      cpu time            0.00 seconds
      

10875  title10;

10876  data WORK.M2YJP89Y;
10877  set WORK.M2YJP89Y;
10878  if (METHOD='NONE' and ROLE ne 'FREQ') or (role = 'REJECTED' and METHOD = 'DEFAULT') then delete;
10879  run;

NOTE: There were 28 observations read from the data set WORK.M2YJP89Y.
NOTE: The data set WORK.M2YJP89Y has 27 observations and 22 variables.
NOTE: DATA statement used (Total process time):
      real time           0.00 seconds
      cpu time            0.00 seconds
      

NOTE: There were 9686 observations read from the data set BIA.PVA97NK.
NOTE: There were 9686 observations read from the data set EMWS2.IDS_DATA.
NOTE: View EMWS2.TRANS2_TRAIN.VIEW used (Total process time):
      real time           0.14 seconds
      cpu time            0.10 seconds
      
NOTE: There were 9686 observations read from the data set EMWS2.TRANS_TRAIN.
10944  *------------------------------------------------------------*;
10945  * Trans: Computing Summary Statistics;
10946  *------------------------------------------------------------*;
10947  data WORK.M1G5JLJP;
10948  set WORK.M1G5JLJP;
10949  if (role = 'REJECTED') then role = 'INPUT';
10950  run;

NOTE: There were 27 observations read from the data set WORK.M1G5JLJP.
NOTE: The data set WORK.M1G5JLJP has 27 observations and 22 variables.
NOTE: DATA statement used (Total process time):
      real time           0.00 seconds
      cpu time            0.00 seconds
      

10951  *------------------------------------------------------------* ;
10952  * EM: DMDBClass Macro ;
10953  *------------------------------------------------------------* ;
10954  %macro DMDBClass;
10955      DemCluster(ASC) DemGender(ASC) DemHomeOwner(ASC) StatusCat96NK(ASC)
10956     StatusCatStarAll(ASC) TargetB(DESC)
10957  %mend DMDBClass;
10958  *------------------------------------------------------------* ;
10959  * EM: DMDBVar Macro ;
10960  *------------------------------------------------------------* ;
10961  %macro DMDBVar;
10962      DemAge DemMedHomeValue DemMedIncome DemPctVeterans GiftAvg36 GiftAvgAll
10963     GiftAvgCard36 GiftAvgLast GiftCnt36 GiftCntAll GiftCntCard36 GiftCntCardAll
10964     GiftTimeFirst GiftTimeLast_REV Monetary_TotalGiftAmount PromCnt12 PromCnt36
10965     PromCntAll PromCntCard12 PromCntCard36 PromCntCardAll
10966  %mend DMDBVar;
10967  *------------------------------------------------------------*;
10968  * EM: Create DMDB;
10969  *------------------------------------------------------------*;
10970  proc dmdb batch data=EMWS2.Trans2_TRAIN
10971  dmdbcat=WORK.EM_DMDB
10972  classout=WORK.Transclassout
10973  maxlevel = 513
10974  ;
10975  class %DMDBClass;
10976  var %DMDBVar;
10977  target
10978  TargetB
10979  ;
10980  run;

NOTE: Records processed = 9686   Memory used = 511K.
NOTE: There were 9686 observations read from the data set BIA.PVA97NK.
NOTE: There were 9686 observations read from the data set EMWS2.IDS_DATA.
NOTE: View EMWS2.TRANS2_TRAIN.VIEW used (Total process time):
      real time           0.12 seconds
      cpu time            0.11 seconds
      
NOTE: There were 9686 observations read from the data set EMWS2.TRANS_TRAIN.
NOTE: There were 9686 observations read from the data set EMWS2.TRANS2_TRAIN.
NOTE: The data set WORK.TRANSCLASSOUT has 69 observations and 9 variables.
NOTE: PROCEDURE DMDB used (Total process time):
      real time           0.14 seconds
      cpu time            0.12 seconds
      

10981  quit;
10982  *--- end code ---*;

10983  data WORK.TransINTERVALMETA;
10984  set WORK.M2YJP89Y;
10985  if LEVEL ne 'INTERVAL' then delete;
10986  run;

NOTE: There were 27 observations read from the data set WORK.M2YJP89Y.
NOTE: The data set WORK.TRANSINTERVALMETA has 21 observations and 22 variables.
NOTE: DATA statement used (Total process time):
      real time           0.01 seconds
      cpu time            0.01 seconds
      

10987  *------------------------------------------------------------*;
10988  * Trans: Determining Variables to Scale;
10989  *------------------------------------------------------------*;
10990  data WORK.M3PLXZ7E;
10991  set WORK.M3PLXZ7E;
10992  where (TYPE="N" and (METHOD in("MAX_NORM", "MAX_CORR", "EQUALIZE", "OP_MAX_NORM", "OP_EQUALIZE"))) or (ROLE eq "FREQ");
10993  run;

NOTE: There were 0 observations read from the data set WORK.M3PLXZ7E.
      WHERE ((TYPE='N') and METHOD in ('EQUALIZE', 'MAX_CORR', 'MAX_NORM', 'OP_EQUALIZE', 'OP_MAX_NORM')) or (ROLE='FREQ');
NOTE: The data set WORK.M3PLXZ7E has 0 observations and 22 variables.
NOTE: DATA statement used (Total process time):
      real time           0.00 seconds
      cpu time            0.00 seconds
      

10996  *------------------------------------------------------------*;
10997  * Trans: Computing quantile transformations;
10998  *------------------------------------------------------------*;
10999  %em_varMacro(name=EM_PCTLBINVAR, metadata=WORK.METASET1WNNT7E, key=NAME);

NOTE: The file MACFILE is:
      Catalog Name=WORK.EMUTIL.MACRO.SOURCE,
      Catalog Page Size=4096,
      Number of Catalog Pages=4,
      Created=Tue, Dec 12, 2017 11:44:54 AM,
      Last Modified=Tue, Dec 12, 2017 11:44:54 AM,
      Filename=C:\Users\hkatrag1\AppData\Local\Temp\43\SAS Temporary Files\_TD4340_UPITSCTXSH014_\emutil.sas7bcat,
      Release Created=9.0401M3,
      Host Created=X64_DSRV12

NOTE: 3 records were written to the file MACFILE.
      The minimum record length was 20.
      The maximum record length was 61.
NOTE: There were 3 observations read from the data set WORK.METASET1WNNT7E.
NOTE: DATA statement used (Total process time):
      real time           0.01 seconds
      cpu time            0.00 seconds
      

NOTE: Fileref MACFILE has been deassigned.
11003  data work.EM_TRANS_STDIZE / view=work.EM_TRANS_STDIZE;
11004  set EMWS2.Trans2_TRAIN(keep=%EM_PCTLBINVAR );
11005  run;

NOTE: DATA STEP view saved on file WORK.EM_TRANS_STDIZE.
NOTE: A stored DATA STEP view cannot run under a different operating system.
NOTE: View EMWS2.TRANS2_TRAIN.VIEW used (Total process time):
      real time           0.17 seconds
      cpu time            0.12 seconds
      
NOTE: DATA statement used (Total process time):
      real time           0.18 seconds
      cpu time            0.12 seconds
      

11006  data work.TRANS_QUANTMETADS;
11007  set WORK.METASET1WNNT7E;
11008  if NUMBINS eq . then NUMBINS=4;
11009  run;

NOTE: There were 3 observations read from the data set WORK.METASET1WNNT7E.
NOTE: The data set WORK.TRANS_QUANTMETADS has 3 observations and 22 variables.
NOTE: DATA statement used (Total process time):
      real time           0.01 seconds
      cpu time            0.01 seconds
      

11010  proc sort data=work.TRANS_QUANTMETADS;
11011  by NUMBINS NAME;
11012  run;

NOTE: There were 3 observations read from the data set WORK.TRANS_QUANTMETADS.
NOTE: The data set WORK.TRANS_QUANTMETADS has 3 observations and 22 variables.
NOTE: PROCEDURE SORT used (Total process time):
      real time           0.00 seconds
      cpu time            0.00 seconds
      

11013  data _null_;
11014  set work.TRANS_QUANTMETADS;
11015  length pctlString $200;
11016  length VarString $80;
11017  retain VarString '';
11018  retain Count 0;
11019  by Numbins;
11020  if first.numbins then do;
11021  count + 1;
11022  pctlString = '';
11023  call execute("proc stdize data=work.EM_TRANS_STDIZE outstat=WORK.TransBIN_PCTL out=_null_
11024              pctlpts=");
11025  do i=1 to numbins -1;
11026  pctlString = strip(pctlString)!!' '!!strip(put(i*100/numbins, 5.1));
11027  end;
11028  call execute(strip(pctlString)!!";");
11029  call execute("var ");
11030  VarString = strip(NAME);
11031  end;
11032  else do;
11033  if length(strip(VarString)) + length(strip(NAME)) + 1 < 80 then VarString = strip(VarString)!!' '!!strip(NAME);
11034  else do;
11035  call execute(varString);
11036  VarString = NAME;
11037  end;
11038  end;
11039  if last.numbins then do;
11040  call execute(varString!!';');
11041  call execute("run;");
11042  if count = 1 then call execute("data  WORK.Trans_PCTL;");
11043  else call execute("data  WORK.TransBIN_PCTL;");
11044  call execute("   length _PCTLPTS 8;");
11045  call execute("   set WORK.TransBIN_PCTL(where=(_type_=:'P'));");
11046  call execute("   _PCTLPTS = input(substr(tranwrd(_TYPE_, '_', '.'), 2), best.);");
11047  call execute("run;");
11048  if count ne 1 then do;
11049  call execute("data WORK.Trans_PCTL;");
11050  call execute("   merge WORK.Trans_PCTL WORK.TransBIN_PCTL;");
11051  call execute("   by _PCTLPTS;");
11052  call execute("run;");
11053  end;
11054  end;
11055  run;

NOTE: There were 3 observations read from the data set WORK.TRANS_QUANTMETADS.
NOTE: DATA statement used (Total process time):
      real time           0.00 seconds
      cpu time            0.00 seconds
      

NOTE: CALL EXECUTE generated line.
1     + proc stdize data=work.EM_TRANS_STDIZE outstat=WORK.TransBIN_PCTL out=_null_            pctlpts=
2     + 20.0 40.0 60.0 80.0;
3     + var
4     + GiftCntAll GiftTimeLast_REV Monetary_TotalGiftAmount                            ;
5     + run;

NOTE: There were 9686 observations read from the data set BIA.PVA97NK.
NOTE: There were 9686 observations read from the data set EMWS2.IDS_DATA.
NOTE: There were 9686 observations read from the data set EMWS2.TRANS_TRAIN.
NOTE: View WORK.EM_TRANS_STDIZE.VIEW used (Total process time):
      real time           0.25 seconds
      cpu time            0.25 seconds
      
NOTE: There were 9686 observations read from the data set EMWS2.TRANS2_TRAIN.
NOTE: There were 9686 observations read from the data set WORK.EM_TRANS_STDIZE.
NOTE: The data set WORK.TRANSBIN_PCTL has 12 observations and 4 variables.
NOTE: PROCEDURE STDIZE used (Total process time):
      real time           0.26 seconds
      cpu time            0.26 seconds
      

6     + data  WORK.Trans_PCTL;
7     +    length _PCTLPTS 8;
8     +    set WORK.TransBIN_PCTL(where=(_type_=:'P'));
9     +    _PCTLPTS = input(substr(tranwrd(_TYPE_, '_', '.'), 2), best.);
10    + run;

NOTE: There were 4 observations read from the data set WORK.TRANSBIN_PCTL.
      WHERE _type_=:'P';
NOTE: The data set WORK.TRANS_PCTL has 4 observations and 5 variables.
NOTE: DATA statement used (Total process time):
      real time           0.01 seconds
      cpu time            0.00 seconds
      

NOTE: View EMWS2.TRANS2_TRAIN.VIEW used (Total process time):
      real time           0.79 seconds
      cpu time            0.65 seconds
      
NOTE: This SAS session is using a registry in WORK.  All changes will be lost at the end of this session.
*------------------------------------------------------------* 
*  Trans: Creating EMWS2.Trans3_RESULT 
*------------------------------------------------------------* 
WARNING: Multiple lengths were specified for the BY variable NAME by input data sets. This might cause unexpected results.

NOTE: PROCEDURE DATASETS used (Total process time):
      real time           0.07 seconds
      cpu time            0.04 seconds
      

11100  data EMWS2.Trans3_RESULT;
11101  length NAME $32 FORMULA $70 POWER 8 ROLE $32 LEVEL $10 INPUTNAME $32 INPUTTYPE $1 LABEL $44;
11102  label INPUTNAME ='Input Name' NAME='Name' POWER='Power' FORMULA='Formula' ROLE='Role' INPUTLEVEL='Input Level' LEVEL='Level' INPUTTYPE='Input Type' TYPE='Type';
11103  set EMWS2.Trans3_RESULT;
11104  if INPUTNAME = '' then INPUTNAME = "Mixture of variables";
11105  run;

NOTE: There were 3 observations read from the data set EMWS2.TRANS3_RESULT.
NOTE: The data set EMWS2.TRANS3_RESULT has 3 observations and 11 variables.
NOTE: DATA statement used (Total process time):
      real time           0.04 seconds
      cpu time            0.01 seconds
      

11106  data WORK.M1E2_DDL;
11107  set WORK.M1E2_DDL;
11108  if ROLE='REJECTED' then ROLE='INPUT';
11109  run;

NOTE: There were 3 observations read from the data set WORK.M1E2_DDL.
NOTE: The data set WORK.M1E2_DDL has 3 observations and 11 variables.
NOTE: DATA statement used (Total process time):
      real time           0.01 seconds
      cpu time            0.01 seconds
      

*------------------------------------------------------------* 
*  Trans: Computing summary statistics for transformed variables 
*------------------------------------------------------------* 
11240  data WORK.TRANSFOR_01H9I_3_STATISTIC;
11241  set WORK.Trans_TEMP;
11242  run;

NOTE: There were 3 observations read from the data set WORK.TRANS_TEMP.
NOTE: The data set WORK.TRANSFOR_01H9I_3_STATISTIC has 3 observations and 10 variables.
NOTE: DATA statement used (Total process time):
      real time           0.00 seconds
      cpu time            0.00 seconds
      

11243  %exploreSample(DATA=EMWS2.Trans2_TRAIN, OUTPUT=EMWS2.Trans3_SAMPLE_DATA, METADATA=EMWS2.Trans2_CMeta_TRAIN, VARS=, METHOD=FIRSTN, SIZE=DEFAULT, ALPHA=0.01, PVALUE=0.01, SEED=12345);
NOTE: Fileref X has been deassigned.
NOTE: EXPLOREOBS EMWS2.Trans2_TRAIN : vars= 30 : recl= 221 : max=20000 : def= 2000
PERFORMANCE  DETAILS
*------------------------------------------------------------*
* FirstN/Top sample
*------------------------------------------------------------*

NOTE: There were 9686 observations read from the data set BIA.PVA97NK.
NOTE: There were 9686 observations read from the data set EMWS2.IDS_DATA.
NOTE: View EMWS2.TRANS2_TRAIN.VIEW used (Total process time):
      real time           0.10 seconds
      cpu time            0.07 seconds
      
NOTE: There were 9686 observations read from the data set EMWS2.TRANS_TRAIN.
NOTE: There were 2000 observations read from the data set EMWS2.TRANS2_TRAIN.
NOTE: The data set EMWS2.TRANS3_SAMPLE_DATA has 2000 observations and 30 variables.
NOTE: DATA statement used (Total process time):
      real time           0.18 seconds
      cpu time            0.09 seconds
      


11420  proc print data = EMWS2.Trans3_RESULT(obs=500) noobs label;
11421  title9 "%sysfunc(sasmsg(sashelp.dmine, rpt_computedtransformations_title, NOQUOTE))";
11422  title10 "%sysfunc(sasmsg(sashelp.dmine, rpt_maxObsPrinted_title, NOQUOTE))";
11423  var INPUTNAME ROLE INPUTLEVEL NAME LEVEL FORMULA;
11424  run;

NOTE: There were 3 observations read from the data set EMWS2.TRANS3_RESULT.
NOTE: The PROCEDURE PRINT printed page 2.
NOTE: PROCEDURE PRINT used (Total process time):
      real time           0.01 seconds
      cpu time            0.01 seconds
      

11425  title9;
11426  title10;

