*------------------------------------------------------------*
* Report Log
Date:                December 12, 2017
Time:                09:20:00
*------------------------------------------------------------*
11450  *------------------------------------------------------------*;
11451  * Part: Computing statistics for class target variables;
11452  *------------------------------------------------------------*;
11453  ods listing close;
11454  ods output onewayfreqs=WORK.TEMPFREQ;
11455  proc freq data = EMWS2.Ids_DATA order=formatted addnames;
11456  table RESPOND / missing;
11457  run;

NOTE: View EMWS2.IDS_DATA.VIEW used (Total process time):
      real time           1:50.33
      cpu time            0.59 seconds
      
NOTE: There were 48356 observations read from the data set DATA.CATALOG2010.
NOTE: The data set WORK.TEMPFREQ has 2 observations and 8 variables.
NOTE: There were 48356 observations read from the data set EMWS2.IDS_DATA.
NOTE: PROCEDURE FREQ used (Total process time):
      real time           1:50.72
      cpu time            0.60 seconds
      

11458  quit;
11459  ods listing;
11460  data WORK.Part_BAR(keep=_VARIABLE_ TYPE COUNT PERCENT _X_ _XLABEL_);
11461  label _VARIABLE_ = "%sysfunc(sasmsg(sashelp.dmine, rpt_variable_vlabel, NOQUOTE))" Type = "%sysfunc(sasmsg(sashelp.dmine, rpt_type_vlabel,         NOQUOTE))" _X_ = "%sysfunc(sasmsg(sashelp.dmine, rpt_numValue_vlabel, NOQUOTE))" _XLABEL_ =
11462     "%sysfunc(sasmsg(sashelp.dmine, rpt_fmtValue_vlabel ,    NOQUOTE))" COUNT = "%sysfunc(sasmsg(sashelp.dmine, rpt_count_vlabel,        NOQUOTE))" PERCENT = "%sysfunc(sasmsg(sashelp.dmine, rpt_percent_vlabel,      NOQUOTE))";
11463  dsid = open("WORK.TEMPFREQ");
11464  varnum = varnum(dsid, 'VARIABLE');
11465  freqnum = varnum(dsid, 'FREQUENCY');
11466  pvarnum = varnum(dsid, 'PERCENT');
11467  typenum = varnum(dsid, '_TYPE_');
11468  length _VARIABLE_ $32 TYPE $1 _XLABEL_ $32;
11469  do while(^fetch(dsid));
11470  _VARIABLE_ = strip(getvarc(dsid, varnum));
11471  count = getvarn(dsid, freqnum);
11472  percent= getvarn(dsid, pvarnum);
11473  vvarnum = varnum(dsid, _VARIABLE_);
11474  type = vartype(dsid, vvarnum);
11475  fvarnum = varnum(dsid, 'F_'!!substr(_VARIABLE_, 1, 30));
11476  _XLABEL_ = left(getvarc(dsid, fvarnum));
11477  _X_ = .;
11478  if TYPE eq 'N' then _X_ = getvarn(dsid, vvarnum);
11479  output;
11480  end;
11481  dsid = close(dsid);
11482  run;

NOTE: The data set WORK.PART_BAR has 2 observations and 6 variables.
NOTE: DATA statement used (Total process time):
      real time           0.01 seconds
      cpu time            0.01 seconds
      

11483  proc sort data=WORK.Part_BAR NOTHREADS;
11484  by _VARIABLE_;
11485  run;

NOTE: There were 2 observations read from the data set WORK.PART_BAR.
NOTE: The data set WORK.PART_BAR has 2 observations and 6 variables.
NOTE: PROCEDURE SORT used (Total process time):
      real time           0.00 seconds
      cpu time            0.00 seconds
      

11486  proc sort data=WORK.M389XKNO;
11487  by Name;
11488  run;

NOTE: There were 2 observations read from the data set WORK.M389XKNO.
NOTE: The data set WORK.M389XKNO has 2 observations and 21 variables.
NOTE: PROCEDURE SORT used (Total process time):
      real time           0.00 seconds
      cpu time            0.00 seconds
      

11489  data WORK.Part_BAR;
11490  merge WORK.Part_BAR(in=_a) WORK.M389XKNO(keep=Name Label Role rename=(Name=_Variable_ Label=_Label_));
11491  by _Variable_;
11492  label Role = "%sysfunc(sasmsg(sashelp.dmine, meta_role_vlabel ,  NOQUOTE))";
11493  label Label = "%sysfunc(sasmsg(sashelp.dmine, meta_label_vlabel , NOQUOTE))";
11494  if _a then output;
11495  run;

NOTE: Variable Label is uninitialized.
WARNING: Multiple lengths were specified for the BY variable _VARIABLE_ by input data sets. This might cause unexpected results.
NOTE: There were 2 observations read from the data set WORK.PART_BAR.
NOTE: There were 2 observations read from the data set WORK.M389XKNO.
NOTE: The data set WORK.PART_BAR has 2 observations and 8 variables.
NOTE: DATA statement used (Total process time):
      real time           0.01 seconds
      cpu time            0.01 seconds
      

11496  data EMWS2.Part_CLASS;
11497  length DATA $8;
11498  set WORK.Part_BAR;
11499  DATA = "DATA";
11500  run;

NOTE: There were 2 observations read from the data set WORK.PART_BAR.
NOTE: The data set EMWS2.PART_CLASS has 2 observations and 9 variables.
NOTE: DATA statement used (Total process time):
      real time           1.17 seconds
      cpu time            0.00 seconds
      

11501  *------------------------------------------------------------*;
11502  * Part: Computing statistics for interval target variables;
11503  *------------------------------------------------------------*;
11504  proc means data=EMWS2.Ids_DATA min max mean std noprint;
11505  output out=WORK.Part_STATTEMP;
11506  var
11507  ORDERSIZE
11508  ;
11509  run;

NOTE: View EMWS2.IDS_DATA.VIEW used (Total process time):
      real time           1:50.33
      cpu time            0.68 seconds
      
NOTE: There were 48356 observations read from the data set DATA.CATALOG2010.
NOTE: There were 48356 observations read from the data set EMWS2.IDS_DATA.
NOTE: The data set WORK.PART_STATTEMP has 5 observations and 4 variables.
NOTE: PROCEDURE MEANS used (Total process time):
      real time           1:50.75
      cpu time            0.71 seconds
      

11510  proc sort data=WORK.Part_STATTEMP NOTHREADS;
11511  by _stat_;
11512  run;

NOTE: There were 5 observations read from the data set WORK.PART_STATTEMP.
NOTE: The data set WORK.PART_STATTEMP has 5 observations and 4 variables.
NOTE: PROCEDURE SORT used (Total process time):
      real time           0.00 seconds
      cpu time            0.00 seconds
      

11513  proc transpose data=WORK.Part_STATTEMP out=WORK.Part_BASICSTAT;
11514  id _stat_;
11515  copy _FREQ_;
11516  var
11517  ORDERSIZE
11518  ;
11519  run;

NOTE: There were 5 observations read from the data set WORK.PART_STATTEMP.
NOTE: The data set WORK.PART_BASICSTAT has 5 observations and 8 variables.
NOTE: PROCEDURE TRANSPOSE used (Total process time):
      real time           0.00 seconds
      cpu time            0.00 seconds
      

11520  data _statNamelbl;
11521  set WORK.M389XKNO(keep=NAME LABEL rename=(NAME=_NAME_ LABEL=_LABEL_));
11522  run;

NOTE: There were 2 observations read from the data set WORK.M389XKNO.
NOTE: The data set WORK._STATNAMELBL has 2 observations and 2 variables.
NOTE: DATA statement used (Total process time):
      real time           0.00 seconds
      cpu time            0.00 seconds
      

11523  proc sort data=_statNamelbl;
11524  by _NAME_;
11525  run;

NOTE: There were 2 observations read from the data set WORK._STATNAMELBL.
NOTE: The data set WORK._STATNAMELBL has 2 observations and 2 variables.
NOTE: PROCEDURE SORT used (Total process time):
      real time           0.01 seconds
      cpu time            0.01 seconds
      

11526  proc sort data=WORK.Part_BASICSTAT;
11527  by _NAME_;
11528  run;

NOTE: There were 5 observations read from the data set WORK.PART_BASICSTAT.
NOTE: The data set WORK.PART_BASICSTAT has 5 observations and 8 variables.
NOTE: PROCEDURE SORT used (Total process time):
      real time           0.00 seconds
      cpu time            0.00 seconds
      

11529  data WORK.Part_BASICSTAT;
11530  label _NAME_ = "%sysfunc(sasmsg(sashelp.dmine, rpt_variable_vlabel, NOQUOTE))" MAX = "%sysfunc(sasmsg(sashelp.dmine, rpt_maximum_vlabel, NOQUOTE))" MEAN = "%sysfunc(sasmsg(sashelp.dmine, rpt_mean_vlabel, NOQUOTE))" MIN =
11531     "%sysfunc(sasmsg(sashelp.dmine, rpt_minimum_vlabel, NOQUOTE))" N = "%sysfunc(sasmsg(sashelp.dmine, rpt_nonMiss_vlabel, NOQUOTE))" NMiss = "%sysfunc(sasmsg(sashelp.dmine, rpt_missing_vlabel, NOQUOTE))" STD =
11532     "%sysfunc(sasmsg(sashelp.dmine, rpt_std_vlabel, NOQUOTE))" _LABEL_= "%sysfunc(sasmsg(sashelp.dmine, rpt_label_vlabel, NOQUOTE))";
11533  merge _statnamelbl(in=_a) WORK.Part_BASICSTAT(in=_b);
11534  by _NAME_;
11535  where _NAME_ ne '';
11536  NMISS = _FREQ_ - N;
11537  drop _FREQ_;
11538  if _a and _b then output;
11539  run;

NOTE: Missing values were generated as a result of performing an operation on missing values.
      Each place is given by: (Number of times) at (Line):(Column).
      1 at 11536:16   
NOTE: There were 2 observations read from the data set WORK._STATNAMELBL.
      WHERE _NAME_ not = ' ';
NOTE: There were 1 observations read from the data set WORK.PART_BASICSTAT.
      WHERE _NAME_ not = ' ';
NOTE: The data set WORK.PART_BASICSTAT has 1 observations and 8 variables.
NOTE: DATA statement used (Total process time):
      real time           0.01 seconds
      cpu time            0.01 seconds
      

11540  data EMWS2.Part_INTRVL;
11541  label DATA = "%sysfunc(sasmsg(sashelp.dmine, rpt_data_vlabel ,   NOQUOTE))";
11542  length DATA $8;
11543  set WORK.Part_BASICSTAT;
11544  DATA = 'DATA';
11545  run;

NOTE: There were 1 observations read from the data set WORK.PART_BASICSTAT.
NOTE: The data set EMWS2.PART_INTRVL has 1 observations and 9 variables.
NOTE: DATA statement used (Total process time):
      real time           1.35 seconds
      cpu time            0.01 seconds
      

11546  *------------------------------------------------------------*;
11547  * Part: Computing statistics for class target variables;
11548  *------------------------------------------------------------*;
11549  ods listing close;
11550  ods output onewayfreqs=WORK.TEMPFREQ;
11551  proc freq data = EMWS2.Part_TRAIN order=formatted addnames;
11552  table RESPOND / missing;
11553  run;

NOTE: The data set WORK.TEMPFREQ has 2 observations and 8 variables.
NOTE: There were 32235 observations read from the data set EMWS2.PART_TRAIN.
NOTE: PROCEDURE FREQ used (Total process time):
      real time           19.68 seconds
      cpu time            0.15 seconds
      

11554  quit;
11555  ods listing;
11556  data WORK.Part_BAR(keep=_VARIABLE_ TYPE COUNT PERCENT _X_ _XLABEL_);
11557  label _VARIABLE_ = "%sysfunc(sasmsg(sashelp.dmine, rpt_variable_vlabel, NOQUOTE))" Type = "%sysfunc(sasmsg(sashelp.dmine, rpt_type_vlabel,         NOQUOTE))" _X_ = "%sysfunc(sasmsg(sashelp.dmine, rpt_numValue_vlabel, NOQUOTE))" _XLABEL_ =
11558     "%sysfunc(sasmsg(sashelp.dmine, rpt_fmtValue_vlabel ,    NOQUOTE))" COUNT = "%sysfunc(sasmsg(sashelp.dmine, rpt_count_vlabel,        NOQUOTE))" PERCENT = "%sysfunc(sasmsg(sashelp.dmine, rpt_percent_vlabel,      NOQUOTE))";
11559  dsid = open("WORK.TEMPFREQ");
11560  varnum = varnum(dsid, 'VARIABLE');
11561  freqnum = varnum(dsid, 'FREQUENCY');
11562  pvarnum = varnum(dsid, 'PERCENT');
11563  typenum = varnum(dsid, '_TYPE_');
11564  length _VARIABLE_ $32 TYPE $1 _XLABEL_ $32;
11565  do while(^fetch(dsid));
11566  _VARIABLE_ = strip(getvarc(dsid, varnum));
11567  count = getvarn(dsid, freqnum);
11568  percent= getvarn(dsid, pvarnum);
11569  vvarnum = varnum(dsid, _VARIABLE_);
11570  type = vartype(dsid, vvarnum);
11571  fvarnum = varnum(dsid, 'F_'!!substr(_VARIABLE_, 1, 30));
11572  _XLABEL_ = left(getvarc(dsid, fvarnum));
11573  _X_ = .;
11574  if TYPE eq 'N' then _X_ = getvarn(dsid, vvarnum);
11575  output;
11576  end;
11577  dsid = close(dsid);
11578  run;

NOTE: The data set WORK.PART_BAR has 2 observations and 6 variables.
NOTE: DATA statement used (Total process time):
      real time           0.01 seconds
      cpu time            0.01 seconds
      

11579  proc sort data=WORK.Part_BAR NOTHREADS;
11580  by _VARIABLE_;
11581  run;

NOTE: There were 2 observations read from the data set WORK.PART_BAR.
NOTE: The data set WORK.PART_BAR has 2 observations and 6 variables.
NOTE: PROCEDURE SORT used (Total process time):
      real time           0.01 seconds
      cpu time            0.01 seconds
      

11582  proc sort data=WORK.M389XKNO;
11583  by Name;
11584  run;

NOTE: Input data set is already sorted, no sorting done.
NOTE: PROCEDURE SORT used (Total process time):
      real time           0.00 seconds
      cpu time            0.00 seconds
      

11585  data WORK.Part_BAR;
11586  merge WORK.Part_BAR(in=_a) WORK.M389XKNO(keep=Name Label Role rename=(Name=_Variable_ Label=_Label_));
11587  by _Variable_;
11588  label Role = "%sysfunc(sasmsg(sashelp.dmine, meta_role_vlabel ,  NOQUOTE))";
11589  label Label = "%sysfunc(sasmsg(sashelp.dmine, meta_label_vlabel , NOQUOTE))";
11590  if _a then output;
11591  run;

NOTE: Variable Label is uninitialized.
WARNING: Multiple lengths were specified for the BY variable _VARIABLE_ by input data sets. This might cause unexpected results.
NOTE: There were 2 observations read from the data set WORK.PART_BAR.
NOTE: There were 2 observations read from the data set WORK.M389XKNO.
NOTE: The data set WORK.PART_BAR has 2 observations and 8 variables.
NOTE: DATA statement used (Total process time):
      real time           0.01 seconds
      cpu time            0.01 seconds
      

11592  data WORK.Part_BAR;
11593  length DATA $8;
11594  set WORK.Part_BAR;
11595  DATA = "TRAIN";
11596  run;

NOTE: There were 2 observations read from the data set WORK.PART_BAR.
NOTE: The data set WORK.PART_BAR has 2 observations and 9 variables.
NOTE: DATA statement used (Total process time):
      real time           0.00 seconds
      cpu time            0.00 seconds
      

11597  data EMWS2.Part_CLASS;
11598  set EMWS2.Part_CLASS WORK.Part_BAR;
11599  run;

NOTE: There were 2 observations read from the data set EMWS2.PART_CLASS.
NOTE: There were 2 observations read from the data set WORK.PART_BAR.
NOTE: The data set EMWS2.PART_CLASS has 4 observations and 9 variables.
NOTE: DATA statement used (Total process time):
      real time           1.64 seconds
      cpu time            0.04 seconds
      

11600  *------------------------------------------------------------*;
11601  * Part: Computing statistics for interval target variables;
11602  *------------------------------------------------------------*;
11603  proc means data=EMWS2.Part_TRAIN min max mean std noprint;
11604  output out=WORK.Part_STATTEMP;
11605  var
11606  ORDERSIZE
11607  ;
11608  run;

NOTE: There were 32235 observations read from the data set EMWS2.PART_TRAIN.
NOTE: The data set WORK.PART_STATTEMP has 5 observations and 4 variables.
NOTE: PROCEDURE MEANS used (Total process time):
      real time           19.54 seconds
      cpu time            0.11 seconds
      

11609  proc sort data=WORK.Part_STATTEMP NOTHREADS;
11610  by _stat_;
11611  run;

NOTE: There were 5 observations read from the data set WORK.PART_STATTEMP.
NOTE: The data set WORK.PART_STATTEMP has 5 observations and 4 variables.
NOTE: PROCEDURE SORT used (Total process time):
      real time           0.00 seconds
      cpu time            0.00 seconds
      

11612  proc transpose data=WORK.Part_STATTEMP out=WORK.Part_BASICSTAT;
11613  id _stat_;
11614  copy _FREQ_;
11615  var
11616  ORDERSIZE
11617  ;
11618  run;

NOTE: There were 5 observations read from the data set WORK.PART_STATTEMP.
NOTE: The data set WORK.PART_BASICSTAT has 5 observations and 8 variables.
NOTE: PROCEDURE TRANSPOSE used (Total process time):
      real time           0.01 seconds
      cpu time            0.01 seconds
      

11619  data _statNamelbl;
11620  set WORK.M389XKNO(keep=NAME LABEL rename=(NAME=_NAME_ LABEL=_LABEL_));
11621  run;

NOTE: There were 2 observations read from the data set WORK.M389XKNO.
NOTE: The data set WORK._STATNAMELBL has 2 observations and 2 variables.
NOTE: DATA statement used (Total process time):
      real time           0.01 seconds
      cpu time            0.01 seconds
      

11622  proc sort data=_statNamelbl;
11623  by _NAME_;
11624  run;

NOTE: There were 2 observations read from the data set WORK._STATNAMELBL.
NOTE: The data set WORK._STATNAMELBL has 2 observations and 2 variables.
NOTE: PROCEDURE SORT used (Total process time):
      real time           0.01 seconds
      cpu time            0.01 seconds
      

11625  proc sort data=WORK.Part_BASICSTAT;
11626  by _NAME_;
11627  run;

NOTE: There were 5 observations read from the data set WORK.PART_BASICSTAT.
NOTE: The data set WORK.PART_BASICSTAT has 5 observations and 8 variables.
NOTE: PROCEDURE SORT used (Total process time):
      real time           0.00 seconds
      cpu time            0.00 seconds
      

11628  data WORK.Part_BASICSTAT;
11629  label _NAME_ = "%sysfunc(sasmsg(sashelp.dmine, rpt_variable_vlabel, NOQUOTE))" MAX = "%sysfunc(sasmsg(sashelp.dmine, rpt_maximum_vlabel, NOQUOTE))" MEAN = "%sysfunc(sasmsg(sashelp.dmine, rpt_mean_vlabel, NOQUOTE))" MIN =
11630     "%sysfunc(sasmsg(sashelp.dmine, rpt_minimum_vlabel, NOQUOTE))" N = "%sysfunc(sasmsg(sashelp.dmine, rpt_nonMiss_vlabel, NOQUOTE))" NMiss = "%sysfunc(sasmsg(sashelp.dmine, rpt_missing_vlabel, NOQUOTE))" STD =
11631     "%sysfunc(sasmsg(sashelp.dmine, rpt_std_vlabel, NOQUOTE))" _LABEL_= "%sysfunc(sasmsg(sashelp.dmine, rpt_label_vlabel, NOQUOTE))";
11632  merge _statnamelbl(in=_a) WORK.Part_BASICSTAT(in=_b);
11633  by _NAME_;
11634  where _NAME_ ne '';
11635  NMISS = _FREQ_ - N;
11636  drop _FREQ_;
11637  if _a and _b then output;
11638  run;

NOTE: Missing values were generated as a result of performing an operation on missing values.
      Each place is given by: (Number of times) at (Line):(Column).
      1 at 11635:16   
NOTE: There were 2 observations read from the data set WORK._STATNAMELBL.
      WHERE _NAME_ not = ' ';
NOTE: There were 1 observations read from the data set WORK.PART_BASICSTAT.
      WHERE _NAME_ not = ' ';
NOTE: The data set WORK.PART_BASICSTAT has 1 observations and 8 variables.
NOTE: DATA statement used (Total process time):
      real time           0.01 seconds
      cpu time            0.01 seconds
      

11639  data WORK.Part_BASICSTAT;
11640  label DATA = "%sysfunc(sasmsg(sashelp.dmine, rpt_data_vlabel ,   NOQUOTE))";
11641  length DATA $8;
11642  set WORK.Part_BASICSTAT;
11643  DATA = "TRAIN";
11644  run;

NOTE: There were 1 observations read from the data set WORK.PART_BASICSTAT.
NOTE: The data set WORK.PART_BASICSTAT has 1 observations and 9 variables.
NOTE: DATA statement used (Total process time):
      real time           0.01 seconds
      cpu time            0.01 seconds
      

11645  data EMWS2.Part_INTRVL;
11646  set EMWS2.Part_INTRVL WORK.Part_BASICSTAT;
11647  run;

NOTE: There were 1 observations read from the data set EMWS2.PART_INTRVL.
NOTE: There were 1 observations read from the data set WORK.PART_BASICSTAT.
NOTE: The data set EMWS2.PART_INTRVL has 2 observations and 9 variables.
NOTE: DATA statement used (Total process time):
      real time           1.96 seconds
      cpu time            0.00 seconds
      

11648  *------------------------------------------------------------*;
11649  * Part: Computing statistics for class target variables;
11650  *------------------------------------------------------------*;
11651  ods listing close;
11652  ods output onewayfreqs=WORK.TEMPFREQ;
11653  proc freq data = EMWS2.Part_VALIDATE order=formatted addnames;
11654  table RESPOND / missing;
11655  run;

NOTE: The data set WORK.TEMPFREQ has 2 observations and 8 variables.
NOTE: There were 16121 observations read from the data set EMWS2.PART_VALIDATE.
NOTE: PROCEDURE FREQ used (Total process time):
      real time           9.81 seconds
      cpu time            0.04 seconds
      

11656  quit;
11657  ods listing;
11658  data WORK.Part_BAR(keep=_VARIABLE_ TYPE COUNT PERCENT _X_ _XLABEL_);
11659  label _VARIABLE_ = "%sysfunc(sasmsg(sashelp.dmine, rpt_variable_vlabel, NOQUOTE))" Type = "%sysfunc(sasmsg(sashelp.dmine, rpt_type_vlabel,         NOQUOTE))" _X_ = "%sysfunc(sasmsg(sashelp.dmine, rpt_numValue_vlabel, NOQUOTE))" _XLABEL_ =
11660     "%sysfunc(sasmsg(sashelp.dmine, rpt_fmtValue_vlabel ,    NOQUOTE))" COUNT = "%sysfunc(sasmsg(sashelp.dmine, rpt_count_vlabel,        NOQUOTE))" PERCENT = "%sysfunc(sasmsg(sashelp.dmine, rpt_percent_vlabel,      NOQUOTE))";
11661  dsid = open("WORK.TEMPFREQ");
11662  varnum = varnum(dsid, 'VARIABLE');
11663  freqnum = varnum(dsid, 'FREQUENCY');
11664  pvarnum = varnum(dsid, 'PERCENT');
11665  typenum = varnum(dsid, '_TYPE_');
11666  length _VARIABLE_ $32 TYPE $1 _XLABEL_ $32;
11667  do while(^fetch(dsid));
11668  _VARIABLE_ = strip(getvarc(dsid, varnum));
11669  count = getvarn(dsid, freqnum);
11670  percent= getvarn(dsid, pvarnum);
11671  vvarnum = varnum(dsid, _VARIABLE_);
11672  type = vartype(dsid, vvarnum);
11673  fvarnum = varnum(dsid, 'F_'!!substr(_VARIABLE_, 1, 30));
11674  _XLABEL_ = left(getvarc(dsid, fvarnum));
11675  _X_ = .;
11676  if TYPE eq 'N' then _X_ = getvarn(dsid, vvarnum);
11677  output;
11678  end;
11679  dsid = close(dsid);
11680  run;

NOTE: The data set WORK.PART_BAR has 2 observations and 6 variables.
NOTE: DATA statement used (Total process time):
      real time           0.00 seconds
      cpu time            0.00 seconds
      

11681  proc sort data=WORK.Part_BAR NOTHREADS;
11682  by _VARIABLE_;
11683  run;

NOTE: There were 2 observations read from the data set WORK.PART_BAR.
NOTE: The data set WORK.PART_BAR has 2 observations and 6 variables.
NOTE: PROCEDURE SORT used (Total process time):
      real time           0.00 seconds
      cpu time            0.00 seconds
      

11684  proc sort data=WORK.M389XKNO;
11685  by Name;
11686  run;

NOTE: Input data set is already sorted, no sorting done.
NOTE: PROCEDURE SORT used (Total process time):
      real time           0.00 seconds
      cpu time            0.00 seconds
      

11687  data WORK.Part_BAR;
11688  merge WORK.Part_BAR(in=_a) WORK.M389XKNO(keep=Name Label Role rename=(Name=_Variable_ Label=_Label_));
11689  by _Variable_;
11690  label Role = "%sysfunc(sasmsg(sashelp.dmine, meta_role_vlabel ,  NOQUOTE))";
11691  label Label = "%sysfunc(sasmsg(sashelp.dmine, meta_label_vlabel , NOQUOTE))";
11692  if _a then output;
11693  run;

NOTE: Variable Label is uninitialized.
WARNING: Multiple lengths were specified for the BY variable _VARIABLE_ by input data sets. This might cause unexpected results.
NOTE: There were 2 observations read from the data set WORK.PART_BAR.
NOTE: There were 2 observations read from the data set WORK.M389XKNO.
NOTE: The data set WORK.PART_BAR has 2 observations and 8 variables.
NOTE: DATA statement used (Total process time):
      real time           0.01 seconds
      cpu time            0.01 seconds
      

11694  data WORK.Part_BAR;
11695  length DATA $8;
11696  set WORK.Part_BAR;
11697  DATA = "VALIDATE";
11698  run;

NOTE: There were 2 observations read from the data set WORK.PART_BAR.
NOTE: The data set WORK.PART_BAR has 2 observations and 9 variables.
NOTE: DATA statement used (Total process time):
      real time           0.01 seconds
      cpu time            0.01 seconds
      

11699  data EMWS2.Part_CLASS;
11700  set EMWS2.Part_CLASS WORK.Part_BAR;
11701  run;

NOTE: There were 4 observations read from the data set EMWS2.PART_CLASS.
NOTE: There were 2 observations read from the data set WORK.PART_BAR.
NOTE: The data set EMWS2.PART_CLASS has 6 observations and 9 variables.
NOTE: DATA statement used (Total process time):
      real time           1.75 seconds
      cpu time            0.01 seconds
      

11702  *------------------------------------------------------------*;
11703  * Part: Computing statistics for interval target variables;
11704  *------------------------------------------------------------*;
11705  proc means data=EMWS2.Part_VALIDATE min max mean std noprint;
11706  output out=WORK.Part_STATTEMP;
11707  var
11708  ORDERSIZE
11709  ;
11710  run;

NOTE: There were 16121 observations read from the data set EMWS2.PART_VALIDATE.
NOTE: The data set WORK.PART_STATTEMP has 5 observations and 4 variables.
NOTE: PROCEDURE MEANS used (Total process time):
      real time           9.87 seconds
      cpu time            0.04 seconds
      

11711  proc sort data=WORK.Part_STATTEMP NOTHREADS;
11712  by _stat_;
11713  run;

NOTE: There were 5 observations read from the data set WORK.PART_STATTEMP.
NOTE: The data set WORK.PART_STATTEMP has 5 observations and 4 variables.
NOTE: PROCEDURE SORT used (Total process time):
      real time           0.00 seconds
      cpu time            0.00 seconds
      

11714  proc transpose data=WORK.Part_STATTEMP out=WORK.Part_BASICSTAT;
11715  id _stat_;
11716  copy _FREQ_;
11717  var
11718  ORDERSIZE
11719  ;
11720  run;

NOTE: There were 5 observations read from the data set WORK.PART_STATTEMP.
NOTE: The data set WORK.PART_BASICSTAT has 5 observations and 8 variables.
NOTE: PROCEDURE TRANSPOSE used (Total process time):
      real time           0.00 seconds
      cpu time            0.00 seconds
      

11721  data _statNamelbl;
11722  set WORK.M389XKNO(keep=NAME LABEL rename=(NAME=_NAME_ LABEL=_LABEL_));
11723  run;

NOTE: There were 2 observations read from the data set WORK.M389XKNO.
NOTE: The data set WORK._STATNAMELBL has 2 observations and 2 variables.
NOTE: DATA statement used (Total process time):
      real time           0.00 seconds
      cpu time            0.00 seconds
      

11724  proc sort data=_statNamelbl;
11725  by _NAME_;
11726  run;

NOTE: There were 2 observations read from the data set WORK._STATNAMELBL.
NOTE: The data set WORK._STATNAMELBL has 2 observations and 2 variables.
NOTE: PROCEDURE SORT used (Total process time):
      real time           0.00 seconds
      cpu time            0.00 seconds
      

11727  proc sort data=WORK.Part_BASICSTAT;
11728  by _NAME_;
11729  run;

NOTE: There were 5 observations read from the data set WORK.PART_BASICSTAT.
NOTE: The data set WORK.PART_BASICSTAT has 5 observations and 8 variables.
NOTE: PROCEDURE SORT used (Total process time):
      real time           0.00 seconds
      cpu time            0.00 seconds
      

11730  data WORK.Part_BASICSTAT;
11731  label _NAME_ = "%sysfunc(sasmsg(sashelp.dmine, rpt_variable_vlabel, NOQUOTE))" MAX = "%sysfunc(sasmsg(sashelp.dmine, rpt_maximum_vlabel, NOQUOTE))" MEAN = "%sysfunc(sasmsg(sashelp.dmine, rpt_mean_vlabel, NOQUOTE))" MIN =
11732     "%sysfunc(sasmsg(sashelp.dmine, rpt_minimum_vlabel, NOQUOTE))" N = "%sysfunc(sasmsg(sashelp.dmine, rpt_nonMiss_vlabel, NOQUOTE))" NMiss = "%sysfunc(sasmsg(sashelp.dmine, rpt_missing_vlabel, NOQUOTE))" STD =
11733     "%sysfunc(sasmsg(sashelp.dmine, rpt_std_vlabel, NOQUOTE))" _LABEL_= "%sysfunc(sasmsg(sashelp.dmine, rpt_label_vlabel, NOQUOTE))";
11734  merge _statnamelbl(in=_a) WORK.Part_BASICSTAT(in=_b);
11735  by _NAME_;
11736  where _NAME_ ne '';
11737  NMISS = _FREQ_ - N;
11738  drop _FREQ_;
11739  if _a and _b then output;
11740  run;

NOTE: Missing values were generated as a result of performing an operation on missing values.
      Each place is given by: (Number of times) at (Line):(Column).
      1 at 11737:16   
NOTE: There were 2 observations read from the data set WORK._STATNAMELBL.
      WHERE _NAME_ not = ' ';
NOTE: There were 1 observations read from the data set WORK.PART_BASICSTAT.
      WHERE _NAME_ not = ' ';
NOTE: The data set WORK.PART_BASICSTAT has 1 observations and 8 variables.
NOTE: DATA statement used (Total process time):
      real time           0.01 seconds
      cpu time            0.01 seconds
      

11741  data WORK.Part_BASICSTAT;
11742  label DATA = "%sysfunc(sasmsg(sashelp.dmine, rpt_data_vlabel ,   NOQUOTE))";
11743  length DATA $8;
11744  set WORK.Part_BASICSTAT;
11745  DATA = "VALIDATE";
11746  run;

NOTE: There were 1 observations read from the data set WORK.PART_BASICSTAT.
NOTE: The data set WORK.PART_BASICSTAT has 1 observations and 9 variables.
NOTE: DATA statement used (Total process time):
      real time           0.00 seconds
      cpu time            0.00 seconds
      

11747  data EMWS2.Part_INTRVL;
11748  set EMWS2.Part_INTRVL WORK.Part_BASICSTAT;
11749  run;

NOTE: There were 2 observations read from the data set EMWS2.PART_INTRVL.
NOTE: There were 1 observations read from the data set WORK.PART_BASICSTAT.
NOTE: The data set EMWS2.PART_INTRVL has 3 observations and 9 variables.
NOTE: DATA statement used (Total process time):
      real time           1.53 seconds
      cpu time            0.04 seconds
      

11750  data EMWS2.Part_CLASS(rename=(_VARIABLE_=VARIABLE _X_=VALUE _XLABEL_=FORMATTEDVALUE));
11751  label DATA = "%sysfunc(sasmsg(sashelp.dmine, rpt_data_vlabel ,   NOQUOTE))";
11752  set EMWS2.Part_CLASS;
11753  drop type role;
11754  run;

NOTE: There were 6 observations read from the data set EMWS2.PART_CLASS.
NOTE: The data set EMWS2.PART_CLASS has 6 observations and 7 variables.
NOTE: DATA statement used (Total process time):
      real time           1.70 seconds
      cpu time            0.00 seconds
      

11755  proc sort data=EMWS2.Part_CLASS NOTHREADS;
11756  by DATA;
11757  run;

NOTE: There were 6 observations read from the data set EMWS2.PART_CLASS.
NOTE: The data set EMWS2.PART_CLASS has 6 observations and 7 variables.
NOTE: PROCEDURE SORT used (Total process time):
      real time           1.85 seconds
      cpu time            0.01 seconds
      

11758  %let _cn = %sysfunc(getoption(CENTER));
11759  %let _nb = %sysfunc(getoption(NUMBER));
11760  options nonumber nocenter;
11761  proc print data=EMWS2.Part_CLASS noobs label;
11762  by DATA;
11763  title9 ' ';
11764  title10 "%sysfunc(sasmsg(sashelp.dmine, rpt_classTargetStats_title, NOQUOTE))";
11765  run;

NOTE: There were 6 observations read from the data set EMWS2.PART_CLASS.
NOTE: The PROCEDURE PRINT printed page 3.
NOTE: PROCEDURE PRINT used (Total process time):
      real time           0.15 seconds
      cpu time            0.01 seconds
      

11766  title10;
11767  options &_cn &_nb;

11768  data EMWS2.Part_INTRVL(rename=(_name_=VARIABLE));
11769  set EMWS2.Part_INTRVL;
11770  label _NAME_ = "%sysfunc(sasmsg(sashelp.dmine, rpt_variable_vlabel, NOQUOTE))" MIN = "%sysfunc(sasmsg(sashelp.dmine, rpt_minimum_vlabel,  NOQUOTE))" MAX = "%sysfunc(sasmsg(sashelp.dmine, rpt_maximum_vlabel,  NOQUOTE))" MEAN =
11771     "%sysfunc(sasmsg(sashelp.dmine, rpt_mean_vlabel,     NOQUOTE))" STD = "%sysfunc(sasmsg(sashelp.dmine, rpt_std_vlabel,      NOQUOTE))" N = "%sysfunc(sasmsg(sashelp.dmine, rpt_numObs_vlabel,   NOQUOTE))";
11772  run;

NOTE: There were 3 observations read from the data set EMWS2.PART_INTRVL.
NOTE: The data set EMWS2.PART_INTRVL has 3 observations and 9 variables.
NOTE: DATA statement used (Total process time):
      real time           1.64 seconds
      cpu time            0.00 seconds
      

11773  proc sort data=EMWS2.Part_INTRVL NOTHREADS;
11774  by DATA;
11775  run;

NOTE: There were 3 observations read from the data set EMWS2.PART_INTRVL.
NOTE: The data set EMWS2.PART_INTRVL has 3 observations and 9 variables.
NOTE: PROCEDURE SORT used (Total process time):
      real time           1.59 seconds
      cpu time            0.01 seconds
      

11776  %let _cn = %sysfunc(getoption(CENTER));
11777  %let _nb = %sysfunc(getoption(NUMBER));
11778  options nonumber nocenter;
11779  proc print data=EMWS2.Part_INTRVL noobs label;
11780  by DATA;
11781  title9 ' ';
11782  title10 "%sysfunc(sasmsg(sashelp.dmine,  rpt_intervalTargetStats_title, NOQUOTE))";
11783  run;

NOTE: There were 3 observations read from the data set EMWS2.PART_INTRVL.
NOTE: The PROCEDURE PRINT printed page 4.
NOTE: PROCEDURE PRINT used (Total process time):
      real time           0.26 seconds
      cpu time            0.00 seconds
      

11784  title10;
11785  options &_cn &_nb;

