 
                                                                                               
 
 
Fit Statistics

Target=RESPOND Target Label=response target

   Fit
Statistics    Statistics Label                     Train    Validation

 _AIC_        Akaike's Information Criterion    13381.54          .   
 _ASE_        Average Squared Error                 0.05         0.05 
 _AVERR_      Average Error Function                0.21         0.21 
 _DFE_        Degrees of Freedom for Error      32222.00          .   
 _DFM_        Model Degrees of Freedom             13.00          .   
 _DFT_        Total Degrees of Freedom          32235.00          .   
 _DIV_        Divisor for ASE                   64470.00     32242.00 
 _ERR_        Error Function                    13355.54      6736.01 
 _FPE_        Final Prediction Error                0.05          .   
 _MAX_        Maximum Absolute Error                0.99         1.00 
 _MSE_        Mean Square Error                     0.05         0.05 
 _NOBS_       Sum of Frequencies                32235.00     16121.00 
 _NW_         Number of Estimate Weights           13.00          .   
 _RASE_       Root Average Sum of Squares           0.23         0.23 
 _RFPE_       Root Final Prediction Error           0.23          .   
 _RMSE_       Root Mean Squared Error               0.23         0.23 
 _SBC_        Schwarz's Bayesian Criterion      13490.49          .   
 _SSE_        Sum of Squared Errors              3347.09      1682.51 
 _SUMW_       Sum of Case Weights Times Freq    64470.00     32242.00 
 _MISC_       Misclassification Rate                0.06         0.06 
 
                                                                                               
 
 
Classification Table

Data Role=TRAIN Target Variable=RESPOND Target Label=response target

                       Target        Outcome     Frequency       Total
Target    Outcome    Percentage    Percentage      Count      Percentage

  0          0         94.3751       99.9178       30385        94.2609 
  1          0          5.6249       99.2329        1811         5.6181 
  0          1         64.1026        0.0822          25         0.0776 
  1          1         35.8974        0.7671          14         0.0434 


Data Role=VALIDATE Target Variable=RESPOND Target Label=response target

                       Target        Outcome     Frequency       Total
Target    Outcome    Percentage    Percentage      Count      Percentage

  0          0         94.3737       99.9342       15197        94.2683 
  1          0          5.6263       99.1247         906         5.6200 
  0          1         55.5556        0.0658          10         0.0620 
  1          1         44.4444        0.8753           8         0.0496 
 
                                                                                               
 
 
Event Classification Table

Data Role=TRAIN Target=RESPOND Target Label=response target

  False       True        False       True
Negative    Negative    Positive    Positive

  1811        30385        25          14   


Data Role=VALIDATE Target=RESPOND Target Label=response target

  False       True        False       True
Negative    Negative    Positive    Positive

   906        15197        10           8   
 
                                                                                               
 
 
Assessment Score Rankings

Data Role=TRAIN Target Variable=RESPOND Target Label=response target

                                                                                    Mean
                            Cumulative       %      Cumulative     Number of     Posterior
Depth      Gain     Lift       Lift      Response   % Response   Observations   Probability

   5    229.812   3.29812     3.29812     18.6725     18.6725        1612         0.17773  
  10    156.399   1.82985     2.56399     10.3598     14.5161        1612         0.10005  
  15    124.988   1.62167     2.24988      9.1811     12.7378        1612         0.08420  
  20    109.589   1.63364     2.09589      9.2489     11.8660        1611         0.07492  
  25     89.145   1.07381     1.89145      6.0794     10.7085        1612         0.06839  
  30     74.420   1.00806     1.74420      5.7072      9.8749        1612         0.06274  
  35     63.277   0.96423     1.63277      5.4591      9.2440        1612         0.05942  
  40     52.740   0.78941     1.52740      4.4693      8.6474        1611         0.05513  
  45     47.456   1.05189     1.47456      5.9553      8.3483        1612         0.05192  
  50     40.489   0.77796     1.40489      4.4045      7.9538        1612         0.04895  
  55     34.390   0.73413     1.34390      4.1563      7.6086        1612         0.04622  
  60     29.589   0.76748     1.29589      4.3451      7.3367        1611         0.04380  
  65     25.014   0.70126     1.25014      3.9702      7.0777        1612         0.04164  
  70     20.467   0.61360     1.20467      3.4739      6.8203        1612         0.03946  
  75     16.672   0.63552     1.16672      3.5980      6.6055        1612         0.03734  
  80     12.603   0.51531     1.12603      2.9174      6.3751        1611         0.03517  
  85      9.459   0.59169     1.09459      3.3499      6.1971        1612         0.03240  
  90      6.178   0.50403     1.06178      2.8536      6.0113        1612         0.02915  
  95      3.127   0.48212     1.03127      2.7295      5.8386        1612         0.02485  
 100      0.000   0.40567     1.00000      2.2967      5.6615        1611         0.01879  


Data Role=VALIDATE Target Variable=RESPOND Target Label=response target

                                                                                    Mean
                            Cumulative       %      Cumulative     Number of     Posterior
Depth      Gain     Lift       Lift      Response   % Response   Observations   Probability

   5    214.728   3.14728     3.14728     17.8439     17.8439         807         0.17814  
  10    155.875   1.96949     2.55875     11.1663     14.5071         806         0.10029  
  15    124.575   1.61936     2.24575      9.1811     12.7325         806         0.08483  
  20     94.700   1.05039     1.94700      5.9553     11.0388         806         0.07532  
  25     79.835   1.20358     1.79835      6.8238     10.1960         806         0.06895  
  30     65.184   0.91909     1.65184      5.2109      9.3653         806         0.06337  
  35     54.093   0.87533     1.54093      4.9628      8.7365         806         0.05990  
  40     45.227   0.83156     1.45227      4.7146      8.2338         806         0.05565  
  45     42.221   1.18169     1.42221      6.6998      8.0634         806         0.05230  
  50     36.972   0.89721     1.36972      5.0868      7.7658         806         0.04925  
  55     32.279   0.85344     1.32279      4.8387      7.4997         806         0.04650  
  60     27.639   0.76591     1.27639      4.3424      7.2366         806         0.04393  
  65     23.207   0.70026     1.23207      3.9702      6.9854         806         0.04169  
  70     18.784   0.61273     1.18784      3.4739      6.7346         806         0.03948  
  75     14.804   0.59085     1.14804      3.3499      6.5090         806         0.03740  
  80     12.826   0.83156     1.12826      4.7146      6.3968         806         0.03504  
  85      9.279   0.52520     1.09279      2.9777      6.1957         806         0.03227  
  90      5.640   0.43766     1.05640      2.4814      5.9894         806         0.02902  
  95      2.729   0.50331     1.02729      2.8536      5.8244         806         0.02470  
 100      0.000   0.48143     1.00000      2.7295      5.6696         806         0.01876  
 
                                                                                               
 
 
Assessment Score Distribution

Data Role=TRAIN Target Variable=RESPOND Target Label=response target

 Posterior     Number                     Mean
Probability      of      Number of     Posterior
   Range       Events    Nonevents    Probability    Percentage

 0.95-1.00         3           0        0.99109         0.0093 
 0.85-0.90         3           0        0.88143         0.0093 
 0.80-0.85         0           1        0.80350         0.0031 
 0.75-0.80         0           5        0.76379         0.0155 
 0.70-0.75         2           1        0.72090         0.0093 
 0.65-0.70         0           2        0.68691         0.0062 
 0.60-0.65         4           6        0.62412         0.0310 
 0.55-0.60         0           2        0.57093         0.0062 
 0.50-0.55         2           8        0.52619         0.0310 
 0.45-0.50         5           3        0.47038         0.0248 
 0.40-0.45         7           7        0.41718         0.0434 
 0.35-0.40        12          13        0.37329         0.0776 
 0.30-0.35        11          34        0.32240         0.1396 
 0.25-0.30        14          45        0.27330         0.1830 
 0.20-0.25        27         102        0.22124         0.4002 
 0.15-0.20        80         312        0.16993         1.2161 
 0.10-0.15       204        1442        0.11819         5.1063 
 0.05-0.10       846       11535        0.06702        38.4086 
 0.00-0.05       605       16892        0.03598        54.2795 


Data Role=VALIDATE Target Variable=RESPOND Target Label=response target

 Posterior     Number                     Mean
Probability      of      Number of     Posterior
   Range       Events    Nonevents    Probability    Percentage

 0.95-1.00         2           1        0.98429         0.0186 
 0.80-0.85         1           1        0.81973         0.0124 
 0.75-0.80         1           1        0.76478         0.0124 
 0.70-0.75         0           2        0.72573         0.0124 
 0.65-0.70         0           3        0.68638         0.0186 
 0.60-0.65         1           1        0.62709         0.0124 
 0.55-0.60         1           0        0.59112         0.0062 
 0.50-0.55         2           1        0.52241         0.0186 
 0.45-0.50         0           2        0.46860         0.0124 
 0.40-0.45         3           2        0.41914         0.0310 
 0.35-0.40         8           6        0.37403         0.0868 
 0.30-0.35         7          14        0.32051         0.1303 
 0.25-0.30         4          26        0.26919         0.1861 
 0.20-0.25        18          60        0.21818         0.4838 
 0.15-0.20        32         162        0.17086         1.2034 
 0.10-0.15       111         713        0.11859         5.1113 
 0.05-0.10       410        5844        0.06730        38.7941 
 0.00-0.05       313        8368        0.03588        53.8490 
