*------------------------------------------------------------*
* Score Log
Date:                November 28, 2017
Time:                14:02:09
*------------------------------------------------------------*
15211  %let syscc = 0;
15212  *------------------------------------------------------------*;
15213  * EMCODE: Scoring DATA data;
15214  *------------------------------------------------------------*;
15215  data EMWS1.EMCODE_TRAIN
15216  / view=EMWS1.EMCODE_TRAIN
15217  ;
15218  set EMWS1.Ids2_DATA
15219  ;
15220  run;

NOTE: DATA STEP view saved on file EMWS1.EMCODE_TRAIN.
NOTE: A stored DATA STEP view cannot run under a different operating system.
NOTE: View EMWS1.IDS2_DATA.VIEW used (Total process time):
      real time           0.04 seconds
      cpu time            0.03 seconds
      
NOTE: DATA statement used (Total process time):
      real time           0.04 seconds
      cpu time            0.03 seconds
      

15221  quit;

15223  *------------------------------------------------------------*;
15224  * EMCODE: Computing metadata for TRAIN data;
15225  *------------------------------------------------------------*;

NOTE: View EMWS1.EMCODE_TRAIN.VIEW used (Total process time):
      real time           0.07 seconds
      cpu time            0.07 seconds
      
NOTE: View EMWS1.EMCODE_TRAIN.VIEW used (Total process time):
      real time           0.07 seconds
      cpu time            0.07 seconds
      
