*------------------------------------------------------------*
* Score Log
Date:                December 11, 2017
Time:                17:14:42
*------------------------------------------------------------*
15207  %let syscc = 0;
15208  *------------------------------------------------------------*;
15209  * EMCODE: Scoring DATA data;
15210  *------------------------------------------------------------*;
15211  data EMWS1.EMCODE_TRAIN
15212  / view=EMWS1.EMCODE_TRAIN
15213  ;
15214  set EMWS1.Ids_DATA
15215  ;
15216  run;

NOTE: DATA STEP view saved on file EMWS1.EMCODE_TRAIN.
NOTE: A stored DATA STEP view cannot run under a different operating system.
NOTE: View EMWS1.IDS_DATA.VIEW used (Total process time):
      real time           0.21 seconds
      cpu time            0.04 seconds
      
NOTE: DATA statement used (Total process time):
      real time           0.26 seconds
      cpu time            0.07 seconds
      

15217  quit;

15219  *------------------------------------------------------------*;
15220  * EMCODE: Computing metadata for TRAIN data;
15221  *------------------------------------------------------------*;

NOTE: View EMWS1.EMCODE_TRAIN.VIEW used (Total process time):
      real time           0.15 seconds
      cpu time            0.06 seconds
      
NOTE: View EMWS1.EMCODE_TRAIN.VIEW used (Total process time):
      real time           0.15 seconds
      cpu time            0.06 seconds
      
