*------------------------------------------------------------*
* Training Log
Date:                December 11, 2017
Time:                17:13:55
*------------------------------------------------------------*
14715  proc freq data=EMWS1.EMCODE_VariableSet noprint;
14716  table ROLE*LEVEL/out=WORK.EMCODEMETA;
14717  run;

NOTE: There were 98 observations read from the data set EMWS1.EMCODE_VARIABLESET.
NOTE: The data set WORK.EMCODEMETA has 7 observations and 4 variables.
NOTE: PROCEDURE FREQ used (Total process time):
      real time           0.04 seconds
      cpu time            0.01 seconds
      

14718  proc print data=WORK.EMCODEMETA label noobs;
14719  var ROLE LEVEL COUNT;
14720  label ROLE = "%sysfunc(sasmsg(sashelp.dmine, meta_role_vlabel, NOQUOTE))" LEVEL = "%sysfunc(sasmsg(sashelp.dmine, meta_level_vlabel, NOQUOTE))" COUNT = "%sysfunc(sasmsg(sashelp.dmine, rpt_count_vlabel, NOQUOTE))";
14721  title9 ' ';
14722  title10 "%sysfunc(sasmsg(sashelp.dmine, rpt_varSummary_title  , NOQUOTE))";
14723  run;

NOTE: There were 7 observations read from the data set WORK.EMCODEMETA.
NOTE: The PROCEDURE PRINT printed page 1.
NOTE: PROCEDURE PRINT used (Total process time):
      real time           0.00 seconds
      cpu time            0.00 seconds
      

14724  title10;

14725  %let EMEXCEPTIONSTRING=;
14726  %let syscc = 0;
PERFORMANCE  DETAILS
15078  *------------------------------------------------------------*;
15079  * EMCODE: Generation of macros and macro variables;
15080  * To see the code generated, set the EM_DEBUG macro variable to SOURCE or _ALL_;
15081  *------------------------------------------------------------*;

15082  %let syscc = 0;
15083  %inc "\\Client\C$\Users\sonik\Documents\6201 - MBAD - Monica\Project\Predictive Analytics1\Workspaces\EMWS1\EMCODE\EMTRAINCODE.sas";
NOTE: %INCLUDE (level 1) file \\Client\C$\Users\sonik\Documents\6201 - MBAD - Monica\Project\Predictive Analytics1\Workspaces\EMWS1\EMCODE\EMTRAINCODE.sas is file \\Client\C$\Users\sonik\Documents\6201 - MBAD - Monica\Project\Predictive 
      Analytics1\Workspaces\EMWS1\EMCODE\EMTRAINCODE.sas.
15084 +PROC CORR DATA = &EM_IMPORT_DATA PEARSON SPEARMAN OUTP = corr_info;
15085 +var %EM_INTERVAL_INPUT;
15086 +RUN;

NOTE: View EMWS1.IDS_DATA.VIEW used (Total process time):
      real time           26.48 seconds
      cpu time            4.70 seconds
      
NOTE: There were 48356 observations read from the data set DATA.CATALOG2010.
NOTE: The data set WORK.CORR_INFO has 89 observations and 88 variables.
NOTE: The PROCEDURE CORR printed pages 2-4.
NOTE: PROCEDURE CORR used (Total process time):
      real time           26.54 seconds
      cpu time            4.70 seconds
      

NOTE: %INCLUDE (level 1) ending.
15087  *------------------------------------------------------------*;
15088  * Close any missing semi colons;
15089  *------------------------------------------------------------*;
15090  ;
15091  ;
15092  ;
15093  ;
15094  quit;
15095  *------------------------------------------------------------*;
15096  * Close any unbalanced quotes;
15097  *------------------------------------------------------------*;
15098  /*; *"; *'; */
15099  ;
15100  run;
15101  quit;
15102  /* Reset EM Options */
15103  options formchar="|----|+|---+=|-/\<>*";
15104  options nocenter ls=256 ps=10000;
15105  goptions reset=all device=GIF NODISPLAY;

