*------------------------------------------------------------*
* Score Log
Date:                December 12, 2017
Time:                02:27:22
*------------------------------------------------------------*
NOTE: View EMWS3.TREE2_TRAIN.VIEW used (Total process time):
      real time           0.43 seconds
      cpu time            0.03 seconds
      
NOTE: View EMWS3.TREE2_TRAIN.VIEW used (Total process time):
      real time           1.31 seconds
      cpu time            0.07 seconds
      
11661  /* Generate assessment metadata, which will be used to generate assessment data step */
11662  /* code, such as retrieving names of temporary variables and summary variables,      */
11663  /* labels, etc.  It is used in almost all the assessment computations such as lift,  */
11664  /* roc, index, scoreDist and could be thought as a global variable in assessment     */
11665  /* computation.                                                                      */
11666  data work.ASSESS_3E6G17D_assessMeta_9gMtAv;
11667  length VARIABLE $32 FORMAT $44 TYPE $32 PARENT $32 LEVEL $32 PROPERTY $32 MEASUREMENT
11667! $10 LAST_LEVEL $32 GEN_VAR_IN_TEMP_DATA $32 RESULT_MEAN $32 RESULT_MEAN_LABEL $100
11667! RESULT_MIN $32 RESULT_MIN_LABEL $100 MIN_ADJUSTED $32 RESULT_MAX $32 RESULT_MAX_LABEL
11668     $100 MAX_ADJUSTED $32 RESULT_COUNT $32 RESULT_COUNT_LABEL $100 TEMPORARY_VARIABLE $32
11668! ;
11669  VARIABLE = "RESPOND";
11670  PARENT = "";
11671  FORMAT = "";
11672  TYPE = "";
11673  LEVEL = '';
11674  PROPERTY = "TARGET";
11675  MEASUREMENT = "BINARY";
11676  LAST_LEVEL = '';
11677  GEN_VAR_IN_TEMP_DATA = "RESPOND";
11678  RESULT_MEAN = "";
11679  RESULT_MEAN_LABEL = "";
11680  RESULT_MIN = "";
11681  RESULT_MIN_LABEL = "";
11682  MIN_ADJUSTED = "";
11683  RESULT_MAX = "";
11684  RESULT_MAX_LABEL = "";
11685  MAX_ADJUSTED = "";
11686  RESULT_COUNT = "";
11687  RESULT_COUNT_LABEL = "";
11688  TEMPORARY_VARIABLE = "RESPOND_q82SadVD00q6jC2";
11689  output;
11690  VARIABLE = "F_RESPOND_1";
11691  FORMAT = "";
11692  TYPE = "";
11693  PARENT = "F_RESPOND";
11694  LEVEL = "1";
11695  PROPERTY = "TARGET_LEVEL";
11696  MEASUREMENT = "INTERVAL";
11697  LAST_LEVEL = "0";
11698  GEN_VAR_IN_TEMP_DATA = "F_RESPOND_1_GNGwOxmb0M6PMSa";
11699  RESULT_MEAN = "F_RESPOND__mean_HSE0QMLVzbzjqcU";
11700  /* adjust for tied cases */
11701  RESULT_MEAN_LABEL = "";
11702  RESULT_MIN = "";
11703  RESULT_MIN_LABEL = "";
11704  RESULT_MAX = "";
11705  RESULT_MAX_LABEL = "";
11706  RESULT_COUNT = "NumberOfEvents";
11707  RESULT_COUNT_LABEL = "%sysfunc(sasmsg(sashelp.dmine, assmt_NumEvent_vlabel, NOQUOTE))";
11708  TEMPORARY_VARIABLE = "F_RESPOND_1_XoWynhLxpXlJtFx";
11709  output;
11710  VARIABLE = "F_RESPOND_0";
11711  FORMAT = "";
11712  TYPE = "";
11713  PARENT = "F_RESPOND";
11714  LEVEL = "0";
11715  PROPERTY = "TARGET_LEVEL";
11716  MEASUREMENT = "INTERVAL";
11717  LAST_LEVEL = "0";
11718  GEN_VAR_IN_TEMP_DATA = "F_RESPOND_0_RIrKtxiTMxLKho4";
11719  RESULT_MEAN = "F_RESPOND__mean_xUqpOH9INeYgu4e";
11720  /* adjust for tied cases */
11721  RESULT_MEAN_LABEL = "";
11722  RESULT_MIN = "";
11723  RESULT_MIN_LABEL = "";
11724  RESULT_MAX = "";
11725  RESULT_MAX_LABEL = "";
11726  RESULT_COUNT = "NumberOfEvents";
11727  RESULT_COUNT_LABEL = "%sysfunc(sasmsg(sashelp.dmine, assmt_NumEvent_vlabel, NOQUOTE))";
11728  TEMPORARY_VARIABLE = "F_RESPOND_0_Z3LqYjnMFDdCzqK";
11729  output;
11730  VARIABLE = "P_RESPOND1";
11731  FORMAT = "";
11732  TYPE = "";
11733  PARENT = "";
11734  LEVEL = "1";
11735  PROPERTY = "POSTERIOR_LEVEL";
11736  MEASUREMENT = "INTERVAL";
11737  LAST_LEVEL = "";
11738  GEN_VAR_IN_TEMP_DATA = "P_RESPOND1";
11739  RESULT_MEAN = "_meanP_";
11740  RESULT_MEAN_LABEL = "%sysfunc(sasmsg(sashelp.dmine, assmt_probMean_vlabel, NOQUOTE))";
11741  RESULT_MIN = "_minP_";
11742  RESULT_MIN_LABEL = "%sysfunc(sasmsg(sashelp.dmine, assmt_probMin_vlabel, NOQUOTE))";
11743  MIN_ADJUSTED = "P_RESPON_minAdjusted_W38CLU8mG";
11744  RESULT_MAX = "_maxP_";
11745  RESULT_MAX_LABEL = "%sysfunc(sasmsg(sashelp.dmine, assmt_probMax_vlabel, NOQUOTE))";
11746  MAX_ADJUSTED = "P_RESPON_maxAdjusted_bSHKtO5oA";
11747  RESULT_COUNT = "";
11748  RESULT_COUNT_LABEL = "";
11749  TEMPORARY_VARIABLE = "P_RESPOND1_NOpnqyII15K1yIw";
11750  output;
11751  VARIABLE = "P_RESPOND0";
11752  FORMAT = "";
11753  TYPE = "";
11754  PARENT = "";
11755  LEVEL = "0";
11756  PROPERTY = "POSTERIOR_LEVEL";
11757  MEASUREMENT = "INTERVAL";
11758  LAST_LEVEL = "";
11759  GEN_VAR_IN_TEMP_DATA = "P_RESPOND0";
11760  RESULT_MEAN = "_meanP_";
11761  RESULT_MEAN_LABEL = "%sysfunc(sasmsg(sashelp.dmine, assmt_probMean_vlabel, NOQUOTE))";
11762  RESULT_MIN = "_minP_";
11763  RESULT_MIN_LABEL = "%sysfunc(sasmsg(sashelp.dmine, assmt_probMin_vlabel, NOQUOTE))";
11764  MIN_ADJUSTED = "P_RESPON_minAdjusted_KiojtiuJy";
11765  RESULT_MAX = "_maxP_";
11766  RESULT_MAX_LABEL = "%sysfunc(sasmsg(sashelp.dmine, assmt_probMax_vlabel, NOQUOTE))";
11767  MAX_ADJUSTED = "P_RESPON_maxAdjusted_qBBRSN4TK";
11768  RESULT_COUNT = "";
11769  RESULT_COUNT_LABEL = "";
11770  TEMPORARY_VARIABLE = "P_RESPOND0_BQXUNVTczg4tX1A";
11771  output;
11772  run;

NOTE: The data set WORK.ASSESS_3E6G17D_ASSESSMETA_9GMTAV has 5 observations and 20 variables.
NOTE: DATA statement used (Total process time):
      real time           0.01 seconds
      cpu time            0.01 seconds
      

11773  /* Generate temporary dataset and obtain summary statistics such as total number of   */
11774  /* obserations, frequency of target.  However, summary statistics for class reporting */
11775  /* variabels are not computed here since if there exist class reporting variables,    */
11776  /* then PROC DMDB will be called. And there is no need to compute interval reporting  */
11777  /* summary statisitcs, if any.                                                        */
11778  data work.ASSESS_3E6G17D_normSD_aY7iyt(drop=
11779  _numberOfObservation_
11780  _levelFrequency_1
11781  _levelFrequency_2
11782  )
11783  work.ASSESS_3E6G17D_meansAndTi_EYCXRP (keep=
11784  _numberOfObservation_
11785  _levelFrequency_1
11786  _levelFrequency_2
11787  );
11788  set EMWS3.Tree2_TRAIN(
11789  where=(
11790  (RESPOND ^= .)
11791  )
11792  ) end=_lastObservation_;
11793  keep frequency_Go2NDg;
11794  frequency_Go2NDg = 1;
11795  keep I_RESPOND F_RESPOND;
11796  keep F_RESPOND_1_GNGwOxmb0M6PMSa;
11797  if (F_RESPOND = '1') then do;
11798  F_RESPOND_1_GNGwOxmb0M6PMSa = 1;
11799  end;
11800  else do;
11801  F_RESPOND_1_GNGwOxmb0M6PMSa = 0;
11802  end;
11803  keep F_RESPOND_0_RIrKtxiTMxLKho4;
11804  if (F_RESPOND = '0') then do;
11805  F_RESPOND_0_RIrKtxiTMxLKho4 = 1;
11806  end;
11807  else do;
11808  F_RESPOND_0_RIrKtxiTMxLKho4 = 0;
11809  end;
11810  keep P_RESPOND1;
11811  keep P_RESPOND0;
11812  output work.ASSESS_3E6G17D_normSD_aY7iyt;
11813  keep _numberOfObservation_;
11814  retain _numberOfObservation_ 0;
11815  _numberOfObservation_ + frequency_Go2NDg;
11816  keep _levelFrequency_1;
11817  retain _levelFrequency_1 0;
11818  if (F_RESPOND = '1') then do;
11819  _levelFrequency_1 + frequency_Go2NDg;
11820  end;
11821  keep _levelFrequency_2;
11822  retain _levelFrequency_2 0;
11823  if (F_RESPOND = '0') then do;
11824  _levelFrequency_2 + frequency_Go2NDg;
11825  end;
11826  if _lastObservation_ then do;
11827  output work.ASSESS_3E6G17D_meansAndTi_EYCXRP;
11828  end;
11829  run;

NOTE: Variable _WARN_ is uninitialized.
NOTE: View EMWS3.TREE2_TRAIN.VIEW used (Total process time):
      real time           20.89 seconds
      cpu time            0.20 seconds
      
NOTE: There were 32235 observations read from the data set EMWS3.PART_TRAIN.
NOTE: There were 32235 observations read from the data set EMWS3.TREE2_TRAIN.
      WHERE RESPOND not = .;
NOTE: The data set WORK.ASSESS_3E6G17D_NORMSD_AY7IYT has 32235 observations and 7 variables.
NOTE: The data set WORK.ASSESS_3E6G17D_MEANSANDTI_EYCXRP has 1 observations and 3 variables.
NOTE: DATA statement used (Total process time):
      real time           21.03 seconds
      cpu time            0.20 seconds
      

11830  data WORK._EMRANK;
11831  set EMWS3.MdlComp_EMRANK;
11832  where MODEL = "Tree2" and TARGET = "RESPOND" and dataRole="TRAIN";
11833  run;

NOTE: There were 20 observations read from the data set EMWS3.MDLCOMP_EMRANK.
      WHERE (MODEL='Tree2') and (TARGET='RESPOND') and (dataRole='TRAIN');
NOTE: The data set WORK._EMRANK has 20 observations and 38 variables.
NOTE: DATA statement used (Total process time):
      real time           0.20 seconds
      cpu time            0.01 seconds
      

11834  data work._augment;
11835  do BIN= 1 to 20;
11836  DECILE = BIN*5;
11837  output;
11838  end;
11839  run;

NOTE: The data set WORK._AUGMENT has 20 observations and 2 variables.
NOTE: DATA statement used (Total process time):
      real time           0.01 seconds
      cpu time            0.01 seconds
      

11840  data WORK._EMRANK;
11841  merge WORK._AUGMENT WORK._EMRANK;
11842  by BIN;
11843  run;

NOTE: There were 20 observations read from the data set WORK._AUGMENT.
NOTE: There were 20 observations read from the data set WORK._EMRANK.
NOTE: The data set WORK._EMRANK has 20 observations and 38 variables.
NOTE: DATA statement used (Total process time):
      real time           0.00 seconds
      cpu time            0.00 seconds
      

11844  data WORK._EMRANK;
11845  set WORK._EMRANK end=_lastObservation_;
11846  retain _previousMinP_ _previousMaxP_;
11847  retain _group_ 1;
11848  keep event;
11849  keep bin _cutoff_ _group_;
11850  if (bin > 1) then do;
11851  bin = bin - 1;
11852  _cutoff_ = (_maxP_ + _previousMinP_) / 2;
11853  if (abs(_previousMaxP_ - _previousMinP_) < 1E-6) then do;
11854  /* tied */
11855  _cutoff_ = max((_minP_ + _maxP_)/2, min(_cutoff_, _previousMinP_/*-1E-6*/
11856  ));
11857  end;
11858  else if (abs(_maxP_ - _minP_) < 1E-6) then do;
11859  /* next tied */
11860  _cutoff_ = min((_previousMinP_ + _previousMaxP_)/2, max(_cutoff_, _maxP_/*+ 1E-6*/
11861  ));
11862  end;
11863  output;
11864  *if ( abs((_maxP_ +_minP_)/2 - (_previousMaxP_ + _previousMinP_)/2) > 1E-6) then do;
11865  * _group_ + 1;
11866  *end;
11867  if (_maxP_ le _previousMinP_ - 1E-6) then do;
11868  _group_ + 1;
11869  end;
11870  else if (abs(_maxP_ - _previousMinP_) < 1E-6) then do;
11871  if (abs(_maxP_ - _minP_) > 1E-6) then do;
11872  _group_ + 1;
11873  end;
11874  end;
11875  bin + 1;
11876  /* correct the previous change */
11877  end;
11878  if (_lastObservation_) then do;
11879  _cutoff_ = .;
11880  output;
11881  end;
11882  _previousMinP_ = _minP_;
11883  _previousMaxP_ = _maxP_;
11884  run;

NOTE: There were 20 observations read from the data set WORK._EMRANK.
NOTE: The data set WORK._EMRANK has 20 observations and 4 variables.
NOTE: DATA statement used (Total process time):
      real time           0.00 seconds
      cpu time            0.00 seconds
      

11885  data WORK._EMRANK;
11886  set WORK._EMRANK;
11887  by _group_;
11888  retain _start_;
11889  if (first._group_) then do;
11890  _start_ = _n_;
11891  end;
11892  if (last._group_) then do;
11893  _end_ = _n_;
11894  output;
11895  end;
11896  run;

NOTE: There were 20 observations read from the data set WORK._EMRANK.
NOTE: The data set WORK._EMRANK has 4 observations and 6 variables.
NOTE: DATA statement used (Total process time):
      real time           0.01 seconds
      cpu time            0.01 seconds
      

NOTE: This SAS session is using a registry in WORK.  All changes will be lost at the end of 
      this session.
11897  filename emflow "\\Client\C$\Users\sonik\Documents\6201 - MBAD -
11897! Monica\Project\Predictive Analytics1\Workspaces\EMWS3\MdlComp\EMFLOWSCORE.sas";
11898  *------------------------------------------------------------*;
11899  * MdlComp: Scoring TREE2_TRAIN data;
11900  *------------------------------------------------------------*;
11901  data EMWS3.MdlComp_TRAIN
11902  / view=EMWS3.MdlComp_TRAIN
11903  ;
11904  set EMWS3.Tree2_TRAIN
11905  ;
11906  %inc emflow;
11926  run;

NOTE: DATA STEP view saved on file EMWS3.MDLCOMP_TRAIN.
NOTE: A stored DATA STEP view cannot run under a different operating system.
NOTE: View EMWS3.TREE2_TRAIN.VIEW used (Total process time):
      real time           2.57 seconds
      cpu time            0.03 seconds
      
NOTE: DATA statement used (Total process time):
      real time           2.82 seconds
      cpu time            0.07 seconds
      

11927  quit;
11928  filename emflow;
NOTE: Fileref EMFLOW has been deassigned.

11929  filename emflow "\\Client\C$\Users\sonik\Documents\6201 - MBAD -
11929! Monica\Project\Predictive Analytics1\Workspaces\EMWS3\MdlComp\EMFLOWSCORE.sas";
11930  *------------------------------------------------------------*;
11931  * MdlComp: Scoring TREE2_VALIDATE data;
11932  *------------------------------------------------------------*;
11933  data EMWS3.MdlComp_VALIDATE
11934  / view=EMWS3.MdlComp_VALIDATE
11935  ;
11936  set EMWS3.Tree2_VALIDATE
11937  ;
11938  %inc emflow;
11958  run;

NOTE: DATA STEP view saved on file EMWS3.MDLCOMP_VALIDATE.
NOTE: A stored DATA STEP view cannot run under a different operating system.
NOTE: View EMWS3.TREE2_VALIDATE.VIEW used (Total process time):
      real time           2.70 seconds
      cpu time            0.07 seconds
      
NOTE: DATA statement used (Total process time):
      real time           2.93 seconds
      cpu time            0.09 seconds
      

11959  quit;
11960  filename emflow;
NOTE: Fileref EMFLOW has been deassigned.

11961  *------------------------------------------------------------*;
11962  * MdlComp: Computing metadata for TRAIN data;
11963  *------------------------------------------------------------*;

NOTE: View EMWS3.MDLCOMP_TRAIN.VIEW used (Total process time):
      real time           0.96 seconds
      cpu time            0.09 seconds
      
NOTE: View EMWS3.MDLCOMP_TRAIN.VIEW used (Total process time):
      real time           0.96 seconds
      cpu time            0.06 seconds
      
NOTE: View EMWS3.MDLCOMP_VALIDATE.VIEW used (Total process time):
      real time           1.12 seconds
      cpu time            0.06 seconds
      
