*------------------------------------------------------------*
* Score Log
Date:                December 12, 2017
Time:                02:13:30
*------------------------------------------------------------*
16643  %let EMEXCEPTIONSTRING=;
16644  *------------------------------------------------------------*;
16645  * SCORE: Tree2;
16646  *------------------------------------------------------------*;
16647  %let EM_ACTION = SCORE;
16648  %let syscc = 0;
16649  %macro main;
16650  
16651    %if %upcase(&EM_ACTION) = CREATE %then %do;
16652      filename temp catalog 'sashelp.emmodl.tree_create.source';
16653      %include temp;
16654      filename temp;
16655  
16656      %em_tree_create;
16657    %end;
16658  
16659     %else
16660     %if %upcase(&EM_ACTION) = TRAIN %then %do;
16661  
16662         filename temp catalog 'sashelp.emmodl.tree_train.source';
16663         %include temp;
16664         filename temp;
16665         %em_tree_train;
16666     %end;
16667  
16668    %else
16669    %if %upcase(&EM_ACTION) = SCORE %then %do;
16670      filename temp catalog 'sashelp.emmodl.tree_score.source';
16671      %include temp;
16672      filename temp;
16673  
16674      %em_tree_score;
16675  
16676    %end;
16677  
16678    %else
16679    %if %upcase(&EM_ACTION) = REPORT %then %do;
16680  
16681         filename temp catalog 'sashelp.emmodl.tree_report.source';
16682         %include temp;
16683         filename temp;
16684  
16685         %em_tree_report;
16686     %end;
16687  
16688    %else
16689    %if %upcase(&EM_ACTION) = OPENINT %then %do;
16690  
16691         filename temp catalog 'sashelp.emmodl.tree_actions.source';
16692         %include temp;
16693         filename temp;
16694         %EM_TREE_OPENTREEVIEWER;
16695  
16696     %end;
16697  
16698    %else
16699    %if %upcase(&EM_ACTION) = CLOSEINT %then %do;
16700  
16701         filename temp catalog 'sashelp.emmodl.tree_actions.source';
16702         %include temp;
16703         filename temp;
16704         %EM_TREE_CLOSETREEVIEWER;
16705  
16706     %end;
16707  
16708  
16709     %doendm:
16710  %mend main;
16711  
16712  %main;
NOTE: %INCLUDE (level 1) file TEMP is file SASHELP.EMMODL.TREE_SCORE.SOURCE.
16714 +%macro em_tree_score;
16716 +   /* determine if multiple targets will be processed */
16717 +   %let em_tree_multipleTargets=N;
16718 +   %let em_tree_numTarget=1;
16719 +   %if "&EM_PROPERTY_USEMULTIPLETARGET" eq "Y" %then %do;
16720 +      /* determine if there are any ordinal target variables - if so, multiple targets are not supported */
16721 +      %if &EM_NUM_ORDINAL_TARGET gt 0 %then %do;
16722 +         %let em_tree_multipleTargets=N;
16723 +      %end;
16724 +      %else %do;
16725 +         /* create macro array of targets  */
16726 +         data _null_;
16727 +           set &EM_DATA_VARIABLESET(where=(ROLE='TARGET' AND LEVEL^='ORDINAL')) end=eof;
16728 +           call symput('em_tree_targetVars'!!strip(put(_N_, BEST.)), strip(Name));
16729 +           if eof then
16730 +             call symput('em_tree_numTarget', strip(put(_N_, BEST.)));
16731 +        run;
16733 +        %if &em_tree_numTarget gt 1 %then %do;
16734 +           %let em_tree_multipleTargets=Y;
16735 +        %end;
16736 +      %end;
16737 +   %end;
16739 +   /* build flow and publish scoring code */
16740 +   %EM_GETNAME(key=TREEFLOW, type=FILE, extension=sas);
16741 +   %EM_GETNAME(key=TREEPUBLISH, type=FILE, extension=sas);
16743 +   filename treeflow "&EM_USER_TREEFLOW";
16744 +   filename treepub "&EM_USER_TREEPUBLISH";
16746 +   filename flowref  "&EM_FILE_EMFLOWSCORECODE";
16747 +   filename pubref   "&EM_FILE_EMPUBLISHSCORECODE";
16749 +   %em_copyfile(infref=treeflow, outfref=flowref);
16750 +   %em_copyfile(infref=treepub, outfref=pubref);
16752 +   filename treeflow;
16753 +   filename treepub;
16755 +   /* if priors are used, add code to generate unadjusted residuals in export */
16756 +   %let useAdjPriors = N;
16757 +   data _null_;
16758 +     set &EM_DEC_DECMETA(where=(_TYPE_="DECPRIOR"));
16759 +     if USE="Y" then call symput('useAdjPriors', 'Y');
16760 +   run;
16761 +   %if (("&em_tree_multipleTargets" eq "N") AND ("&useAdjPriors" eq "Y")) %then %do;
16762 +      filename temp catalog 'sashelp.emutil.em_makeunadjustedresidualvars.source';
16763 +      %include temp;
16764 +      filename temp;
16766 +      %EM_GETNAME(key=adjResidualCode, type=FILE, extension=sas);
16767 +      filename adjref "&EM_USER_adjResidualCode";
16768 +      %makeUnadjustedResidualVars(target=%EM_TARGET, decmeta=&EM_DEC_DECMETA, fref=adjref);
16770 +      %em_copyfile(infref=adjref, outfref=flowref, append=Y);
16772 +      filename adjref;
16773 +   %end;
16775 +   /* LEAF */
16776 +   %if "&EM_PROPERTY_LEAFID" eq "Y" %then %do;
16777 +      data _null_;
16778 +        file flowref mod;
16779 +        put 'drop _LEAF_;';
16780 +      run;
16782 +      data _null_;
16783 +        file pubref mod;
16784 +        put 'drop _LEAF_;';
16785 +      run;
16787 +   %end;
16789 +   filename flowref;
16790 +   filename pubref;
16792 +   /* em_metachange code */
16793 +   %if "&EM_PROPERTY_LEAFID" eq "Y" %then %do;
16794 +     %EM_METACHANGE(name=_NODE_, role=&EM_PROPERTY_NODEROLE, LEVEL=NOMINAL);
16795 +   %end;
16797 +   /* variable selection based on importance stat    */
16798 +   %if "&EM_PROPERTY_VARSELECTION" eq "Y" %then %do;
16799 +     %EM_GETNAME(key=OUTIMPORT, type=DATA);
16800 +     %let dsid = %sysfunc(open(&EM_USER_OUTIMPORT(where=(IMPORTANCE<0.05))));
16801 +     %let varnum = %sysfunc(varnum(&dsid, NAME));
16802 +     %let obs = %sysfunc(fetch(&dsid));
16803 +     %do %while(&obs=0);
16804 +       %let temp = %nrbquote(%sysfunc(getvarc(&dsid, &varnum)));
16805 +       %let varname = %nrbquote(%sysfunc(tranwrd(&temp,  %str(%"),"")));
16806 +       %EM_METACHANGE(name=&varname, role=REJECTED);
16807 +       %let obs = %sysfunc(fetch(&dsid));
16808 +     %end;
16809 +     %if &dsid %then %let dsid=%sysfunc(close(&dsid));
16810 +   %end;
16812 +   /* set Q_ varaibles to role of ASSESS when in the presense of prior probabilities */
16813 +   %if %sysfunc(exist(&EM_DEC_DECMETA)) %then %do;
16814 +    %let tree_pred_vars = ;
16815 +    %let tree_pred_lvl =;
16816 +    %let numpred= 0;
16818 +    data _null_;
16819 +     set &EM_DEC_DECMETA(where=(_TYPE_="PREDICTED")) end=eof;
16820 +     call symput('tree_pred_vars'!!strip(put(_N_, BEST.)), strip(VARIABLE));
16821 +     call symput('tree_pred_lvl'!!strip(put(_N_, BEST.)), strip(LEVEL));
16822 +     if eof then
16823 +       call symput('numpred', strip(put(_N_, BEST.)));
16824 +    run;
16825 +   %end;
16827 +   %if &numpred ne 0 %then %do;
16828 +    %do i=1 %to &numpred;
16829 +      %let qpred = Q%substr(&&tree_pred_vars&i,2);
16830 +      %EM_METACHANGE(name=&qpred, role=ASSESS);
16831 +    %end;
16832 +   %end;
16834 +   /* determine if multiple targets will be processed */
16835 +   %let em_tree_multipleTargets=N;
16836 +   %let em_tree_numTarget=1;
16837 +   %if "&EM_PROPERTY_USEMULTIPLETARGET" eq "Y" %then %do;
16838 +      /* determine if there are any ordinal target variables - if so, multiple targets are not supported */
16839 +      %if &EM_NUM_ORDINAL_TARGET gt 0 %then %do;
16840 +         %let em_tree_multipleTargets=N;
16841 +      %end;
16842 +      %else %do;
16843 +        data _null_;
16844 +          set &EM_DATA_VARIABLESET(where=(ROLE='TARGET' AND LEVEL^='ORDINAL')) end=eof;
16845 +          if eof then
16846 +            call symput('em_tree_numTarget', strip(put(_N_, BEST.)));
16847 +        run;
16849 +        %if &em_tree_numTarget gt 1 %then %do;
16850 +           %let em_tree_multipleTargets=Y;
16851 +        %end;
16852 +     %end;
16853 +   %end;
16855 +   /* need to include this code to do the %em_report for OUTIMPORT here instead of in Report code so _loop data set is created when group processing */
16856 +   %if "&em_tree_multipleTargets" eq "N" %then %do;
16858 +      /* variable importance */
16859 +      %EM_GETNAME(key=OUTIMPORT, type=DATA);
16860 +      %if %sysfunc(exist(&EM_USER_OUTIMPORT)) eq 1 %then %do;
16862 +         %let validexist=0;
16863 +         %if (("&EM_IMPORT_VALIDATE" ne "") AND (%sysfunc(exist(&EM_IMPORT_VALIDATE)) or %sysfunc(exist(&EM_IMPORT_VALIDATE,VIEW)))) %then %do;
16864 +           %let validexist=1;
16865 +         %end;
16867 +         /* determine if vars exists - properties could indicate they are they but freeze=Y would mean the node wasn't retrained */
16868 +         /* and the columns may not be generated                                                                                 */
16869 +         %let em_tree_cvexists=;
16870 +         %let em_tree_surrexists=.;
16871 +         data _null_;
16872 +            set &EM_USER_OUTIMPORT (obs=2) end=eof;
16873 +            if eof then do ;
16874 +               call symput("em_tree_cvexists" , strip(put(cvimportance,best.))) ;
16875 +               call symput("em_tree_surrexists", strip(put(nsurrogates, best.)));
16876 +            end;
16877 +         run;
16879 +         data &EM_USER_OUTIMPORT;
16880 +            set &EM_USER_OUTIMPORT;
16882 +            /* format columns based on Precison value specified */
16883 +            format importance 15.&EM_PROPERTY_PRECISION
16884 +                 %if &validexist %then %do;
16885 +                   vimportance ratio 15.&EM_PROPERTY_PRECISION
16886 +                 %end;
16887 +                 %if "&EM_TREE_CVEXISTS" ne "." %then %do;
16888 +                   cvimportance vimportance ratio 15.&EM_PROPERTY_PRECISION
16889 +                 %end;
16890 +            ;
16891 +            label  NAME       = "%sysfunc(sasmsg(sashelp.dmine, meta_name_vlabel, noquote))"
16892 +                 LABEL        = "%sysfunc(sasmsg(sashelp.dmine, meta_label_vlabel, noquote))"
16893 +                 NRULES       = "%sysfunc(sasmsg(sashelp.dmine, rpt_nrules_vlabel, noquote))"
16894 +                 IMPORTANCE   = "%sysfunc(sasmsg(sashelp.dmine, rpt_importance_vlabel, noquote))"
16895 +                 %if "&em_tree_surrexists" ne "" %then %do;
16896 +                   NSURROGATES  = "%sysfunc(sasmsg(sashelp.dmine, rpt_nsurrogates_vlabel, noquote))"
16897 +                 %end;
16898 +                 %if &validexist %then %do;
16899 +                   VIMPORTANCE = "%sysfunc(sasmsg(sashelp.dmine, rpt_vimportance_vlabel, noquote))"
16900 +                   RATIO       = "%sysfunc(sasmsg(sashelp.dmine, rpt_ratio_vlabel, noquote))"
16901 +                 %end;
16902 +                 %if "&EM_TREE_CVEXISTS" ne "" %then %do;
16903 +                   VIMPORTANCE = "%sysfunc(sasmsg(sashelp.dmine, rpt_vimportance_vlabel, noquote))"
16904 +                   CVIMPORTANCE =  "%sysfunc(sasmsg(sashelp.dmine, rpt_cvimport_vlabel, noquote))"
16905 +                   CVRULES= "%sysfunc(sasmsg(sashelp.dmine, rpt_cvrules_vlabel, noquote))"
16906 +                   RATIO = "%sysfunc(sasmsg(sashelp.dmine, rpt_ratio_vlabel, noquote))"
16907 +                 %end;
16908 +            ;
16909 +         run;
16911 +         %EM_REPORT(key=OUTIMPORT, viewtype=DATA, block=MODEL, description=IMPORTANCE, autodisplay=N);
16912 +      %end;
16913 +   %end;
16915 +   %doendm:
16916 +%mend em_tree_score;
NOTE: %INCLUDE (level 1) ending.
NOTE: Fileref TEMP has been deassigned.

NOTE: The file FLOWREF is:
      (no system-specific pathname available), 
      (no system-specific file attributes available)

NOTE: 170 records were written to the file FLOWREF.
      The minimum record length was 1.
      The maximum record length was 65.
NOTE: DATA statement used (Total process time):
      real time           1.62 seconds
      cpu time            0.01 seconds
      


NOTE: The file PUBREF is:
      (no system-specific pathname available), 
      (no system-specific file attributes available)

NOTE: 148 records were written to the file PUBREF.
      The minimum record length was 1.
      The maximum record length was 65.
NOTE: DATA statement used (Total process time):
      real time           1.43 seconds
      cpu time            0.01 seconds
      

NOTE: Fileref TREEFLOW has been deassigned.
NOTE: Fileref TREEPUB has been deassigned.

NOTE: There were 1 observations read from the data set EMWS3.IDS_RESPOND_DM.
      WHERE _TYPE_='DECPRIOR';
NOTE: DATA statement used (Total process time):
      real time           0.17 seconds
      cpu time            0.01 seconds
      


NOTE: The file FLOWREF is:
      (no system-specific pathname available), 
      (no system-specific file attributes available)

NOTE: 1 record was written to the file FLOWREF.
      The minimum record length was 12.
      The maximum record length was 12.
NOTE: DATA statement used (Total process time):
      real time           0.28 seconds
      cpu time            0.00 seconds
      


NOTE: The file PUBREF is:
      (no system-specific pathname available), 
      (no system-specific file attributes available)

NOTE: 1 record was written to the file PUBREF.
      The minimum record length was 12.
      The maximum record length was 12.
NOTE: DATA statement used (Total process time):
      real time           0.29 seconds
      cpu time            0.01 seconds
      

NOTE: Fileref FLOWREF has been deassigned.
NOTE: Fileref PUBREF has been deassigned.

NOTE: The data set WORK.EM_METACHANGE has 1 observations and 9 variables.
NOTE: DATA statement used (Total process time):
      real time           0.01 seconds
      cpu time            0.01 seconds
      


NOTE: There were 1 observations read from the data set WORK.EM_METACHANGE.
NOTE: The data set WORK.EM_METACHANGE has 2 observations and 9 variables.
NOTE: DATA statement used (Total process time):
      real time           0.00 seconds
      cpu time            0.00 seconds
      


NOTE: There were 2 observations read from the data set WORK.EM_METACHANGE.
NOTE: The data set WORK.EM_METACHANGE has 3 observations and 9 variables.
NOTE: DATA statement used (Total process time):
      real time           0.01 seconds
      cpu time            0.01 seconds
      


NOTE: There were 3 observations read from the data set WORK.EM_METACHANGE.
NOTE: The data set WORK.EM_METACHANGE has 4 observations and 9 variables.
NOTE: DATA statement used (Total process time):
      real time           0.00 seconds
      cpu time            0.00 seconds
      


NOTE: There were 4 observations read from the data set WORK.EM_METACHANGE.
NOTE: The data set WORK.EM_METACHANGE has 5 observations and 9 variables.
NOTE: DATA statement used (Total process time):
      real time           0.01 seconds
      cpu time            0.01 seconds
      


NOTE: There were 5 observations read from the data set WORK.EM_METACHANGE.
NOTE: The data set WORK.EM_METACHANGE has 6 observations and 9 variables.
NOTE: DATA statement used (Total process time):
      real time           0.01 seconds
      cpu time            0.01 seconds
      


NOTE: There were 6 observations read from the data set WORK.EM_METACHANGE.
NOTE: The data set WORK.EM_METACHANGE has 7 observations and 9 variables.
NOTE: DATA statement used (Total process time):
      real time           0.00 seconds
      cpu time            0.00 seconds
      


NOTE: There were 7 observations read from the data set WORK.EM_METACHANGE.
NOTE: The data set WORK.EM_METACHANGE has 8 observations and 9 variables.
NOTE: DATA statement used (Total process time):
      real time           0.01 seconds
      cpu time            0.00 seconds
      


NOTE: There were 8 observations read from the data set WORK.EM_METACHANGE.
NOTE: The data set WORK.EM_METACHANGE has 9 observations and 9 variables.
NOTE: DATA statement used (Total process time):
      real time           0.01 seconds
      cpu time            0.01 seconds
      


NOTE: There were 9 observations read from the data set WORK.EM_METACHANGE.
NOTE: The data set WORK.EM_METACHANGE has 10 observations and 9 variables.
NOTE: DATA statement used (Total process time):
      real time           0.00 seconds
      cpu time            0.00 seconds
      


NOTE: There were 10 observations read from the data set WORK.EM_METACHANGE.
NOTE: The data set WORK.EM_METACHANGE has 11 observations and 9 variables.
NOTE: DATA statement used (Total process time):
      real time           0.00 seconds
      cpu time            0.00 seconds
      


NOTE: There were 11 observations read from the data set WORK.EM_METACHANGE.
NOTE: The data set WORK.EM_METACHANGE has 12 observations and 9 variables.
NOTE: DATA statement used (Total process time):
      real time           0.01 seconds
      cpu time            0.01 seconds
      


NOTE: There were 12 observations read from the data set WORK.EM_METACHANGE.
NOTE: The data set WORK.EM_METACHANGE has 13 observations and 9 variables.
NOTE: DATA statement used (Total process time):
      real time           0.01 seconds
      cpu time            0.01 seconds
      


NOTE: There were 13 observations read from the data set WORK.EM_METACHANGE.
NOTE: The data set WORK.EM_METACHANGE has 14 observations and 9 variables.
NOTE: DATA statement used (Total process time):
      real time           0.00 seconds
      cpu time            0.00 seconds
      


NOTE: There were 14 observations read from the data set WORK.EM_METACHANGE.
NOTE: The data set WORK.EM_METACHANGE has 15 observations and 9 variables.
NOTE: DATA statement used (Total process time):
      real time           0.01 seconds
      cpu time            0.01 seconds
      


NOTE: There were 15 observations read from the data set WORK.EM_METACHANGE.
NOTE: The data set WORK.EM_METACHANGE has 16 observations and 9 variables.
NOTE: DATA statement used (Total process time):
      real time           0.00 seconds
      cpu time            0.00 seconds
      


NOTE: There were 16 observations read from the data set WORK.EM_METACHANGE.
NOTE: The data set WORK.EM_METACHANGE has 17 observations and 9 variables.
NOTE: DATA statement used (Total process time):
      real time           0.00 seconds
      cpu time            0.00 seconds
      


NOTE: There were 17 observations read from the data set WORK.EM_METACHANGE.
NOTE: The data set WORK.EM_METACHANGE has 18 observations and 9 variables.
NOTE: DATA statement used (Total process time):
      real time           0.01 seconds
      cpu time            0.01 seconds
      


NOTE: There were 18 observations read from the data set WORK.EM_METACHANGE.
NOTE: The data set WORK.EM_METACHANGE has 19 observations and 9 variables.
NOTE: DATA statement used (Total process time):
      real time           0.01 seconds
      cpu time            0.01 seconds
      


NOTE: There were 19 observations read from the data set WORK.EM_METACHANGE.
NOTE: The data set WORK.EM_METACHANGE has 20 observations and 9 variables.
NOTE: DATA statement used (Total process time):
      real time           0.01 seconds
      cpu time            0.01 seconds
      


NOTE: There were 20 observations read from the data set WORK.EM_METACHANGE.
NOTE: The data set WORK.EM_METACHANGE has 21 observations and 9 variables.
NOTE: DATA statement used (Total process time):
      real time           0.00 seconds
      cpu time            0.00 seconds
      


NOTE: There were 21 observations read from the data set WORK.EM_METACHANGE.
NOTE: The data set WORK.EM_METACHANGE has 22 observations and 9 variables.
NOTE: DATA statement used (Total process time):
      real time           0.00 seconds
      cpu time            0.00 seconds
      


NOTE: There were 22 observations read from the data set WORK.EM_METACHANGE.
NOTE: The data set WORK.EM_METACHANGE has 23 observations and 9 variables.
NOTE: DATA statement used (Total process time):
      real time           0.01 seconds
      cpu time            0.01 seconds
      


NOTE: There were 23 observations read from the data set WORK.EM_METACHANGE.
NOTE: The data set WORK.EM_METACHANGE has 24 observations and 9 variables.
NOTE: DATA statement used (Total process time):
      real time           0.01 seconds
      cpu time            0.01 seconds
      


NOTE: There were 24 observations read from the data set WORK.EM_METACHANGE.
NOTE: The data set WORK.EM_METACHANGE has 25 observations and 9 variables.
NOTE: DATA statement used (Total process time):
      real time           0.01 seconds
      cpu time            0.01 seconds
      


NOTE: There were 25 observations read from the data set WORK.EM_METACHANGE.
NOTE: The data set WORK.EM_METACHANGE has 26 observations and 9 variables.
NOTE: DATA statement used (Total process time):
      real time           0.00 seconds
      cpu time            0.00 seconds
      


NOTE: There were 26 observations read from the data set WORK.EM_METACHANGE.
NOTE: The data set WORK.EM_METACHANGE has 27 observations and 9 variables.
NOTE: DATA statement used (Total process time):
      real time           0.01 seconds
      cpu time            0.01 seconds
      


NOTE: There were 27 observations read from the data set WORK.EM_METACHANGE.
NOTE: The data set WORK.EM_METACHANGE has 28 observations and 9 variables.
NOTE: DATA statement used (Total process time):
      real time           0.00 seconds
      cpu time            0.00 seconds
      


NOTE: There were 28 observations read from the data set WORK.EM_METACHANGE.
NOTE: The data set WORK.EM_METACHANGE has 29 observations and 9 variables.
NOTE: DATA statement used (Total process time):
      real time           0.01 seconds
      cpu time            0.01 seconds
      


NOTE: There were 29 observations read from the data set WORK.EM_METACHANGE.
NOTE: The data set WORK.EM_METACHANGE has 30 observations and 9 variables.
NOTE: DATA statement used (Total process time):
      real time           0.00 seconds
      cpu time            0.00 seconds
      


NOTE: There were 30 observations read from the data set WORK.EM_METACHANGE.
NOTE: The data set WORK.EM_METACHANGE has 31 observations and 9 variables.
NOTE: DATA statement used (Total process time):
      real time           0.01 seconds
      cpu time            0.01 seconds
      


NOTE: There were 31 observations read from the data set WORK.EM_METACHANGE.
NOTE: The data set WORK.EM_METACHANGE has 32 observations and 9 variables.
NOTE: DATA statement used (Total process time):
      real time           0.01 seconds
      cpu time            0.01 seconds
      


NOTE: There were 32 observations read from the data set WORK.EM_METACHANGE.
NOTE: The data set WORK.EM_METACHANGE has 33 observations and 9 variables.
NOTE: DATA statement used (Total process time):
      real time           0.00 seconds
      cpu time            0.00 seconds
      


NOTE: There were 33 observations read from the data set WORK.EM_METACHANGE.
NOTE: The data set WORK.EM_METACHANGE has 34 observations and 9 variables.
NOTE: DATA statement used (Total process time):
      real time           0.00 seconds
      cpu time            0.00 seconds
      


NOTE: There were 34 observations read from the data set WORK.EM_METACHANGE.
NOTE: The data set WORK.EM_METACHANGE has 35 observations and 9 variables.
NOTE: DATA statement used (Total process time):
      real time           0.01 seconds
      cpu time            0.01 seconds
      


NOTE: There were 35 observations read from the data set WORK.EM_METACHANGE.
NOTE: The data set WORK.EM_METACHANGE has 36 observations and 9 variables.
NOTE: DATA statement used (Total process time):
      real time           0.01 seconds
      cpu time            0.01 seconds
      


NOTE: There were 36 observations read from the data set WORK.EM_METACHANGE.
NOTE: The data set WORK.EM_METACHANGE has 37 observations and 9 variables.
NOTE: DATA statement used (Total process time):
      real time           0.01 seconds
      cpu time            0.01 seconds
      


NOTE: There were 37 observations read from the data set WORK.EM_METACHANGE.
NOTE: The data set WORK.EM_METACHANGE has 38 observations and 9 variables.
NOTE: DATA statement used (Total process time):
      real time           0.00 seconds
      cpu time            0.00 seconds
      


NOTE: There were 38 observations read from the data set WORK.EM_METACHANGE.
NOTE: The data set WORK.EM_METACHANGE has 39 observations and 9 variables.
NOTE: DATA statement used (Total process time):
      real time           0.00 seconds
      cpu time            0.00 seconds
      


NOTE: There were 39 observations read from the data set WORK.EM_METACHANGE.
NOTE: The data set WORK.EM_METACHANGE has 40 observations and 9 variables.
NOTE: DATA statement used (Total process time):
      real time           0.01 seconds
      cpu time            0.01 seconds
      


NOTE: There were 40 observations read from the data set WORK.EM_METACHANGE.
NOTE: The data set WORK.EM_METACHANGE has 41 observations and 9 variables.
NOTE: DATA statement used (Total process time):
      real time           0.01 seconds
      cpu time            0.01 seconds
      


NOTE: There were 41 observations read from the data set WORK.EM_METACHANGE.
NOTE: The data set WORK.EM_METACHANGE has 42 observations and 9 variables.
NOTE: DATA statement used (Total process time):
      real time           0.01 seconds
      cpu time            0.01 seconds
      


NOTE: There were 42 observations read from the data set WORK.EM_METACHANGE.
NOTE: The data set WORK.EM_METACHANGE has 43 observations and 9 variables.
NOTE: DATA statement used (Total process time):
      real time           0.01 seconds
      cpu time            0.01 seconds
      


NOTE: There were 43 observations read from the data set WORK.EM_METACHANGE.
NOTE: The data set WORK.EM_METACHANGE has 44 observations and 9 variables.
NOTE: DATA statement used (Total process time):
      real time           0.00 seconds
      cpu time            0.00 seconds
      


NOTE: There were 44 observations read from the data set WORK.EM_METACHANGE.
NOTE: The data set WORK.EM_METACHANGE has 45 observations and 9 variables.
NOTE: DATA statement used (Total process time):
      real time           0.01 seconds
      cpu time            0.01 seconds
      


NOTE: There were 45 observations read from the data set WORK.EM_METACHANGE.
NOTE: The data set WORK.EM_METACHANGE has 46 observations and 9 variables.
NOTE: DATA statement used (Total process time):
      real time           0.00 seconds
      cpu time            0.00 seconds
      


NOTE: There were 46 observations read from the data set WORK.EM_METACHANGE.
NOTE: The data set WORK.EM_METACHANGE has 47 observations and 9 variables.
NOTE: DATA statement used (Total process time):
      real time           0.01 seconds
      cpu time            0.01 seconds
      


NOTE: There were 47 observations read from the data set WORK.EM_METACHANGE.
NOTE: The data set WORK.EM_METACHANGE has 48 observations and 9 variables.
NOTE: DATA statement used (Total process time):
      real time           0.01 seconds
      cpu time            0.01 seconds
      


NOTE: There were 48 observations read from the data set WORK.EM_METACHANGE.
NOTE: The data set WORK.EM_METACHANGE has 49 observations and 9 variables.
NOTE: DATA statement used (Total process time):
      real time           0.00 seconds
      cpu time            0.00 seconds
      


NOTE: There were 49 observations read from the data set WORK.EM_METACHANGE.
NOTE: The data set WORK.EM_METACHANGE has 50 observations and 9 variables.
NOTE: DATA statement used (Total process time):
      real time           0.01 seconds
      cpu time            0.01 seconds
      


NOTE: There were 50 observations read from the data set WORK.EM_METACHANGE.
NOTE: The data set WORK.EM_METACHANGE has 51 observations and 9 variables.
NOTE: DATA statement used (Total process time):
      real time           0.01 seconds
      cpu time            0.01 seconds
      


NOTE: There were 51 observations read from the data set WORK.EM_METACHANGE.
NOTE: The data set WORK.EM_METACHANGE has 52 observations and 9 variables.
NOTE: DATA statement used (Total process time):
      real time           0.01 seconds
      cpu time            0.01 seconds
      


NOTE: There were 52 observations read from the data set WORK.EM_METACHANGE.
NOTE: The data set WORK.EM_METACHANGE has 53 observations and 9 variables.
NOTE: DATA statement used (Total process time):
      real time           0.00 seconds
      cpu time            0.00 seconds
      


NOTE: There were 53 observations read from the data set WORK.EM_METACHANGE.
NOTE: The data set WORK.EM_METACHANGE has 54 observations and 9 variables.
NOTE: DATA statement used (Total process time):
      real time           0.00 seconds
      cpu time            0.00 seconds
      


NOTE: There were 54 observations read from the data set WORK.EM_METACHANGE.
NOTE: The data set WORK.EM_METACHANGE has 55 observations and 9 variables.
NOTE: DATA statement used (Total process time):
      real time           0.00 seconds
      cpu time            0.00 seconds
      


NOTE: There were 55 observations read from the data set WORK.EM_METACHANGE.
NOTE: The data set WORK.EM_METACHANGE has 56 observations and 9 variables.
NOTE: DATA statement used (Total process time):
      real time           0.00 seconds
      cpu time            0.00 seconds
      


NOTE: There were 56 observations read from the data set WORK.EM_METACHANGE.
NOTE: The data set WORK.EM_METACHANGE has 57 observations and 9 variables.
NOTE: DATA statement used (Total process time):
      real time           0.01 seconds
      cpu time            0.01 seconds
      


NOTE: There were 57 observations read from the data set WORK.EM_METACHANGE.
NOTE: The data set WORK.EM_METACHANGE has 58 observations and 9 variables.
NOTE: DATA statement used (Total process time):
      real time           0.01 seconds
      cpu time            0.01 seconds
      


NOTE: There were 58 observations read from the data set WORK.EM_METACHANGE.
NOTE: The data set WORK.EM_METACHANGE has 59 observations and 9 variables.
NOTE: DATA statement used (Total process time):
      real time           0.00 seconds
      cpu time            0.00 seconds
      


NOTE: There were 59 observations read from the data set WORK.EM_METACHANGE.
NOTE: The data set WORK.EM_METACHANGE has 60 observations and 9 variables.
NOTE: DATA statement used (Total process time):
      real time           0.00 seconds
      cpu time            0.00 seconds
      


NOTE: There were 60 observations read from the data set WORK.EM_METACHANGE.
NOTE: The data set WORK.EM_METACHANGE has 61 observations and 9 variables.
NOTE: DATA statement used (Total process time):
      real time           0.01 seconds
      cpu time            0.01 seconds
      


NOTE: There were 61 observations read from the data set WORK.EM_METACHANGE.
NOTE: The data set WORK.EM_METACHANGE has 62 observations and 9 variables.
NOTE: DATA statement used (Total process time):
      real time           0.00 seconds
      cpu time            0.00 seconds
      


NOTE: There were 62 observations read from the data set WORK.EM_METACHANGE.
NOTE: The data set WORK.EM_METACHANGE has 63 observations and 9 variables.
NOTE: DATA statement used (Total process time):
      real time           0.01 seconds
      cpu time            0.01 seconds
      


NOTE: There were 63 observations read from the data set WORK.EM_METACHANGE.
NOTE: The data set WORK.EM_METACHANGE has 64 observations and 9 variables.
NOTE: DATA statement used (Total process time):
      real time           0.00 seconds
      cpu time            0.00 seconds
      


NOTE: There were 64 observations read from the data set WORK.EM_METACHANGE.
NOTE: The data set WORK.EM_METACHANGE has 65 observations and 9 variables.
NOTE: DATA statement used (Total process time):
      real time           0.01 seconds
      cpu time            0.01 seconds
      


NOTE: There were 65 observations read from the data set WORK.EM_METACHANGE.
NOTE: The data set WORK.EM_METACHANGE has 66 observations and 9 variables.
NOTE: DATA statement used (Total process time):
      real time           0.01 seconds
      cpu time            0.01 seconds
      


NOTE: There were 66 observations read from the data set WORK.EM_METACHANGE.
NOTE: The data set WORK.EM_METACHANGE has 67 observations and 9 variables.
NOTE: DATA statement used (Total process time):
      real time           0.01 seconds
      cpu time            0.01 seconds
      


NOTE: There were 67 observations read from the data set WORK.EM_METACHANGE.
NOTE: The data set WORK.EM_METACHANGE has 68 observations and 9 variables.
NOTE: DATA statement used (Total process time):
      real time           0.00 seconds
      cpu time            0.00 seconds
      


NOTE: There were 68 observations read from the data set WORK.EM_METACHANGE.
NOTE: The data set WORK.EM_METACHANGE has 69 observations and 9 variables.
NOTE: DATA statement used (Total process time):
      real time           0.01 seconds
      cpu time            0.01 seconds
      


NOTE: There were 69 observations read from the data set WORK.EM_METACHANGE.
NOTE: The data set WORK.EM_METACHANGE has 70 observations and 9 variables.
NOTE: DATA statement used (Total process time):
      real time           0.00 seconds
      cpu time            0.00 seconds
      


NOTE: There were 70 observations read from the data set WORK.EM_METACHANGE.
NOTE: The data set WORK.EM_METACHANGE has 71 observations and 9 variables.
NOTE: DATA statement used (Total process time):
      real time           0.00 seconds
      cpu time            0.00 seconds
      


NOTE: There were 71 observations read from the data set WORK.EM_METACHANGE.
NOTE: The data set WORK.EM_METACHANGE has 72 observations and 9 variables.
NOTE: DATA statement used (Total process time):
      real time           0.01 seconds
      cpu time            0.01 seconds
      


NOTE: There were 72 observations read from the data set WORK.EM_METACHANGE.
NOTE: The data set WORK.EM_METACHANGE has 73 observations and 9 variables.
NOTE: DATA statement used (Total process time):
      real time           0.00 seconds
      cpu time            0.00 seconds
      


NOTE: There were 73 observations read from the data set WORK.EM_METACHANGE.
NOTE: The data set WORK.EM_METACHANGE has 74 observations and 9 variables.
NOTE: DATA statement used (Total process time):
      real time           0.00 seconds
      cpu time            0.00 seconds
      


NOTE: There were 74 observations read from the data set WORK.EM_METACHANGE.
NOTE: The data set WORK.EM_METACHANGE has 75 observations and 9 variables.
NOTE: DATA statement used (Total process time):
      real time           0.01 seconds
      cpu time            0.01 seconds
      


NOTE: There were 75 observations read from the data set WORK.EM_METACHANGE.
NOTE: The data set WORK.EM_METACHANGE has 76 observations and 9 variables.
NOTE: DATA statement used (Total process time):
      real time           0.01 seconds
      cpu time            0.01 seconds
      


NOTE: There were 76 observations read from the data set WORK.EM_METACHANGE.
NOTE: The data set WORK.EM_METACHANGE has 77 observations and 9 variables.
NOTE: DATA statement used (Total process time):
      real time           0.01 seconds
      cpu time            0.01 seconds
      


NOTE: There were 77 observations read from the data set WORK.EM_METACHANGE.
NOTE: The data set WORK.EM_METACHANGE has 78 observations and 9 variables.
NOTE: DATA statement used (Total process time):
      real time           0.01 seconds
      cpu time            0.01 seconds
      


NOTE: There were 78 observations read from the data set WORK.EM_METACHANGE.
NOTE: The data set WORK.EM_METACHANGE has 79 observations and 9 variables.
NOTE: DATA statement used (Total process time):
      real time           0.00 seconds
      cpu time            0.00 seconds
      


NOTE: There were 79 observations read from the data set WORK.EM_METACHANGE.
NOTE: The data set WORK.EM_METACHANGE has 80 observations and 9 variables.
NOTE: DATA statement used (Total process time):
      real time           0.01 seconds
      cpu time            0.01 seconds
      


NOTE: There were 80 observations read from the data set WORK.EM_METACHANGE.
NOTE: The data set WORK.EM_METACHANGE has 81 observations and 9 variables.
NOTE: DATA statement used (Total process time):
      real time           0.00 seconds
      cpu time            0.00 seconds
      


NOTE: There were 81 observations read from the data set WORK.EM_METACHANGE.
NOTE: The data set WORK.EM_METACHANGE has 82 observations and 9 variables.
NOTE: DATA statement used (Total process time):
      real time           0.01 seconds
      cpu time            0.01 seconds
      


NOTE: There were 82 observations read from the data set WORK.EM_METACHANGE.
NOTE: The data set WORK.EM_METACHANGE has 83 observations and 9 variables.
NOTE: DATA statement used (Total process time):
      real time           0.01 seconds
      cpu time            0.01 seconds
      


NOTE: There were 83 observations read from the data set WORK.EM_METACHANGE.
NOTE: The data set WORK.EM_METACHANGE has 84 observations and 9 variables.
NOTE: DATA statement used (Total process time):
      real time           0.00 seconds
      cpu time            0.00 seconds
      


NOTE: There were 84 observations read from the data set WORK.EM_METACHANGE.
NOTE: The data set WORK.EM_METACHANGE has 85 observations and 9 variables.
NOTE: DATA statement used (Total process time):
      real time           0.01 seconds
      cpu time            0.01 seconds
      


NOTE: There were 2 observations read from the data set EMWS3.IDS_RESPOND_DM.
      WHERE _TYPE_='PREDICTED';
NOTE: DATA statement used (Total process time):
      real time           0.18 seconds
      cpu time            0.01 seconds
      


NOTE: There were 85 observations read from the data set WORK.EM_METACHANGE.
NOTE: The data set WORK.EM_METACHANGE has 86 observations and 9 variables.
NOTE: DATA statement used (Total process time):
      real time           0.01 seconds
      cpu time            0.01 seconds
      


NOTE: There were 86 observations read from the data set WORK.EM_METACHANGE.
NOTE: The data set WORK.EM_METACHANGE has 87 observations and 9 variables.
NOTE: DATA statement used (Total process time):
      real time           0.01 seconds
      cpu time            0.01 seconds
      


NOTE: Variable cvimportance is uninitialized.
NOTE: Variable nsurrogates is uninitialized.
NOTE: There were 2 observations read from the data set EMWS3.TREE2_OUTIMPORT.
NOTE: DATA statement used (Total process time):
      real time           0.14 seconds
      cpu time            0.00 seconds
      


NOTE: Variable NSURROGATES is uninitialized.
NOTE: Variable CVIMPORTANCE is uninitialized.
NOTE: Variable CVRULES is uninitialized.
NOTE: There were 90 observations read from the data set EMWS3.TREE2_OUTIMPORT.
NOTE: The data set EMWS3.TREE2_OUTIMPORT has 90 observations and 6 variables.
NOTE: DATA statement used (Total process time):
      real time           1.65 seconds
      cpu time            0.04 seconds
      


NOTE: The data set WORK.EM_USER_REPORT has 132 observations and 4 variables.
NOTE: DATA statement used (Total process time):
      real time           0.03 seconds
      cpu time            0.03 seconds
      

16917  
16918  *------------------------------------------------------------*;
16919  * End SCORE: Tree2;
16920  *------------------------------------------------------------*;

16921  proc sort data=WORK.EM_METACHANGE;
16922  by key uname;
16923  run;

NOTE: There were 87 observations read from the data set WORK.EM_METACHANGE.
NOTE: The data set WORK.EM_METACHANGE has 87 observations and 9 variables.
NOTE: PROCEDURE SORT used (Total process time):
      real time           0.00 seconds
      cpu time            0.00 seconds
      

16924  filename x "\\Client\C$\Users\sonik\Documents\6201 - MBAD - Monica\Project\Predictive Analytics1\Workspaces\EMWS3\Tree2\CDELTA_TRAIN.sas";
16925  data _null_;
16926  file x;
16927  put 'if upcase(NAME) = "BOTHPAYM" then do;';
16928  put 'ROLE = "REJECTED";';
16929  put 'end;';
16930  put 'else ';
16931  put 'if upcase(NAME) = "BUYPROP" then do;';
16932  put 'ROLE = "REJECTED";';
16933  put 'end;';
16934  put 'else ';
16935  put 'if upcase(NAME) = "CATALOGCNT" then do;';
16936  put 'ROLE = "REJECTED";';
16937  put 'end;';
16938  put 'else ';
16939  put 'if upcase(NAME) = "CCPAYM" then do;';
16940  put 'ROLE = "REJECTED";';
16941  put 'end;';
16942  put 'else ';
16943  put 'if upcase(NAME) = "DEPT01" then do;';
16944  put 'ROLE = "REJECTED";';
16945  put 'end;';
16946  put 'else ';
16947  put 'if upcase(NAME) = "DEPT02" then do;';
16948  put 'ROLE = "REJECTED";';
16949  put 'end;';
16950  put 'else ';
16951  put 'if upcase(NAME) = "DEPT03" then do;';
16952  put 'ROLE = "REJECTED";';
16953  put 'end;';
16954  put 'else ';
16955  put 'if upcase(NAME) = "DEPT04" then do;';
16956  put 'ROLE = "REJECTED";';
16957  put 'end;';
16958  put 'else ';
16959  put 'if upcase(NAME) = "DEPT05" then do;';
16960  put 'ROLE = "REJECTED";';
16961  put 'end;';
16962  put 'else ';
16963  put 'if upcase(NAME) = "DEPT06" then do;';
16964  put 'ROLE = "REJECTED";';
16965  put 'end;';
16966  put 'else ';
16967  put 'if upcase(NAME) = "DEPT07" then do;';
16968  put 'ROLE = "REJECTED";';
16969  put 'end;';
16970  put 'else ';
16971  put 'if upcase(NAME) = "DEPT08" then do;';
16972  put 'ROLE = "REJECTED";';
16973  put 'end;';
16974  put 'else ';
16975  put 'if upcase(NAME) = "DEPT09" then do;';
16976  put 'ROLE = "REJECTED";';
16977  put 'end;';
16978  put 'else ';
16979  put 'if upcase(NAME) = "DEPT10" then do;';
16980  put 'ROLE = "REJECTED";';
16981  put 'end;';
16982  put 'else ';
16983  put 'if upcase(NAME) = "DEPT11" then do;';
16984  put 'ROLE = "REJECTED";';
16985  put 'end;';
16986  put 'else ';
16987  put 'if upcase(NAME) = "DEPT12" then do;';
16988  put 'ROLE = "REJECTED";';
16989  put 'end;';
16990  put 'else ';
16991  put 'if upcase(NAME) = "DEPT13" then do;';
16992  put 'ROLE = "REJECTED";';
16993  put 'end;';
16994  put 'else ';
16995  put 'if upcase(NAME) = "DEPT14" then do;';
16996  put 'ROLE = "REJECTED";';
16997  put 'end;';
16998  put 'else ';
16999  put 'if upcase(NAME) = "DEPT15" then do;';
17000  put 'ROLE = "REJECTED";';
17001  put 'end;';
17002  put 'else ';
17003  put 'if upcase(NAME) = "DEPT16" then do;';
17004  put 'ROLE = "REJECTED";';
17005  put 'end;';
17006  put 'else ';
17007  put 'if upcase(NAME) = "DEPT17" then do;';
17008  put 'ROLE = "REJECTED";';
17009  put 'end;';
17010  put 'else ';
17011  put 'if upcase(NAME) = "DEPT18" then do;';
17012  put 'ROLE = "REJECTED";';
17013  put 'end;';
17014  put 'else ';
17015  put 'if upcase(NAME) = "DEPT19" then do;';
17016  put 'ROLE = "REJECTED";';
17017  put 'end;';
17018  put 'else ';
17019  put 'if upcase(NAME) = "DEPT20" then do;';
17020  put 'ROLE = "REJECTED";';
17021  put 'end;';
17022  put 'else ';
17023  put 'if upcase(NAME) = "DEPT21" then do;';
17024  put 'ROLE = "REJECTED";';
17025  put 'end;';
17026  put 'else ';
17027  put 'if upcase(NAME) = "DEPT22" then do;';
17028  put 'ROLE = "REJECTED";';
17029  put 'end;';
17030  put 'else ';
17031  put 'if upcase(NAME) = "DEPT23" then do;';
17032  put 'ROLE = "REJECTED";';
17033  put 'end;';
17034  put 'else ';
17035  put 'if upcase(NAME) = "DEPT24" then do;';
17036  put 'ROLE = "REJECTED";';
17037  put 'end;';
17038  put 'else ';
17039  put 'if upcase(NAME) = "DEPT26" then do;';
17040  put 'ROLE = "REJECTED";';
17041  put 'end;';
17042  put 'else ';
17043  put 'if upcase(NAME) = "DEPT27" then do;';
17044  put 'ROLE = "REJECTED";';
17045  put 'end;';
17046  put 'else ';
17047  put 'if upcase(NAME) = "DOLINDEA" then do;';
17048  put 'ROLE = "REJECTED";';
17049  put 'end;';
17050  put 'else ';
17051  put 'if upcase(NAME) = "DOLINDET" then do;';
17052  put 'ROLE = "REJECTED";';
17053  put 'end;';
17054  put 'else ';
17055  put 'if upcase(NAME) = "DOLLARQ01" then do;';
17056  put 'ROLE = "REJECTED";';
17057  put 'end;';
17058  put 'else ';
17059  put 'if upcase(NAME) = "DOLLARQ02" then do;';
17060  put 'ROLE = "REJECTED";';
17061  put 'end;';
17062  put 'else ';
17063  put 'if upcase(NAME) = "DOLLARQ03" then do;';
17064  put 'ROLE = "REJECTED";';
17065  put 'end;';
17066  put 'else ';
17067  put 'if upcase(NAME) = "DOLLARQ04" then do;';
17068  put 'ROLE = "REJECTED";';
17069  put 'end;';
17070  put 'else ';
17071  put 'if upcase(NAME) = "DOLLARQ05" then do;';
17072  put 'ROLE = "REJECTED";';
17073  put 'end;';
17074  put 'else ';
17075  put 'if upcase(NAME) = "DOLLARQ06" then do;';
17076  put 'ROLE = "REJECTED";';
17077  put 'end;';
17078  put 'else ';
17079  put 'if upcase(NAME) = "DOLLARQ07" then do;';
17080  put 'ROLE = "REJECTED";';
17081  put 'end;';
17082  put 'else ';
17083  put 'if upcase(NAME) = "DOLLARQ08" then do;';
17084  put 'ROLE = "REJECTED";';
17085  put 'end;';
17086  put 'else ';
17087  put 'if upcase(NAME) = "DOLLARQ09" then do;';
17088  put 'ROLE = "REJECTED";';
17089  put 'end;';
17090  put 'else ';
17091  put 'if upcase(NAME) = "DOLLARQ10" then do;';
17092  put 'ROLE = "REJECTED";';
17093  put 'end;';
17094  put 'else ';
17095  put 'if upcase(NAME) = "DOLLARQ11" then do;';
17096  put 'ROLE = "REJECTED";';
17097  put 'end;';
17098  put 'else ';
17099  put 'if upcase(NAME) = "DOLLARQ12" then do;';
17100  put 'ROLE = "REJECTED";';
17101  put 'end;';
17102  put 'else ';
17103  put 'if upcase(NAME) = "DOLLARQ13" then do;';
17104  put 'ROLE = "REJECTED";';
17105  put 'end;';
17106  put 'else ';
17107  put 'if upcase(NAME) = "DOLLARQ14" then do;';
17108  put 'ROLE = "REJECTED";';
17109  put 'end;';
17110  put 'else ';
17111  put 'if upcase(NAME) = "DOLLARQ15" then do;';
17112  put 'ROLE = "REJECTED";';
17113  put 'end;';
17114  put 'else ';
17115  put 'if upcase(NAME) = "DOLLARQ16" then do;';
17116  put 'ROLE = "REJECTED";';
17117  put 'end;';
17118  put 'else ';
17119  put 'if upcase(NAME) = "DOLLARQ17" then do;';
17120  put 'ROLE = "REJECTED";';
17121  put 'end;';
17122  put 'else ';
17123  put 'if upcase(NAME) = "DOLLARQ18" then do;';
17124  put 'ROLE = "REJECTED";';
17125  put 'end;';
17126  put 'else ';
17127  put 'if upcase(NAME) = "DOLLARQ19" then do;';
17128  put 'ROLE = "REJECTED";';
17129  put 'end;';
17130  put 'else ';
17131  put 'if upcase(NAME) = "DOLLARQ20" then do;';
17132  put 'ROLE = "REJECTED";';
17133  put 'end;';
17134  put 'else ';
17135  put 'if upcase(NAME) = "DOLLARQ21" then do;';
17136  put 'ROLE = "REJECTED";';
17137  put 'end;';
17138  put 'else ';
17139  put 'if upcase(NAME) = "DOLLARQ22" then do;';
17140  put 'ROLE = "REJECTED";';
17141  put 'end;';
17142  put 'else ';
17143  put 'if upcase(NAME) = "DOLNETDA" then do;';
17144  put 'ROLE = "REJECTED";';
17145  put 'end;';
17146  put 'else ';
17147  put 'if upcase(NAME) = "DOLNETDT" then do;';
17148  put 'ROLE = "REJECTED";';
17149  put 'end;';
17150  put 'else ';
17151  put 'if upcase(NAME) = "METHPAYM" then do;';
17152  put 'ROLE = "REJECTED";';
17153  put 'end;';
17154  put 'else ';
17155  put 'if upcase(NAME) = "MONLAST" then do;';
17156  put 'ROLE = "REJECTED";';
17157  put 'end;';
17158  put 'else ';
17159  put 'if upcase(NAME) = "PCPAYM" then do;';
17160  put 'ROLE = "REJECTED";';
17161  put 'end;';
17162  put 'else ';
17163  put 'if upcase(NAME) = "Q_RESPOND0" then do;';
17164  put 'ROLE = "ASSESS";';
17165  put 'end;';
17166  put 'else ';
17167  put 'if upcase(NAME) = "Q_RESPOND1" then do;';
17168  put 'ROLE = "ASSESS";';
17169  put 'end;';
17170  put 'else ';
17171  put 'if upcase(NAME) = "TOTORDQ01" then do;';
17172  put 'ROLE = "REJECTED";';
17173  put 'end;';
17174  put 'else ';
17175  put 'if upcase(NAME) = "TOTORDQ02" then do;';
17176  put 'ROLE = "REJECTED";';
17177  put 'end;';
17178  put 'else ';
17179  put 'if upcase(NAME) = "TOTORDQ03" then do;';
17180  put 'ROLE = "REJECTED";';
17181  put 'end;';
17182  put 'else ';
17183  put 'if upcase(NAME) = "TOTORDQ04" then do;';
17184  put 'ROLE = "REJECTED";';
17185  put 'end;';
17186  put 'else ';
17187  put 'if upcase(NAME) = "TOTORDQ05" then do;';
17188  put 'ROLE = "REJECTED";';
17189  put 'end;';
17190  put 'else ';
17191  put 'if upcase(NAME) = "TOTORDQ06" then do;';
17192  put 'ROLE = "REJECTED";';
17193  put 'end;';
17194  put 'else ';
17195  put 'if upcase(NAME) = "TOTORDQ07" then do;';
17196  put 'ROLE = "REJECTED";';
17197  put 'end;';
17198  put 'else ';
17199  put 'if upcase(NAME) = "TOTORDQ08" then do;';
17200  put 'ROLE = "REJECTED";';
17201  put 'end;';
17202  put 'else ';
17203  put 'if upcase(NAME) = "TOTORDQ09" then do;';
17204  put 'ROLE = "REJECTED";';
17205  put 'end;';
17206  put 'else ';
17207  put 'if upcase(NAME) = "TOTORDQ10" then do;';
17208  put 'ROLE = "REJECTED";';
17209  put 'end;';
17210  put 'else ';
17211  put 'if upcase(NAME) = "TOTORDQ11" then do;';
17212  put 'ROLE = "REJECTED";';
17213  put 'end;';
17214  put 'else ';
17215  put 'if upcase(NAME) = "TOTORDQ12" then do;';
17216  put 'ROLE = "REJECTED";';
17217  put 'end;';
17218  put 'else ';
17219  put 'if upcase(NAME) = "TOTORDQ13" then do;';
17220  put 'ROLE = "REJECTED";';
17221  put 'end;';
17222  put 'else ';
17223  put 'if upcase(NAME) = "TOTORDQ14" then do;';
17224  put 'ROLE = "REJECTED";';
17225  put 'end;';
17226  put 'else ';
17227  put 'if upcase(NAME) = "TOTORDQ15" then do;';
17228  put 'ROLE = "REJECTED";';
17229  put 'end;';
17230  put 'else ';
17231  put 'if upcase(NAME) = "TOTORDQ16" then do;';
17232  put 'ROLE = "REJECTED";';
17233  put 'end;';
17234  put 'else ';
17235  put 'if upcase(NAME) = "TOTORDQ17" then do;';
17236  put 'ROLE = "REJECTED";';
17237  put 'end;';
17238  put 'else ';
17239  put 'if upcase(NAME) = "TOTORDQ18" then do;';
17240  put 'ROLE = "REJECTED";';
17241  put 'end;';
17242  put 'else ';
17243  put 'if upcase(NAME) = "TOTORDQ19" then do;';
17244  put 'ROLE = "REJECTED";';
17245  put 'end;';
17246  put 'else ';
17247  put 'if upcase(NAME) = "TOTORDQ20" then do;';
17248  put 'ROLE = "REJECTED";';
17249  put 'end;';
17250  put 'else ';
17251  put 'if upcase(NAME) = "TOTORDQ21" then do;';
17252  put 'ROLE = "REJECTED";';
17253  put 'end;';
17254  put 'else ';
17255  put 'if upcase(NAME) = "TOTORDQ22" then do;';
17256  put 'ROLE = "REJECTED";';
17257  put 'end;';
17258  put 'else ';
17259  put 'if upcase(NAME) = "UNITSIDD" then do;';
17260  put 'ROLE = "REJECTED";';
17261  put 'end;';
17262  put 'else ';
17263  put 'if upcase(NAME) = "UNITSLAP" then do;';
17264  put 'ROLE = "REJECTED";';
17265  put 'end;';
17266  put 'else ';
17267  put 'if upcase(NAME) = "UNTLANPO" then do;';
17268  put 'ROLE = "REJECTED";';
17269  put 'end;';
17270  put 'else ';
17271  put 'if upcase(NAME) = "_NODE_" then do;';
17272  put 'ROLE = "SEGMENT";';
17273  put 'LEVEL = "NOMINAL";';
17274  put 'end;';
17275  run;

NOTE: The file X is:
      (no system-specific pathname available), 
      (no system-specific file attributes available)

NOTE: 348 records were written to the file X.
      The minimum record length was 4.
      The maximum record length was 39.
NOTE: DATA statement used (Total process time):
      real time           0.32 seconds
      cpu time            0.00 seconds
      

17276  filename x;
NOTE: Fileref X has been deassigned.

17277  filename emflow "\\Client\C$\Users\sonik\Documents\6201 - MBAD - Monica\Project\Predictive Analytics1\Workspaces\EMWS3\Tree2\EMFLOWSCORE.sas";
17278  *------------------------------------------------------------*;
17279  * Tree2: Scoring DATA data;
17280  *------------------------------------------------------------*;
17281  data EMWS3.Tree2_TRAIN
17282  / view=EMWS3.Tree2_TRAIN
17283  ;
17284  set EMWS3.Part_TRAIN
17285  ;
17286  %inc emflow;
NOTE: %INCLUDE (level 1) file EMFLOW is file \\Client\C$\Users\sonik\Documents\6201 - MBAD - Monica\Project\Predictive Analytics1\Workspaces\EMWS3\Tree2\EMFLOWSCORE.sas.
17287 +****************************************************************;
17288 +******             DECISION TREE SCORING CODE             ******;
17289 +****************************************************************;
17290 +
17291 +******         LENGTHS OF NEW CHARACTER VARIABLES         ******;
17292 +LENGTH F_RESPOND  $   12;
17293 +LENGTH I_RESPOND  $   12;
17294 +LENGTH _WARN_  $    4;
17295 +
17296 +******              LABELS FOR NEW VARIABLES              ******;
17297 +label _NODE_ = 'Node' ;
17298 +label _LEAF_ = 'Leaf' ;
17299 +label P_RESPOND1 = 'Predicted: RESPOND=1' ;
17300 +label P_RESPOND0 = 'Predicted: RESPOND=0' ;
17301 +label Q_RESPOND1 = 'Unadjusted P: RESPOND=1' ;
17302 +label Q_RESPOND0 = 'Unadjusted P: RESPOND=0' ;
17303 +label V_RESPOND1 = 'Validated: RESPOND=1' ;
17304 +label V_RESPOND0 = 'Validated: RESPOND=0' ;
17305 +label R_RESPOND1 = 'Residual: RESPOND=1' ;
17306 +label R_RESPOND0 = 'Residual: RESPOND=0' ;
17307 +label F_RESPOND = 'From: RESPOND' ;
17308 +label I_RESPOND = 'Into: RESPOND' ;
17309 +label U_RESPOND = 'Unnormalized Into: RESPOND' ;
17310 +label _WARN_ = 'Warnings' ;
17311 +
17312 +
17313 +******      TEMPORARY VARIABLES FOR FORMATTED VALUES      ******;
17314 +LENGTH _ARBFMT_12 $     12; DROP _ARBFMT_12;
17315 +_ARBFMT_12 = ' '; /* Initialize to avoid warning. */
17316 +
17317 +
17318 +_ARBFMT_12 = PUT( RESPOND , BEST12.);
17319 + %DMNORMCP( _ARBFMT_12, F_RESPOND );
17320 +
17321 +******             ASSIGN OBSERVATION TO NODE             ******;
17322 +IF  NOT MISSING(DOLL24 ) AND
17323 +                 121.2 <= DOLL24  THEN DO;
17324 +  IF  NOT MISSING(DEPT25 ) AND
17325 +                    32.5 <= DEPT25  THEN DO;
17326 +    _NODE_  =                    7;
17327 +    _LEAF_  =                    8;
17328 +    P_RESPOND1  =      0.4390243902439;
17329 +    P_RESPOND0  =     0.56097560975609;
17330 +    Q_RESPOND1  =      0.4390243902439;
17331 +    Q_RESPOND0  =     0.56097560975609;
17332 +    V_RESPOND1  =      0.3076923076923;
17333 +    V_RESPOND0  =     0.69230769230769;
17334 +    I_RESPOND  = '0' ;
17335 +    U_RESPOND  =                    0;
17336 +    END;
17337 +  ELSE DO;
17338 +    IF  NOT MISSING(FREQPRCH ) AND
17339 +                       8.5 <= FREQPRCH  THEN DO;
17340 +      _NODE_  =                   13;
17341 +      _LEAF_  =                    7;
17342 +      P_RESPOND1  =     0.17607413647851;
17343 +      P_RESPOND0  =     0.82392586352148;
17344 +      Q_RESPOND1  =     0.17607413647851;
17345 +      Q_RESPOND0  =     0.82392586352148;
17346 +      V_RESPOND1  =     0.17874396135265;
17347 +      V_RESPOND0  =     0.82125603864734;
17348 +      I_RESPOND  = '0' ;
17349 +      U_RESPOND  =                    0;
17350 +      END;
17351 +    ELSE DO;
17352 +      _NODE_  =                   12;
17353 +      _LEAF_  =                    6;
17354 +      P_RESPOND1  =     0.10013175230566;
17355 +      P_RESPOND0  =     0.89986824769433;
17356 +      Q_RESPOND1  =     0.10013175230566;
17357 +      Q_RESPOND0  =     0.89986824769433;
17358 +      V_RESPOND1  =       0.089590443686;
17359 +      V_RESPOND0  =     0.91040955631399;
17360 +      I_RESPOND  = '0' ;
17361 +      U_RESPOND  =                    0;
17362 +      END;
17363 +    END;
17364 +  END;
17365 +ELSE DO;
17366 +  IF  NOT MISSING(TENURE ) AND
17367 +    TENURE  <                  1.5 THEN DO;
17368 +    IF  NOT MISSING(DAYLAST ) AND
17369 +                      46.5 <= DAYLAST  THEN DO;
17370 +      _NODE_  =                    9;
17371 +      _LEAF_  =                    2;
17372 +      P_RESPOND1  =     0.11111111111111;
17373 +      P_RESPOND0  =     0.88888888888888;
17374 +      Q_RESPOND1  =     0.11111111111111;
17375 +      Q_RESPOND0  =     0.88888888888888;
17376 +      V_RESPOND1  =                    0;
17377 +      V_RESPOND0  =                    1;
17378 +      I_RESPOND  = '0' ;
17379 +      U_RESPOND  =                    0;
17380 +      END;
17381 +    ELSE DO;
17382 +      _NODE_  =                    8;
17383 +      _LEAF_  =                    1;
17384 +      P_RESPOND1  =     0.95454545454545;
17385 +      P_RESPOND0  =     0.04545454545454;
17386 +      Q_RESPOND1  =     0.95454545454545;
17387 +      Q_RESPOND0  =     0.04545454545454;
17388 +      V_RESPOND1  =                    1;
17389 +      V_RESPOND0  =                    0;
17390 +      I_RESPOND  = '1' ;
17391 +      U_RESPOND  =                    1;
17392 +      END;
17393 +    END;
17394 +  ELSE DO;
17395 +    IF  NOT MISSING(DOLL24 ) AND
17396 +                    23.975 <= DOLL24  THEN DO;
17397 +      IF  NOT MISSING(ACTBUY ) AND
17398 +                         1.5 <= ACTBUY  THEN DO;
17399 +        _NODE_  =                   19;
17400 +        _LEAF_  =                    5;
17401 +        P_RESPOND1  =     0.10306612486147;
17402 +        P_RESPOND0  =     0.89693387513852;
17403 +        Q_RESPOND1  =     0.10306612486147;
17404 +        Q_RESPOND0  =     0.89693387513852;
17405 +        V_RESPOND1  =     0.09674922600619;
17406 +        V_RESPOND0  =      0.9032507739938;
17407 +        I_RESPOND  = '0' ;
17408 +        U_RESPOND  =                    0;
17409 +        END;
17410 +      ELSE DO;
17411 +        _NODE_  =                   18;
17412 +        _LEAF_  =                    4;
17413 +        P_RESPOND1  =     0.05328917657684;
17414 +        P_RESPOND0  =     0.94671082342315;
17415 +        Q_RESPOND1  =     0.05328917657684;
17416 +        Q_RESPOND0  =     0.94671082342315;
17417 +        V_RESPOND1  =     0.05952028427598;
17418 +        V_RESPOND0  =     0.94047971572401;
17419 +        I_RESPOND  = '0' ;
17420 +        U_RESPOND  =                    0;
17421 +        END;
17422 +      END;
17423 +    ELSE DO;
17424 +      _NODE_  =                   10;
17425 +      _LEAF_  =                    3;
17426 +      P_RESPOND1  =     0.03609902631033;
17427 +      P_RESPOND0  =     0.96390097368966;
17428 +      Q_RESPOND1  =     0.03609902631033;
17429 +      Q_RESPOND0  =     0.96390097368966;
17430 +      V_RESPOND1  =     0.03674786591713;
17431 +      V_RESPOND0  =     0.96325213408286;
17432 +      I_RESPOND  = '0' ;
17433 +      U_RESPOND  =                    0;
17434 +      END;
17435 +    END;
17436 +  END;
17437 +
17438 +*****  RESIDUALS R_ *************;
17439 +IF  F_RESPOND  NE '1'
17440 +AND F_RESPOND  NE '0'  THEN DO;
17441 +        R_RESPOND1  = .;
17442 +        R_RESPOND0  = .;
17443 + END;
17444 + ELSE DO;
17445 +       R_RESPOND1  =  -P_RESPOND1 ;
17446 +       R_RESPOND0  =  -P_RESPOND0 ;
17447 +       SELECT( F_RESPOND  );
17448 +          WHEN( '1'  ) R_RESPOND1  = R_RESPOND1  +1;
17449 +          WHEN( '0'  ) R_RESPOND0  = R_RESPOND0  +1;
17450 +       END;
17451 + END;
17452 +
17453 +****************************************************************;
17454 +******          END OF DECISION TREE SCORING CODE         ******;
17455 +****************************************************************;
17456 +
17457 +drop _LEAF_;
NOTE: %INCLUDE (level 1) ending.
17458  run;

NOTE: DATA STEP view saved on file EMWS3.TREE2_TRAIN.
NOTE: A stored DATA STEP view cannot run under a different operating system.
NOTE: DATA statement used (Total process time):
      real time           2.15 seconds
      cpu time            0.03 seconds
      

17459  quit;
17460  filename emflow;
NOTE: Fileref EMFLOW has been deassigned.

17461  filename emflow "\\Client\C$\Users\sonik\Documents\6201 - MBAD - Monica\Project\Predictive Analytics1\Workspaces\EMWS3\Tree2\EMFLOWSCORE.sas";
17462  *------------------------------------------------------------*;
17463  * Tree2: Scoring VALIDATE data;
17464  *------------------------------------------------------------*;
17465  data EMWS3.Tree2_VALIDATE
17466  / view=EMWS3.Tree2_VALIDATE
17467  ;
17468  set EMWS3.Part_VALIDATE
17469  ;
17470  %inc emflow;
NOTE: %INCLUDE (level 1) file EMFLOW is file \\Client\C$\Users\sonik\Documents\6201 - MBAD - Monica\Project\Predictive Analytics1\Workspaces\EMWS3\Tree2\EMFLOWSCORE.sas.
17471 +****************************************************************;
17472 +******             DECISION TREE SCORING CODE             ******;
17473 +****************************************************************;
17474 +
17475 +******         LENGTHS OF NEW CHARACTER VARIABLES         ******;
17476 +LENGTH F_RESPOND  $   12;
17477 +LENGTH I_RESPOND  $   12;
17478 +LENGTH _WARN_  $    4;
17479 +
17480 +******              LABELS FOR NEW VARIABLES              ******;
17481 +label _NODE_ = 'Node' ;
17482 +label _LEAF_ = 'Leaf' ;
17483 +label P_RESPOND1 = 'Predicted: RESPOND=1' ;
17484 +label P_RESPOND0 = 'Predicted: RESPOND=0' ;
17485 +label Q_RESPOND1 = 'Unadjusted P: RESPOND=1' ;
17486 +label Q_RESPOND0 = 'Unadjusted P: RESPOND=0' ;
17487 +label V_RESPOND1 = 'Validated: RESPOND=1' ;
17488 +label V_RESPOND0 = 'Validated: RESPOND=0' ;
17489 +label R_RESPOND1 = 'Residual: RESPOND=1' ;
17490 +label R_RESPOND0 = 'Residual: RESPOND=0' ;
17491 +label F_RESPOND = 'From: RESPOND' ;
17492 +label I_RESPOND = 'Into: RESPOND' ;
17493 +label U_RESPOND = 'Unnormalized Into: RESPOND' ;
17494 +label _WARN_ = 'Warnings' ;
17495 +
17496 +
17497 +******      TEMPORARY VARIABLES FOR FORMATTED VALUES      ******;
17498 +LENGTH _ARBFMT_12 $     12; DROP _ARBFMT_12;
17499 +_ARBFMT_12 = ' '; /* Initialize to avoid warning. */
17500 +
17501 +
17502 +_ARBFMT_12 = PUT( RESPOND , BEST12.);
17503 + %DMNORMCP( _ARBFMT_12, F_RESPOND );
17504 +
17505 +******             ASSIGN OBSERVATION TO NODE             ******;
17506 +IF  NOT MISSING(DOLL24 ) AND
17507 +                 121.2 <= DOLL24  THEN DO;
17508 +  IF  NOT MISSING(DEPT25 ) AND
17509 +                    32.5 <= DEPT25  THEN DO;
17510 +    _NODE_  =                    7;
17511 +    _LEAF_  =                    8;
17512 +    P_RESPOND1  =      0.4390243902439;
17513 +    P_RESPOND0  =     0.56097560975609;
17514 +    Q_RESPOND1  =      0.4390243902439;
17515 +    Q_RESPOND0  =     0.56097560975609;
17516 +    V_RESPOND1  =      0.3076923076923;
17517 +    V_RESPOND0  =     0.69230769230769;
17518 +    I_RESPOND  = '0' ;
17519 +    U_RESPOND  =                    0;
17520 +    END;
17521 +  ELSE DO;
17522 +    IF  NOT MISSING(FREQPRCH ) AND
17523 +                       8.5 <= FREQPRCH  THEN DO;
17524 +      _NODE_  =                   13;
17525 +      _LEAF_  =                    7;
17526 +      P_RESPOND1  =     0.17607413647851;
17527 +      P_RESPOND0  =     0.82392586352148;
17528 +      Q_RESPOND1  =     0.17607413647851;
17529 +      Q_RESPOND0  =     0.82392586352148;
17530 +      V_RESPOND1  =     0.17874396135265;
17531 +      V_RESPOND0  =     0.82125603864734;
17532 +      I_RESPOND  = '0' ;
17533 +      U_RESPOND  =                    0;
17534 +      END;
17535 +    ELSE DO;
17536 +      _NODE_  =                   12;
17537 +      _LEAF_  =                    6;
17538 +      P_RESPOND1  =     0.10013175230566;
17539 +      P_RESPOND0  =     0.89986824769433;
17540 +      Q_RESPOND1  =     0.10013175230566;
17541 +      Q_RESPOND0  =     0.89986824769433;
17542 +      V_RESPOND1  =       0.089590443686;
17543 +      V_RESPOND0  =     0.91040955631399;
17544 +      I_RESPOND  = '0' ;
17545 +      U_RESPOND  =                    0;
17546 +      END;
17547 +    END;
17548 +  END;
17549 +ELSE DO;
17550 +  IF  NOT MISSING(TENURE ) AND
17551 +    TENURE  <                  1.5 THEN DO;
17552 +    IF  NOT MISSING(DAYLAST ) AND
17553 +                      46.5 <= DAYLAST  THEN DO;
17554 +      _NODE_  =                    9;
17555 +      _LEAF_  =                    2;
17556 +      P_RESPOND1  =     0.11111111111111;
17557 +      P_RESPOND0  =     0.88888888888888;
17558 +      Q_RESPOND1  =     0.11111111111111;
17559 +      Q_RESPOND0  =     0.88888888888888;
17560 +      V_RESPOND1  =                    0;
17561 +      V_RESPOND0  =                    1;
17562 +      I_RESPOND  = '0' ;
17563 +      U_RESPOND  =                    0;
17564 +      END;
17565 +    ELSE DO;
17566 +      _NODE_  =                    8;
17567 +      _LEAF_  =                    1;
17568 +      P_RESPOND1  =     0.95454545454545;
17569 +      P_RESPOND0  =     0.04545454545454;
17570 +      Q_RESPOND1  =     0.95454545454545;
17571 +      Q_RESPOND0  =     0.04545454545454;
17572 +      V_RESPOND1  =                    1;
17573 +      V_RESPOND0  =                    0;
17574 +      I_RESPOND  = '1' ;
17575 +      U_RESPOND  =                    1;
17576 +      END;
17577 +    END;
17578 +  ELSE DO;
17579 +    IF  NOT MISSING(DOLL24 ) AND
17580 +                    23.975 <= DOLL24  THEN DO;
17581 +      IF  NOT MISSING(ACTBUY ) AND
17582 +                         1.5 <= ACTBUY  THEN DO;
17583 +        _NODE_  =                   19;
17584 +        _LEAF_  =                    5;
17585 +        P_RESPOND1  =     0.10306612486147;
17586 +        P_RESPOND0  =     0.89693387513852;
17587 +        Q_RESPOND1  =     0.10306612486147;
17588 +        Q_RESPOND0  =     0.89693387513852;
17589 +        V_RESPOND1  =     0.09674922600619;
17590 +        V_RESPOND0  =      0.9032507739938;
17591 +        I_RESPOND  = '0' ;
17592 +        U_RESPOND  =                    0;
17593 +        END;
17594 +      ELSE DO;
17595 +        _NODE_  =                   18;
17596 +        _LEAF_  =                    4;
17597 +        P_RESPOND1  =     0.05328917657684;
17598 +        P_RESPOND0  =     0.94671082342315;
17599 +        Q_RESPOND1  =     0.05328917657684;
17600 +        Q_RESPOND0  =     0.94671082342315;
17601 +        V_RESPOND1  =     0.05952028427598;
17602 +        V_RESPOND0  =     0.94047971572401;
17603 +        I_RESPOND  = '0' ;
17604 +        U_RESPOND  =                    0;
17605 +        END;
17606 +      END;
17607 +    ELSE DO;
17608 +      _NODE_  =                   10;
17609 +      _LEAF_  =                    3;
17610 +      P_RESPOND1  =     0.03609902631033;
17611 +      P_RESPOND0  =     0.96390097368966;
17612 +      Q_RESPOND1  =     0.03609902631033;
17613 +      Q_RESPOND0  =     0.96390097368966;
17614 +      V_RESPOND1  =     0.03674786591713;
17615 +      V_RESPOND0  =     0.96325213408286;
17616 +      I_RESPOND  = '0' ;
17617 +      U_RESPOND  =                    0;
17618 +      END;
17619 +    END;
17620 +  END;
17621 +
17622 +*****  RESIDUALS R_ *************;
17623 +IF  F_RESPOND  NE '1'
17624 +AND F_RESPOND  NE '0'  THEN DO;
17625 +        R_RESPOND1  = .;
17626 +        R_RESPOND0  = .;
17627 + END;
17628 + ELSE DO;
17629 +       R_RESPOND1  =  -P_RESPOND1 ;
17630 +       R_RESPOND0  =  -P_RESPOND0 ;
17631 +       SELECT( F_RESPOND  );
17632 +          WHEN( '1'  ) R_RESPOND1  = R_RESPOND1  +1;
17633 +          WHEN( '0'  ) R_RESPOND0  = R_RESPOND0  +1;
17634 +       END;
17635 + END;
17636 +
17637 +****************************************************************;
17638 +******          END OF DECISION TREE SCORING CODE         ******;
17639 +****************************************************************;
17640 +
17641 +drop _LEAF_;
NOTE: %INCLUDE (level 1) ending.
17642  run;

NOTE: DATA STEP view saved on file EMWS3.TREE2_VALIDATE.
NOTE: A stored DATA STEP view cannot run under a different operating system.
NOTE: DATA statement used (Total process time):
      real time           2.42 seconds
      cpu time            0.03 seconds
      

17643  quit;
17644  filename emflow;
NOTE: Fileref EMFLOW has been deassigned.

NOTE: View EMWS3.TREE2_TRAIN.VIEW used (Total process time):
      real time           0.57 seconds
      cpu time            0.03 seconds
      
17646  proc sort data=WORK.EM_USER_REPORT;
17647  by ID VIEW;
17648  run;

NOTE: There were 132 observations read from the data set WORK.EM_USER_REPORT.
NOTE: The data set WORK.EM_USER_REPORT has 132 observations and 4 variables.
NOTE: PROCEDURE SORT used (Total process time):
      real time           0.01 seconds
      cpu time            0.01 seconds
      

17649  *------------------------------------------------------------*;
17650  * Tree2: Computing metadata for TRAIN data;
17651  *------------------------------------------------------------*;

NOTE: View EMWS3.TREE2_TRAIN.VIEW used (Total process time):
      real time           0.56 seconds
      cpu time            0.03 seconds
      
18344  data EMWS3.Tree2_EMINFO;
18345  length TARGET KEY $32 DATA $43;
18346  input TARGET KEY DATA $;
18347  cards;

NOTE: The data set EMWS3.TREE2_EMINFO has 3 observations and 3 variables.
NOTE: DATA statement used (Total process time):
      real time           1.25 seconds
      cpu time            0.03 seconds
      

18351  run;
18352  proc sort data = EMWS3.Tree2_EMINFO NOTHREADS;
18353  by TARGET KEY;
18354  run;

NOTE: There were 3 observations read from the data set EMWS3.TREE2_EMINFO.
NOTE: The data set EMWS3.TREE2_EMINFO has 3 observations and 3 variables.
NOTE: PROCEDURE SORT used (Total process time):
      real time           1.92 seconds
      cpu time            0.04 seconds
      

18355  proc sort data = EMWS3.Ids_EMINFO OUT=WORK.SORTEDEMINFO NOTHREADS;
18356  by TARGET KEY;
18357  run;

NOTE: There were 3 observations read from the data set EMWS3.IDS_EMINFO.
NOTE: The data set WORK.SORTEDEMINFO has 3 observations and 3 variables.
NOTE: PROCEDURE SORT used (Total process time):
      real time           0.15 seconds
      cpu time            0.03 seconds
      

18358  proc sort data = EMWS3.Tree2_EMINFO OUT=WORK.TEMP_INFO NOTHREADS;
18359  by TARGET KEY;
18360  run;

NOTE: Input data set is already sorted; it has been copied to the output data set.
NOTE: There were 3 observations read from the data set EMWS3.TREE2_EMINFO.
NOTE: The data set WORK.TEMP_INFO has 3 observations and 3 variables.
NOTE: PROCEDURE SORT used (Total process time):
      real time           0.14 seconds
      cpu time            0.00 seconds
      

18361  data EMWS3.Tree2_EMINFO;
18362  merge WORK.SORTEDEMINFO WORK.TEMP_INFO;
18363  by TARGET KEY;
18364  run;

NOTE: There were 3 observations read from the data set WORK.SORTEDEMINFO.
NOTE: There were 3 observations read from the data set WORK.TEMP_INFO.
NOTE: The data set EMWS3.TREE2_EMINFO has 4 observations and 3 variables.
NOTE: DATA statement used (Total process time):
      real time           1.70 seconds
      cpu time            0.06 seconds
      

18365  proc datasets lib=work nolist;
18366  delete TEMP_INFO SORTEDEMINFO;
18367  run;

NOTE: Deleting WORK.TEMP_INFO (memtype=DATA).
NOTE: Deleting WORK.SORTEDEMINFO (memtype=DATA).
18368  quit;

NOTE: PROCEDURE DATASETS used (Total process time):
      real time           0.01 seconds
      cpu time            0.01 seconds
      

NOTE: View EMWS3.TREE2_TRAIN.VIEW used (Total process time):
      real time           0.54 seconds
      cpu time            0.03 seconds
      
NOTE: View EMWS3.TREE2_VALIDATE.VIEW used (Total process time):
      real time           0.54 seconds
      cpu time            0.04 seconds
      
