*------------------------------------------------------------*
* Report Log
Date:                December 12, 2017
Time:                11:41:23
*------------------------------------------------------------*
11443  *------------------------------------------------------------*;
11444  * Part: Computing statistics for class target variables;
11445  *------------------------------------------------------------*;
11446  ods listing close;
11447  ods output onewayfreqs=WORK.TEMPFREQ;
11448  proc freq data = EMWS5.Ids_DATA order=formatted addnames;
11449  table TargetBuy / missing;
11450  run;

NOTE: View EMWS5.IDS_DATA.VIEW used (Total process time):
      real time           0.04 seconds
      cpu time            0.04 seconds
      
NOTE: There were 22223 observations read from the data set BIA.ORGANICS.
NOTE: The data set WORK.TEMPFREQ has 2 observations and 8 variables.
NOTE: There were 22223 observations read from the data set EMWS5.IDS_DATA.
NOTE: PROCEDURE FREQ used (Total process time):
      real time           0.06 seconds
      cpu time            0.07 seconds
      

11451  quit;
11452  ods listing;
11453  data WORK.Part_BAR(keep=_VARIABLE_ TYPE COUNT PERCENT _X_ _XLABEL_);
11454  label _VARIABLE_ = "%sysfunc(sasmsg(sashelp.dmine, rpt_variable_vlabel, NOQUOTE))" Type = "%sysfunc(sasmsg(sashelp.dmine, rpt_type_vlabel,         NOQUOTE))" _X_ = "%sysfunc(sasmsg(sashelp.dmine, rpt_numValue_vlabel, NOQUOTE))" _XLABEL_ =
11455     "%sysfunc(sasmsg(sashelp.dmine, rpt_fmtValue_vlabel ,    NOQUOTE))" COUNT = "%sysfunc(sasmsg(sashelp.dmine, rpt_count_vlabel,        NOQUOTE))" PERCENT = "%sysfunc(sasmsg(sashelp.dmine, rpt_percent_vlabel,      NOQUOTE))";
11456  dsid = open("WORK.TEMPFREQ");
11457  varnum = varnum(dsid, 'VARIABLE');
11458  freqnum = varnum(dsid, 'FREQUENCY');
11459  pvarnum = varnum(dsid, 'PERCENT');
11460  typenum = varnum(dsid, '_TYPE_');
11461  length _VARIABLE_ $32 TYPE $1 _XLABEL_ $32;
11462  do while(^fetch(dsid));
11463  _VARIABLE_ = strip(getvarc(dsid, varnum));
11464  count = getvarn(dsid, freqnum);
11465  percent= getvarn(dsid, pvarnum);
11466  vvarnum = varnum(dsid, _VARIABLE_);
11467  type = vartype(dsid, vvarnum);
11468  fvarnum = varnum(dsid, 'F_'!!substr(_VARIABLE_, 1, 30));
11469  _XLABEL_ = left(getvarc(dsid, fvarnum));
11470  _X_ = .;
11471  if TYPE eq 'N' then _X_ = getvarn(dsid, vvarnum);
11472  output;
11473  end;
11474  dsid = close(dsid);
11475  run;

NOTE: The data set WORK.PART_BAR has 2 observations and 6 variables.
NOTE: DATA statement used (Total process time):
      real time           0.01 seconds
      cpu time            0.01 seconds
      

11476  proc sort data=WORK.Part_BAR NOTHREADS;
11477  by _VARIABLE_;
11478  run;

NOTE: There were 2 observations read from the data set WORK.PART_BAR.
NOTE: The data set WORK.PART_BAR has 2 observations and 6 variables.
NOTE: PROCEDURE SORT used (Total process time):
      real time           0.00 seconds
      cpu time            0.00 seconds
      

11479  proc sort data=WORK.M2J64CYN;
11480  by Name;
11481  run;

NOTE: There were 1 observations read from the data set WORK.M2J64CYN.
NOTE: The data set WORK.M2J64CYN has 1 observations and 21 variables.
NOTE: PROCEDURE SORT used (Total process time):
      real time           0.00 seconds
      cpu time            0.00 seconds
      

11482  data WORK.Part_BAR;
11483  merge WORK.Part_BAR(in=_a) WORK.M2J64CYN(keep=Name Label Role rename=(Name=_Variable_ Label=_Label_));
11484  by _Variable_;
11485  label Role = "%sysfunc(sasmsg(sashelp.dmine, meta_role_vlabel ,  NOQUOTE))";
11486  label Label = "%sysfunc(sasmsg(sashelp.dmine, meta_label_vlabel , NOQUOTE))";
11487  if _a then output;
11488  run;

NOTE: Variable Label is uninitialized.
WARNING: Multiple lengths were specified for the BY variable _VARIABLE_ by input data sets. This might cause unexpected results.
NOTE: There were 2 observations read from the data set WORK.PART_BAR.
NOTE: There were 1 observations read from the data set WORK.M2J64CYN.
NOTE: The data set WORK.PART_BAR has 2 observations and 8 variables.
NOTE: DATA statement used (Total process time):
      real time           0.01 seconds
      cpu time            0.01 seconds
      

11489  data EMWS5.Part_CLASS;
11490  length DATA $8;
11491  set WORK.Part_BAR;
11492  DATA = "DATA";
11493  run;

NOTE: There were 2 observations read from the data set WORK.PART_BAR.
NOTE: The data set EMWS5.PART_CLASS has 2 observations and 9 variables.
NOTE: DATA statement used (Total process time):
      real time           0.03 seconds
      cpu time            0.00 seconds
      

11494  *------------------------------------------------------------*;
11495  * Part: Computing statistics for interval target variables;
11496  *------------------------------------------------------------*;
11497  *------------------------------------------------------------*;
11498  * Part: Computing statistics for class target variables;
11499  *------------------------------------------------------------*;
11500  ods listing close;
11501  ods output onewayfreqs=WORK.TEMPFREQ;
11502  proc freq data = EMWS5.Part_TRAIN order=formatted addnames;
11503  table TargetBuy / missing;
11504  run;

NOTE: The data set WORK.TEMPFREQ has 2 observations and 8 variables.
NOTE: There were 14445 observations read from the data set EMWS5.PART_TRAIN.
NOTE: PROCEDURE FREQ used (Total process time):
      real time           0.01 seconds
      cpu time            0.00 seconds
      

11505  quit;
11506  ods listing;
11507  data WORK.Part_BAR(keep=_VARIABLE_ TYPE COUNT PERCENT _X_ _XLABEL_);
11508  label _VARIABLE_ = "%sysfunc(sasmsg(sashelp.dmine, rpt_variable_vlabel, NOQUOTE))" Type = "%sysfunc(sasmsg(sashelp.dmine, rpt_type_vlabel,         NOQUOTE))" _X_ = "%sysfunc(sasmsg(sashelp.dmine, rpt_numValue_vlabel, NOQUOTE))" _XLABEL_ =
11509     "%sysfunc(sasmsg(sashelp.dmine, rpt_fmtValue_vlabel ,    NOQUOTE))" COUNT = "%sysfunc(sasmsg(sashelp.dmine, rpt_count_vlabel,        NOQUOTE))" PERCENT = "%sysfunc(sasmsg(sashelp.dmine, rpt_percent_vlabel,      NOQUOTE))";
11510  dsid = open("WORK.TEMPFREQ");
11511  varnum = varnum(dsid, 'VARIABLE');
11512  freqnum = varnum(dsid, 'FREQUENCY');
11513  pvarnum = varnum(dsid, 'PERCENT');
11514  typenum = varnum(dsid, '_TYPE_');
11515  length _VARIABLE_ $32 TYPE $1 _XLABEL_ $32;
11516  do while(^fetch(dsid));
11517  _VARIABLE_ = strip(getvarc(dsid, varnum));
11518  count = getvarn(dsid, freqnum);
11519  percent= getvarn(dsid, pvarnum);
11520  vvarnum = varnum(dsid, _VARIABLE_);
11521  type = vartype(dsid, vvarnum);
11522  fvarnum = varnum(dsid, 'F_'!!substr(_VARIABLE_, 1, 30));
11523  _XLABEL_ = left(getvarc(dsid, fvarnum));
11524  _X_ = .;
11525  if TYPE eq 'N' then _X_ = getvarn(dsid, vvarnum);
11526  output;
11527  end;
11528  dsid = close(dsid);
11529  run;

NOTE: The data set WORK.PART_BAR has 2 observations and 6 variables.
NOTE: DATA statement used (Total process time):
      real time           0.01 seconds
      cpu time            0.01 seconds
      

11530  proc sort data=WORK.Part_BAR NOTHREADS;
11531  by _VARIABLE_;
11532  run;

NOTE: There were 2 observations read from the data set WORK.PART_BAR.
NOTE: The data set WORK.PART_BAR has 2 observations and 6 variables.
NOTE: PROCEDURE SORT used (Total process time):
      real time           0.00 seconds
      cpu time            0.00 seconds
      

11533  proc sort data=WORK.M2J64CYN;
11534  by Name;
11535  run;

NOTE: Input data set is already sorted, no sorting done.
NOTE: PROCEDURE SORT used (Total process time):
      real time           0.00 seconds
      cpu time            0.00 seconds
      

11536  data WORK.Part_BAR;
11537  merge WORK.Part_BAR(in=_a) WORK.M2J64CYN(keep=Name Label Role rename=(Name=_Variable_ Label=_Label_));
11538  by _Variable_;
11539  label Role = "%sysfunc(sasmsg(sashelp.dmine, meta_role_vlabel ,  NOQUOTE))";
11540  label Label = "%sysfunc(sasmsg(sashelp.dmine, meta_label_vlabel , NOQUOTE))";
11541  if _a then output;
11542  run;

NOTE: Variable Label is uninitialized.
WARNING: Multiple lengths were specified for the BY variable _VARIABLE_ by input data sets. This might cause unexpected results.
NOTE: There were 2 observations read from the data set WORK.PART_BAR.
NOTE: There were 1 observations read from the data set WORK.M2J64CYN.
NOTE: The data set WORK.PART_BAR has 2 observations and 8 variables.
NOTE: DATA statement used (Total process time):
      real time           0.01 seconds
      cpu time            0.01 seconds
      

11543  data WORK.Part_BAR;
11544  length DATA $8;
11545  set WORK.Part_BAR;
11546  DATA = "TRAIN";
11547  run;

NOTE: There were 2 observations read from the data set WORK.PART_BAR.
NOTE: The data set WORK.PART_BAR has 2 observations and 9 variables.
NOTE: DATA statement used (Total process time):
      real time           0.00 seconds
      cpu time            0.00 seconds
      

11548  data EMWS5.Part_CLASS;
11549  set EMWS5.Part_CLASS WORK.Part_BAR;
11550  run;

NOTE: There were 2 observations read from the data set EMWS5.PART_CLASS.
NOTE: There were 2 observations read from the data set WORK.PART_BAR.
NOTE: The data set EMWS5.PART_CLASS has 4 observations and 9 variables.
NOTE: DATA statement used (Total process time):
      real time           0.01 seconds
      cpu time            0.01 seconds
      

11551  *------------------------------------------------------------*;
11552  * Part: Computing statistics for interval target variables;
11553  *------------------------------------------------------------*;
11554  *------------------------------------------------------------*;
11555  * Part: Computing statistics for class target variables;
11556  *------------------------------------------------------------*;
11557  ods listing close;
11558  ods output onewayfreqs=WORK.TEMPFREQ;
11559  proc freq data = EMWS5.Part_VALIDATE order=formatted addnames;
11560  table TargetBuy / missing;
11561  run;

NOTE: The data set WORK.TEMPFREQ has 2 observations and 8 variables.
NOTE: There were 7778 observations read from the data set EMWS5.PART_VALIDATE.
NOTE: PROCEDURE FREQ used (Total process time):
      real time           0.01 seconds
      cpu time            0.00 seconds
      

11562  quit;
11563  ods listing;
11564  data WORK.Part_BAR(keep=_VARIABLE_ TYPE COUNT PERCENT _X_ _XLABEL_);
11565  label _VARIABLE_ = "%sysfunc(sasmsg(sashelp.dmine, rpt_variable_vlabel, NOQUOTE))" Type = "%sysfunc(sasmsg(sashelp.dmine, rpt_type_vlabel,         NOQUOTE))" _X_ = "%sysfunc(sasmsg(sashelp.dmine, rpt_numValue_vlabel, NOQUOTE))" _XLABEL_ =
11566     "%sysfunc(sasmsg(sashelp.dmine, rpt_fmtValue_vlabel ,    NOQUOTE))" COUNT = "%sysfunc(sasmsg(sashelp.dmine, rpt_count_vlabel,        NOQUOTE))" PERCENT = "%sysfunc(sasmsg(sashelp.dmine, rpt_percent_vlabel,      NOQUOTE))";
11567  dsid = open("WORK.TEMPFREQ");
11568  varnum = varnum(dsid, 'VARIABLE');
11569  freqnum = varnum(dsid, 'FREQUENCY');
11570  pvarnum = varnum(dsid, 'PERCENT');
11571  typenum = varnum(dsid, '_TYPE_');
11572  length _VARIABLE_ $32 TYPE $1 _XLABEL_ $32;
11573  do while(^fetch(dsid));
11574  _VARIABLE_ = strip(getvarc(dsid, varnum));
11575  count = getvarn(dsid, freqnum);
11576  percent= getvarn(dsid, pvarnum);
11577  vvarnum = varnum(dsid, _VARIABLE_);
11578  type = vartype(dsid, vvarnum);
11579  fvarnum = varnum(dsid, 'F_'!!substr(_VARIABLE_, 1, 30));
11580  _XLABEL_ = left(getvarc(dsid, fvarnum));
11581  _X_ = .;
11582  if TYPE eq 'N' then _X_ = getvarn(dsid, vvarnum);
11583  output;
11584  end;
11585  dsid = close(dsid);
11586  run;

NOTE: The data set WORK.PART_BAR has 2 observations and 6 variables.
NOTE: DATA statement used (Total process time):
      real time           0.01 seconds
      cpu time            0.01 seconds
      

11587  proc sort data=WORK.Part_BAR NOTHREADS;
11588  by _VARIABLE_;
11589  run;

NOTE: There were 2 observations read from the data set WORK.PART_BAR.
NOTE: The data set WORK.PART_BAR has 2 observations and 6 variables.
NOTE: PROCEDURE SORT used (Total process time):
      real time           0.00 seconds
      cpu time            0.00 seconds
      

11590  proc sort data=WORK.M2J64CYN;
11591  by Name;
11592  run;

NOTE: Input data set is already sorted, no sorting done.
NOTE: PROCEDURE SORT used (Total process time):
      real time           0.00 seconds
      cpu time            0.00 seconds
      

11593  data WORK.Part_BAR;
11594  merge WORK.Part_BAR(in=_a) WORK.M2J64CYN(keep=Name Label Role rename=(Name=_Variable_ Label=_Label_));
11595  by _Variable_;
11596  label Role = "%sysfunc(sasmsg(sashelp.dmine, meta_role_vlabel ,  NOQUOTE))";
11597  label Label = "%sysfunc(sasmsg(sashelp.dmine, meta_label_vlabel , NOQUOTE))";
11598  if _a then output;
11599  run;

NOTE: Variable Label is uninitialized.
WARNING: Multiple lengths were specified for the BY variable _VARIABLE_ by input data sets. This might cause unexpected results.
NOTE: There were 2 observations read from the data set WORK.PART_BAR.
NOTE: There were 1 observations read from the data set WORK.M2J64CYN.
NOTE: The data set WORK.PART_BAR has 2 observations and 8 variables.
NOTE: DATA statement used (Total process time):
      real time           0.01 seconds
      cpu time            0.01 seconds
      

11600  data WORK.Part_BAR;
11601  length DATA $8;
11602  set WORK.Part_BAR;
11603  DATA = "VALIDATE";
11604  run;

NOTE: There were 2 observations read from the data set WORK.PART_BAR.
NOTE: The data set WORK.PART_BAR has 2 observations and 9 variables.
NOTE: DATA statement used (Total process time):
      real time           0.00 seconds
      cpu time            0.00 seconds
      

11605  data EMWS5.Part_CLASS;
11606  set EMWS5.Part_CLASS WORK.Part_BAR;
11607  run;

NOTE: There were 4 observations read from the data set EMWS5.PART_CLASS.
NOTE: There were 2 observations read from the data set WORK.PART_BAR.
NOTE: The data set EMWS5.PART_CLASS has 6 observations and 9 variables.
NOTE: DATA statement used (Total process time):
      real time           0.06 seconds
      cpu time            0.00 seconds
      

11608  *------------------------------------------------------------*;
11609  * Part: Computing statistics for interval target variables;
11610  *------------------------------------------------------------*;
11611  data EMWS5.Part_CLASS(rename=(_VARIABLE_=VARIABLE _X_=VALUE _XLABEL_=FORMATTEDVALUE));
11612  label DATA = "%sysfunc(sasmsg(sashelp.dmine, rpt_data_vlabel ,   NOQUOTE))";
11613  set EMWS5.Part_CLASS;
11614  drop type role;
11615  run;

NOTE: There were 6 observations read from the data set EMWS5.PART_CLASS.
NOTE: The data set EMWS5.PART_CLASS has 6 observations and 7 variables.
NOTE: DATA statement used (Total process time):
      real time           0.03 seconds
      cpu time            0.01 seconds
      

11616  proc sort data=EMWS5.Part_CLASS NOTHREADS;
11617  by DATA;
11618  run;

NOTE: There were 6 observations read from the data set EMWS5.PART_CLASS.
NOTE: The data set EMWS5.PART_CLASS has 6 observations and 7 variables.
NOTE: PROCEDURE SORT used (Total process time):
      real time           0.03 seconds
      cpu time            0.00 seconds
      

11619  %let _cn = %sysfunc(getoption(CENTER));
11620  %let _nb = %sysfunc(getoption(NUMBER));
11621  options nonumber nocenter;
11622  proc print data=EMWS5.Part_CLASS noobs label;
11623  by DATA;
11624  title9 ' ';
11625  title10 "%sysfunc(sasmsg(sashelp.dmine, rpt_classTargetStats_title, NOQUOTE))";
11626  run;

NOTE: There were 6 observations read from the data set EMWS5.PART_CLASS.
NOTE: The PROCEDURE PRINT printed page 3.
NOTE: PROCEDURE PRINT used (Total process time):
      real time           0.01 seconds
      cpu time            0.00 seconds
      

11627  title10;
11628  options &_cn &_nb;

