NOTE: PROCEDURE PRINTTO used (Total process time):
      real time           0.51 seconds
      cpu time            0.00 seconds
      

NOTE: 1630309 kilobytes of physical memory.
NOTE: The subtree sequence contains 25 subtrees. The largest has 49 nodes and 25 leaves.
NOTE: Will use 32235 out of 32235 training cases.
NOTE: Using memory pool with 1645711360 bytes.
NOTE: The subtree sequence contains 25 subtrees. The largest has 49 nodes and 25 leaves.
NOTE: Using subtree with 49 nodes and 25 leaves.
NOTE: Created macro variable NLEAVES equal to 25.
NOTE: The data set EMWS3.TREE_OUTIMPORT has 90 observations and 6 variables.
NOTE: The data set EMWS3.TREE_EMTREE has 2238 observations and 4 variables.
NOTE: The data set EMWS3.TREE_OUTNODES has 49 observations and 24 variables.
NOTE: The data set EMWS3.TREE_OUTPATH has 324 observations and 7 variables.
NOTE: The data set EMWS3.TREE_OUTRULES has 631 observations and 6 variables.
NOTE: The data set EMWS3.TREE_OUTSEQ has 25 observations and 20 variables.
NOTE: The data set EMWS3.TREE_OUTSTATS has 343 observations and 5 variables.
NOTE: The data set EMWS3.TREE_OUTSUMMARY has 24 observations and 6 variables.
NOTE: The data set EMWS3.TREE_OUTTOPOLOGY has 49 observations and 5 variables.
NOTE: External file \\Client\C$\Users\sonik\Documents\6201 - MBAD - Monica\Project\Predictive Analytics1\Workspaces\EMWS3\Tree\TREEFLOW.sas opened.
NOTE: External file \\Client\C$\Users\sonik\Documents\6201 - MBAD - Monica\Project\Predictive Analytics1\Workspaces\EMWS3\Tree\TREEPUBLISH.sas opened.
NOTE: The data set WORK.FIT_TRAIN has 1 observations and 10 variables.
NOTE: The data set WORK.FIT_VALID has 1 observations and 8 variables.


NOTE: There were 32235 observations read from the data set EMWS3.PART_TRAIN.
NOTE: The data set WORK._NAMEDAT has 2 observations and 5 variables.
NOTE: PROCEDURE ARBOR used (Total process time):
      real time           1:33.79
      cpu time            1.46 seconds
      


NOTE: There were 1 observations read from the data set EMWS3.TREE_VARIABLESET.
      WHERE ROLE='TARGET';
NOTE: The data set WORK.TEMPTARGET has 1 observations and 21 variables.
NOTE: DATA statement used (Total process time):
      real time           0.20 seconds
      cpu time            0.04 seconds
      


NOTE: There were 1 observations read from the data set WORK.FIT_TRAIN.
NOTE: There were 1 observations read from the data set WORK.FIT_VALID.
NOTE: The data set EMWS3.TREE_EMOUTFIT has 1 observations and 16 variables.
NOTE: DATA statement used (Total process time):
      real time           1.59 seconds
      cpu time            0.01 seconds
      


NOTE: Deleting WORK.FIT_VALID (memtype=DATA).

NOTE: PROCEDURE DATASETS used (Total process time):
      real time           0.00 seconds
      cpu time            0.00 seconds
      


NOTE: Variable cvimportance is uninitialized.
NOTE: Variable nsurrogates is uninitialized.
NOTE: There were 2 observations read from the data set EMWS3.TREE_OUTIMPORT.
NOTE: DATA statement used (Total process time):
      real time           0.18 seconds
      cpu time            0.00 seconds
      


NOTE: There were 17 observations read from the data set EMWS3.TREE_OUTIMPORT.
      WHERE nrules>0;
NOTE: The PROCEDURE PRINT printed page 1.
NOTE: PROCEDURE PRINT used (Total process time):
      real time           0.13 seconds
      cpu time            0.00 seconds
      


NOTE: There were 324 observations read from the data set EMWS3.TREE_OUTPATH.
NOTE: The data set WORK.TEMPOUTPATH has 324 observations and 8 variables.
NOTE: DATA statement used (Total process time):
      real time           0.18 seconds
      cpu time            0.00 seconds
      


NOTE: There were 2 observations read from the data set EMWS3.IDS_RESPOND_DM.
      WHERE _TYPE_='PREDICTED';
NOTE: DATA statement used (Total process time):
      real time           0.15 seconds
      cpu time            0.03 seconds
      


NOTE: There were 2 observations read from the data set EMWS3.TREE_OUTNODES.
NOTE: DATA statement used (Total process time):
      real time           0.14 seconds
      cpu time            0.00 seconds
      


NOTE: There were 324 observations read from the data set WORK.TEMPOUTPATH.
NOTE: The data set WORK.TEMPOUTPATH has 324 observations and 8 variables.
NOTE: PROCEDURE SORT used (Total process time):
      real time           0.01 seconds
      cpu time            0.01 seconds
      


NOTE: There were 49 observations read from the data set EMWS3.TREE_OUTNODES.
NOTE: The data set WORK.OUTNODES has 49 observations and 24 variables.
NOTE: PROCEDURE SORT used (Total process time):
      real time           0.15 seconds
      cpu time            0.01 seconds
      


NOTE: There were 324 observations read from the data set WORK.TEMPOUTPATH.
NOTE: There were 49 observations read from the data set WORK.OUTNODES.
NOTE: The data set WORK.TEMPOUTPATH has 324 observations and 11 variables.
NOTE: DATA statement used (Total process time):
      real time           0.00 seconds
      cpu time            0.00 seconds
      


NOTE: There were 324 observations read from the data set WORK.TEMPOUTPATH.
NOTE: The data set WORK.TEMPOUTPATH has 324 observations and 11 variables.
NOTE: PROCEDURE SORT used (Total process time):
      real time           0.00 seconds
      cpu time            0.00 seconds
      


NOTE: Numeric values have been converted to character values at the places given by: (Line):(Column).
      218:176   228:190   374:191   381:195   
NOTE: The file X is:
      (no system-specific pathname available), 
      (no system-specific file attributes available)

NOTE: 348 records were written to the file X.
      The minimum record length was 1.
      The maximum record length was 71.
NOTE: There were 324 observations read from the data set WORK.TEMPOUTPATH.
NOTE: DATA statement used (Total process time):
      real time           0.43 seconds
      cpu time            0.01 seconds
      


NOTE: Deleting WORK.TEMPOUTPATH (memtype=DATA).
NOTE: Deleting WORK.OUTNODES (memtype=DATA).

NOTE: PROCEDURE DATASETS used (Total process time):
      real time           0.01 seconds
      cpu time            0.01 seconds
      


NOTE: The data set WORK.EM_USER_REPORT has 132 observations and 4 variables.
NOTE: DATA statement used (Total process time):
      real time           0.03 seconds
      cpu time            0.03 seconds
      

NOTE: Fileref X has been deassigned.

