NOTE: PROCEDURE PRINTTO used (Total process time):
      real time           0.00 seconds
      cpu time            0.00 seconds
      

Traverser: Traverser invoked.  MPCONNECT command is !sascmdv -nosyntaxcheck -noasynchio -noobjectserver. 
Traverser: Beginning flow traversal 
16067      data _null_;
MPRINT(EM_DIAGRAM):    data _null_;
16068      file emwipmsg;
MPRINT(EM_DIAGRAM):   file emwipmsg;
16069      put '<Node Id="Ids2" Event="Update" Pid="" Gridid=""/>';
MPRINT(EM_DIAGRAM):   put '<Node Id="Ids2" Event="Update" Pid="" Gridid=""/>';
16070      run;
MPRINT(EM_DIAGRAM):   run;

NOTE: The file EMWIPMSG is:
      Local Host Name=upitsctxsh013,
      Local Host IP addr=fe80::ad9e:c11f:9263:c1d4%12,
      Peer Hostname Name=upitsctxsh013.its.uncc.edu,
      Peer IP addr=127.0.0.1,Peer Name=N/A,
      Peer Portno=65183,Lrecl=32767,Recfm=Variable

NOTE: 1 record was written to the file EMWIPMSG.
      The minimum record length was 49.
      The maximum record length was 49.
NOTE: DATA statement used (Total process time):
      real time           0.01 seconds
      cpu time            0.01 seconds
      

16071      %let emloopmode =;
*------------------------------------------------------------* 
* 
* Ids2 : Beginning update before running 
* datetime : 28NOV2017:14:34:26 
* 
*------------------------------------------------------------* 
MPRINT(EM_DIAGRAM):     filename _emtool_ '\\filer.uncc.edu\home\hkatrag1\Project_lab\Predictive Analytics\Workspaces\EMWS1\Ids2\PROPERTIES.xml' encoding="UTF-8" NOBOM;
16073      %let _HPDMGRIDHOST=;
16074      %let _HPDMGRIDINSTALLLOC=;
16075      %let _HPDMGRIDDATASERVER=;
16076      %hpdm_gridSetOPtions;
MPRINT(EM_DIAGRAM):   
MPRINT(HPDM_GRIDSETOPTIONS):   data _null_;
MPRINT(HPDM_GRIDSETOPTIONS):   length optionString string $2000;
MPRINT(HPDM_GRIDSETOPTIONS):   optionString = reverse(getoption('SET'));
MPRINT(HPDM_GRIDSETOPTIONS):   index = index(optionString, reverse('GRIDHOST'));
MPRINT(HPDM_GRIDSETOPTIONS):   if index then do;
MPRINT(HPDM_GRIDSETOPTIONS):   string = reverse(substr(optionString, 1, index-4));
MPRINT(HPDM_GRIDSETOPTIONS):   host = '"'!!strip(tranwrd(scan(string, 1, ']'), '"', ''))!!'"';
MPRINT(HPDM_GRIDSETOPTIONS):   call symput('_HPDMGRIDHOST', strip(host));
MPRINT(HPDM_GRIDSETOPTIONS):   end;
MPRINT(HPDM_GRIDSETOPTIONS):   index = index(optionString, reverse('GRIDINSTALLLOC'));
MPRINT(HPDM_GRIDSETOPTIONS):   if index then do;
MPRINT(HPDM_GRIDSETOPTIONS):   string = reverse(substr(optionString, 1, index-4));
MPRINT(HPDM_GRIDSETOPTIONS):   install = '"'!!strip(tranwrd(scan(string, 1, ']'), '"', ''))!!'"';
MPRINT(HPDM_GRIDSETOPTIONS):   call symput('_HPDMGRIDINSTALLLOC', strip(install));
MPRINT(HPDM_GRIDSETOPTIONS):   end;
MPRINT(HPDM_GRIDSETOPTIONS):   index = index(optionString, reverse('GRIDDATASERVER'));
MPRINT(HPDM_GRIDSETOPTIONS):   if index then do;
MPRINT(HPDM_GRIDSETOPTIONS):   string = reverse(substr(optionString, 1, index-4));
MPRINT(HPDM_GRIDSETOPTIONS):   server = '"'!!strip(tranwrd(scan(string, 1, ']'), '"', ''))!!'"';
MPRINT(HPDM_GRIDSETOPTIONS):   call symput('_HPDMGRIDDATASERVER', strip(server));
MPRINT(HPDM_GRIDSETOPTIONS):   end;
MPRINT(HPDM_GRIDSETOPTIONS):   run;

NOTE: DATA statement used (Total process time):
      real time           0.00 seconds
      cpu time            0.00 seconds
      

MPRINT(EM_DIAGRAM):  ;

*------------------------------------------------------------* 
* 
* Ids2 : End update 
* datetime : 28NOV2017:14:34:26 
* 
*------------------------------------------------------------* 
16077      %let _emdsep = \;
16078      %em_getactionstatus(emlib =EMWS1, nodeid=Ids2);
MPRINT(EM_DIAGRAM):   
MPRINT(EM_GETACTIONSTATUS):   proc display c=sashelp.emutil.getactionstatus.scl;
MPRINT(EM_GETACTIONSTATUS):   run;

16079      %let em_Train = N;
16080      %let em_Score = N;
16081      %let em_Report = N;
16082      %let em_Run = N;
NOTE: PROCEDURE DISPLAY used (Total process time):
      real time           0.01 seconds
      cpu time            0.00 seconds
      

MPRINT(EM_GETACTIONSTATUS):   
MPRINT(EM_DIAGRAM):  ;

16083      data _null_;
MPRINT(EM_DIAGRAM):    data _null_;
16084      file emwipmsg;
MPRINT(EM_DIAGRAM):   file emwipmsg;
16085      put '<Node Id="Ids2" Event="Complete" Pid="" Gridid=""/>';
MPRINT(EM_DIAGRAM):   put '<Node Id="Ids2" Event="Complete" Pid="" Gridid=""/>';
16086      run;
MPRINT(EM_DIAGRAM):   run;

NOTE: The file EMWIPMSG is:
      Local Host Name=upitsctxsh013,
      Local Host IP addr=fe80::ad9e:c11f:9263:c1d4%12,
      Peer Hostname Name=upitsctxsh013.its.uncc.edu,
      Peer IP addr=127.0.0.1,Peer Name=N/A,
      Peer Portno=65183,Lrecl=32767,Recfm=Variable

NOTE: 1 record was written to the file EMWIPMSG.
      The minimum record length was 51.
      The maximum record length was 51.
NOTE: DATA statement used (Total process time):
      real time           0.01 seconds
      cpu time            0.01 seconds
      

16087      data _null_;
MPRINT(EM_DIAGRAM):    data _null_;
16088      run;
MPRINT(EM_DIAGRAM):   run;

NOTE: DATA statement used (Total process time):
      real time           0.00 seconds
      cpu time            0.00 seconds
      

Node "Ids2" is up to date and doesn't need to run. 
traverser_readyNode_note 
16089      data _null_;
MPRINT(EM_DIAGRAM):    data _null_;
16090      file emwipmsg;
MPRINT(EM_DIAGRAM):   file emwipmsg;
16091      put '<Node Id="EMCODE" Event="Update" Pid="" Gridid=""/>';
MPRINT(EM_DIAGRAM):   put '<Node Id="EMCODE" Event="Update" Pid="" Gridid=""/>';
16092      run;
MPRINT(EM_DIAGRAM):   run;

NOTE: The file EMWIPMSG is:
      Local Host Name=upitsctxsh013,
      Local Host IP addr=fe80::ad9e:c11f:9263:c1d4%12,
      Peer Hostname Name=upitsctxsh013.its.uncc.edu,
      Peer IP addr=127.0.0.1,Peer Name=N/A,
      Peer Portno=65183,Lrecl=32767,Recfm=Variable

NOTE: 1 record was written to the file EMWIPMSG.
      The minimum record length was 51.
      The maximum record length was 51.
NOTE: DATA statement used (Total process time):
      real time           0.00 seconds
      cpu time            0.00 seconds
      

16093      %let emloopmode =;
*------------------------------------------------------------* 
* 
* EMCODE : Beginning update before running 
* datetime : 28NOV2017:14:34:27 
* 
*------------------------------------------------------------* 
MPRINT(EM_DIAGRAM):     data WORK.EMCODE_FILTERSET;
MPRINT(EM_DIAGRAM):   length PORT $32 USE $1;
MPRINT(EM_DIAGRAM):   DROP DELTACODE APPLYDELTA APPLYSCORE IMPORTPORT;
MPRINT(EM_DIAGRAM):   set EMWS1.Ids2_exportSet ;
MPRINT(EM_DIAGRAM):   PORT = '';
MPRINT(EM_DIAGRAM):   USE = '';
MPRINT(EM_DIAGRAM):   where role in( "RAW" "TRAIN" "VALIDATE" "TEST" "SCORE" "TRANSACTION" "DOCUMENT" "RULES" "REPORTFIT" "RANK" "SCOREDIST" "ESTIMATE" "TREE" "CLUSSTAT" "CLUSMEAN" "VARMAP" ) and EXPORT = 'Y' ;
MPRINT(EM_DIAGRAM):   run;
MPRINT(EM_DIAGRAM):    filename _emtool_ '\\filer.uncc.edu\home\hkatrag1\Project_lab\Predictive Analytics\Workspaces\EMWS1\EMCODE\PROPERTIES.xml' encoding="UTF-8" NOBOM;
16125      %let _HPDMGRIDHOST=;
16126      %let _HPDMGRIDINSTALLLOC=;
16127      %let _HPDMGRIDDATASERVER=;
16128      %hpdm_gridSetOPtions;
MPRINT(EM_DIAGRAM):   
MPRINT(HPDM_GRIDSETOPTIONS):   data _null_;
MPRINT(HPDM_GRIDSETOPTIONS):   length optionString string $2000;
MPRINT(HPDM_GRIDSETOPTIONS):   optionString = reverse(getoption('SET'));
MPRINT(HPDM_GRIDSETOPTIONS):   index = index(optionString, reverse('GRIDHOST'));
MPRINT(HPDM_GRIDSETOPTIONS):   if index then do;
MPRINT(HPDM_GRIDSETOPTIONS):   string = reverse(substr(optionString, 1, index-4));
MPRINT(HPDM_GRIDSETOPTIONS):   host = '"'!!strip(tranwrd(scan(string, 1, ']'), '"', ''))!!'"';
MPRINT(HPDM_GRIDSETOPTIONS):   call symput('_HPDMGRIDHOST', strip(host));
MPRINT(HPDM_GRIDSETOPTIONS):   end;
MPRINT(HPDM_GRIDSETOPTIONS):   index = index(optionString, reverse('GRIDINSTALLLOC'));
MPRINT(HPDM_GRIDSETOPTIONS):   if index then do;
MPRINT(HPDM_GRIDSETOPTIONS):   string = reverse(substr(optionString, 1, index-4));
MPRINT(HPDM_GRIDSETOPTIONS):   install = '"'!!strip(tranwrd(scan(string, 1, ']'), '"', ''))!!'"';
MPRINT(HPDM_GRIDSETOPTIONS):   call symput('_HPDMGRIDINSTALLLOC', strip(install));
MPRINT(HPDM_GRIDSETOPTIONS):   end;
MPRINT(HPDM_GRIDSETOPTIONS):   index = index(optionString, reverse('GRIDDATASERVER'));
MPRINT(HPDM_GRIDSETOPTIONS):   if index then do;
MPRINT(HPDM_GRIDSETOPTIONS):   string = reverse(substr(optionString, 1, index-4));
MPRINT(HPDM_GRIDSETOPTIONS):   server = '"'!!strip(tranwrd(scan(string, 1, ']'), '"', ''))!!'"';
MPRINT(HPDM_GRIDSETOPTIONS):   call symput('_HPDMGRIDDATASERVER', strip(server));
MPRINT(HPDM_GRIDSETOPTIONS):   end;
MPRINT(HPDM_GRIDSETOPTIONS):   run;

NOTE: DATA statement used (Total process time):
      real time           0.01 seconds
      cpu time            0.01 seconds
      

MPRINT(EM_DIAGRAM):  ;

*------------------------------------------------------------* 
* 
* EMCODE : End update 
* datetime : 28NOV2017:14:34:27 
* 
*------------------------------------------------------------* 
16129      %let _emdsep = \;
16130      %em_getactionstatus(emlib =EMWS1, nodeid=EMCODE);
MPRINT(EM_DIAGRAM):   
MPRINT(EM_GETACTIONSTATUS):   proc display c=sashelp.emutil.getactionstatus.scl;
MPRINT(EM_GETACTIONSTATUS):   run;

16131      %let em_filemodtime=;
16132      data _null_;
MPRINT(EM_GETACTIONSTATUS):   data _null_;
16133      format modate best.;
MPRINT(EM_GETACTIONSTATUS):   format modate best.;
16134      set sashelp.Vextfl;
MPRINT(EM_GETACTIONSTATUS):   set sashelp.Vextfl;
16135      where fileref eq "#LN00153";
MPRINT(EM_GETACTIONSTATUS):   where fileref eq "#LN00153";
16136      call symput('EM_FILEMODTIME', put(modate, best.));
MPRINT(EM_GETACTIONSTATUS):   call symput('EM_FILEMODTIME', put(modate, best.));
16137      run;
MPRINT(EM_GETACTIONSTATUS):   run;

NOTE: There were 1 observations read from the data set SASHELP.VEXTFL.
      WHERE fileref='#LN00153';
NOTE: DATA statement used (Total process time):
      real time           0.01 seconds
      cpu time            0.01 seconds
      

16138      %symdel em_filemodtime;
WARNING: Attempt to delete macro variable EM_FILEMODTIME failed. Variable not found.
16139      %let em_filemodtime=;
16140      data _null_;
MPRINT(EM_GETACTIONSTATUS):     data _null_;
16141      format modate best.;
MPRINT(EM_GETACTIONSTATUS):   format modate best.;
16142      set sashelp.Vextfl;
MPRINT(EM_GETACTIONSTATUS):   set sashelp.Vextfl;
16143      where fileref eq "#LN00154";
MPRINT(EM_GETACTIONSTATUS):   where fileref eq "#LN00154";
16144      call symput('EM_FILEMODTIME', put(modate, best.));
MPRINT(EM_GETACTIONSTATUS):   call symput('EM_FILEMODTIME', put(modate, best.));
16145      run;
MPRINT(EM_GETACTIONSTATUS):   run;

NOTE: There were 1 observations read from the data set SASHELP.VEXTFL.
      WHERE fileref='#LN00154';
NOTE: DATA statement used (Total process time):
      real time           0.00 seconds
      cpu time            0.00 seconds
      

16146      %symdel em_filemodtime;
WARNING: Attempt to delete macro variable EM_FILEMODTIME failed. Variable not found.
16147      %let em_filemodtime=;
16148      data _null_;
MPRINT(EM_GETACTIONSTATUS):     data _null_;
16149      format modate best.;
MPRINT(EM_GETACTIONSTATUS):   format modate best.;
16150      set sashelp.Vextfl;
MPRINT(EM_GETACTIONSTATUS):   set sashelp.Vextfl;
16151      where fileref eq "#LN00155";
MPRINT(EM_GETACTIONSTATUS):   where fileref eq "#LN00155";
16152      call symput('EM_FILEMODTIME', put(modate, best.));
MPRINT(EM_GETACTIONSTATUS):   call symput('EM_FILEMODTIME', put(modate, best.));
16153      run;
MPRINT(EM_GETACTIONSTATUS):   run;

NOTE: There were 1 observations read from the data set SASHELP.VEXTFL.
      WHERE fileref='#LN00155';
NOTE: DATA statement used (Total process time):
      real time           0.00 seconds
      cpu time            0.00 seconds
      

16154      %symdel em_filemodtime;
WARNING: Attempt to delete macro variable EM_FILEMODTIME failed. Variable not found.
16155      %let em_Train = N;
16156      %let em_Score = N;
16157      %let em_Report = N;
16158      %let em_Run = N;
NOTE: PROCEDURE DISPLAY used (Total process time):
      real time           0.09 seconds
      cpu time            0.07 seconds
      

MPRINT(EM_GETACTIONSTATUS):     
MPRINT(EM_DIAGRAM):  ;

16159      data _null_;
MPRINT(EM_DIAGRAM):    data _null_;
16160      file emwipmsg;
MPRINT(EM_DIAGRAM):   file emwipmsg;
16161      put '<Node Id="EMCODE" Event="Complete" Pid="" Gridid=""/>';
MPRINT(EM_DIAGRAM):   put '<Node Id="EMCODE" Event="Complete" Pid="" Gridid=""/>';
16162      run;
MPRINT(EM_DIAGRAM):   run;

NOTE: The file EMWIPMSG is:
      Local Host Name=upitsctxsh013,
      Local Host IP addr=fe80::ad9e:c11f:9263:c1d4%12,
      Peer Hostname Name=upitsctxsh013.its.uncc.edu,
      Peer IP addr=127.0.0.1,Peer Name=N/A,
      Peer Portno=65183,Lrecl=32767,Recfm=Variable

NOTE: 1 record was written to the file EMWIPMSG.
      The minimum record length was 53.
      The maximum record length was 53.
NOTE: DATA statement used (Total process time):
      real time           0.00 seconds
      cpu time            0.00 seconds
      

16163      data _null_;
MPRINT(EM_DIAGRAM):    data _null_;
16164      run;
MPRINT(EM_DIAGRAM):   run;

NOTE: DATA statement used (Total process time):
      real time           0.01 seconds
      cpu time            0.01 seconds
      

Node "EMCODE" is up to date and doesn't need to run. 
Traverser: Run Completed 
16165      proc printto;
MPRINT(EM_DIAGRAM):    proc printto;
16166      run;
MPRINT(EM_DIAGRAM):   run;

